2018-10-03 00:04:31.893 INFO  com.itstyle.seckill.SeckillApplication Line:50  - Starting SeckillApplication on DESKTOP-JCQLQVG with PID 2916 (E:\ideaUI\seckill\target\classes started by 木本芽衣 in E:\ideaUI\seckill)
2018-10-03 00:04:31.949 INFO  com.itstyle.seckill.SeckillApplication Line:680 - No active profile set, falling back to default profiles: default
2018-10-03 00:04:32.119 INFO  org.springframework.boot.web.servlet.context.AnnotationConfigServletWebServerApplicationContext Line:590 - Refreshing org.springframework.boot.web.servlet.context.AnnotationConfigServletWebServerApplicationContext@1151e434: startup date [Wed Oct 03 00:04:32 CST 2018]; root of context hierarchy
2018-10-03 00:04:33.402 INFO  org.springframework.data.repository.config.RepositoryConfigurationDelegate Line:172 - Multiple Spring Data modules found, entering strict repository configuration mode!
2018-10-03 00:04:33.833 INFO  org.springframework.context.support.PostProcessorRegistrationDelegate$BeanPostProcessorChecker Line:326 - Bean 'org.springframework.kafka.annotation.KafkaBootstrapConfiguration' of type [org.springframework.kafka.annotation.KafkaBootstrapConfiguration$$EnhancerBySpringCGLIB$$2a4bac58] is not eligible for getting processed by all BeanPostProcessors (for example: not eligible for auto-proxying)
2018-10-03 00:04:33.865 INFO  org.springframework.context.support.PostProcessorRegistrationDelegate$BeanPostProcessorChecker Line:326 - Bean 'org.springframework.transaction.annotation.ProxyTransactionManagementConfiguration' of type [org.springframework.transaction.annotation.ProxyTransactionManagementConfiguration$$EnhancerBySpringCGLIB$$56999ad5] is not eligible for getting processed by all BeanPostProcessors (for example: not eligible for auto-proxying)
2018-10-03 00:04:34.269 INFO  org.springframework.boot.web.embedded.tomcat.TomcatWebServer Line:91  - Tomcat initialized with port(s): 8000 (http)
2018-10-03 00:04:34.290 INFO  org.apache.catalina.core.StandardService Line:180 - Starting service [Tomcat]
2018-10-03 00:04:34.291 INFO  org.apache.catalina.core.StandardEngine Line:180 - Starting Servlet Engine: Apache Tomcat/8.5.34
2018-10-03 00:04:34.296 INFO  org.apache.catalina.core.AprLifecycleListener Line:180 - The APR based Apache Tomcat Native library which allows optimal performance in production environments was not found on the java.library.path: [C:\Program Files\Java\jdk1.8.0_172\bin;C:\WINDOWS\Sun\Java\bin;C:\WINDOWS\system32;C:\WINDOWS;C:\Program Files\Java\jdk1.8.0_172\bin;C:\Program Files\Java\jdk1.8.0_172\jre\bin;C:\Program Files\MySQL\MySQL Server 8.0\bin;%CATALINA_HOME%\bin;C:\WINDOWS\system32;C:\WINDOWS;C:\WINDOWS\System32\Wbem;C:\WINDOWS\System32\WindowsPowerShell\v1.0\;C:\Program Files (x86)\maven\apache-maven-3.3.9\bin;E:\git\Git\cmd;C:\Program Files\spring-boot-cli-2.0.4.RELEASE-bin\spring-2.0.4.RELEASE\bin;C:\Users\董晶\AppData\Local\Microsoft\WindowsApps;;.]
2018-10-03 00:04:34.419 INFO  org.apache.catalina.core.ContainerBase.[Tomcat].[localhost].[/seckill] Line:180 - Initializing Spring embedded WebApplicationContext
2018-10-03 00:04:34.420 INFO  org.springframework.web.context.ContextLoader Line:285 - Root WebApplicationContext: initialization completed in 2301 ms
2018-10-03 00:04:34.482 INFO  org.springframework.boot.web.servlet.ServletRegistrationBean Line:187 - Servlet dispatcherServlet mapped to [/]
2018-10-03 00:04:34.488 INFO  org.springframework.boot.web.servlet.FilterRegistrationBean Line:245 - Mapping filter: 'characterEncodingFilter' to: [/*]
2018-10-03 00:04:34.489 INFO  org.springframework.boot.web.servlet.FilterRegistrationBean Line:245 - Mapping filter: 'hiddenHttpMethodFilter' to: [/*]
2018-10-03 00:04:34.490 INFO  org.springframework.boot.web.servlet.FilterRegistrationBean Line:245 - Mapping filter: 'httpPutFormContentFilter' to: [/*]
2018-10-03 00:04:34.490 INFO  org.springframework.boot.web.servlet.FilterRegistrationBean Line:245 - Mapping filter: 'requestContextFilter' to: [/*]
2018-10-03 00:04:34.798 INFO  org.springframework.web.servlet.view.freemarker.FreeMarkerConfigurer Line:131 - ClassTemplateLoader for Spring macros added to FreeMarker configuration
2018-10-03 00:04:35.449 INFO  org.springframework.web.servlet.mvc.method.annotation.RequestMappingHandlerMapping Line:549 - Mapped "{[/{url}.shtml]}" onto public java.lang.String com.itstyle.seckill.controller.config.IndexController.page(java.lang.String)
2018-10-03 00:04:35.450 INFO  org.springframework.web.servlet.mvc.method.annotation.RequestMappingHandlerMapping Line:549 - Mapped "{[/{module}/{url}.shtml]}" onto public java.lang.String com.itstyle.seckill.controller.config.IndexController.page(java.lang.String,java.lang.String)
2018-10-03 00:04:35.454 INFO  org.springframework.web.servlet.mvc.method.annotation.RequestMappingHandlerMapping Line:549 - Mapped "{[/createHtml/start],methods=[GET]}" onto public com.itstyle.seckill.pojo.Result com.itstyle.seckill.controller.CreateHtmlController.start()
2018-10-03 00:04:35.461 INFO  org.springframework.web.servlet.mvc.method.annotation.RequestMappingHandlerMapping Line:549 - Mapped "{[/seckill/start],methods=[GET]}" onto public com.itstyle.seckill.pojo.Result com.itstyle.seckill.controller.SeckillController.start(java.lang.Long)
2018-10-03 00:04:35.462 INFO  org.springframework.web.servlet.mvc.method.annotation.RequestMappingHandlerMapping Line:549 - Mapped "{[/seckill/test],methods=[GET]}" onto public java.lang.String com.itstyle.seckill.controller.SeckillController.test()
2018-10-03 00:04:35.463 INFO  org.springframework.web.servlet.mvc.method.annotation.RequestMappingHandlerMapping Line:549 - Mapped "{[/seckill/startLock],methods=[POST]}" onto public com.itstyle.seckill.pojo.Result com.itstyle.seckill.controller.SeckillController.startLock(java.lang.Long)
2018-10-03 00:04:35.464 INFO  org.springframework.web.servlet.mvc.method.annotation.RequestMappingHandlerMapping Line:549 - Mapped "{[/seckill/startAopLock],methods=[POST]}" onto public com.itstyle.seckill.pojo.Result com.itstyle.seckill.controller.SeckillController.startAopLock(java.lang.Long)
2018-10-03 00:04:35.465 INFO  org.springframework.web.servlet.mvc.method.annotation.RequestMappingHandlerMapping Line:549 - Mapped "{[/seckillPage/list],methods=[POST]}" onto public com.itstyle.seckill.pojo.Result com.itstyle.seckill.controller.SeckillPageController.list()
2018-10-03 00:04:35.474 INFO  org.springframework.web.servlet.mvc.method.annotation.RequestMappingHandlerMapping Line:549 - Mapped "{[/swagger-resources/configuration/security]}" onto public org.springframework.http.ResponseEntity<springfox.documentation.swagger.web.SecurityConfiguration> springfox.documentation.swagger.web.ApiResourceController.securityConfiguration()
2018-10-03 00:04:35.476 INFO  org.springframework.web.servlet.mvc.method.annotation.RequestMappingHandlerMapping Line:549 - Mapped "{[/swagger-resources/configuration/ui]}" onto public org.springframework.http.ResponseEntity<springfox.documentation.swagger.web.UiConfiguration> springfox.documentation.swagger.web.ApiResourceController.uiConfiguration()
2018-10-03 00:04:35.477 INFO  org.springframework.web.servlet.mvc.method.annotation.RequestMappingHandlerMapping Line:549 - Mapped "{[/swagger-resources]}" onto public org.springframework.http.ResponseEntity<java.util.List<springfox.documentation.swagger.web.SwaggerResource>> springfox.documentation.swagger.web.ApiResourceController.swaggerResources()
2018-10-03 00:04:35.484 INFO  org.springframework.web.servlet.mvc.method.annotation.RequestMappingHandlerMapping Line:549 - Mapped "{[/error]}" onto public org.springframework.http.ResponseEntity<java.util.Map<java.lang.String, java.lang.Object>> org.springframework.boot.autoconfigure.web.servlet.error.BasicErrorController.error(javax.servlet.http.HttpServletRequest)
2018-10-03 00:04:35.485 INFO  org.springframework.web.servlet.mvc.method.annotation.RequestMappingHandlerMapping Line:549 - Mapped "{[/error],produces=[text/html]}" onto public org.springframework.web.servlet.ModelAndView org.springframework.boot.autoconfigure.web.servlet.error.BasicErrorController.errorHtml(javax.servlet.http.HttpServletRequest,javax.servlet.http.HttpServletResponse)
2018-10-03 00:04:35.631 INFO  springfox.documentation.spring.web.PropertySourcedRequestMappingHandlerMapping Line:69  - Mapped URL path [/v2/api-docs] onto method [public org.springframework.http.ResponseEntity<springfox.documentation.spring.web.json.Json> springfox.documentation.swagger2.web.Swagger2Controller.getDocumentation(java.lang.String,javax.servlet.http.HttpServletRequest)]
2018-10-03 00:04:35.719 INFO  org.springframework.web.servlet.handler.SimpleUrlHandlerMapping Line:373 - Mapped URL path [/**/favicon.ico] onto handler of type [class org.springframework.web.servlet.resource.ResourceHttpRequestHandler]
2018-10-03 00:04:35.898 INFO  org.springframework.web.servlet.mvc.method.annotation.RequestMappingHandlerAdapter Line:588 - Looking for @ControllerAdvice: org.springframework.boot.web.servlet.context.AnnotationConfigServletWebServerApplicationContext@1151e434: startup date [Wed Oct 03 00:04:32 CST 2018]; root of context hierarchy
2018-10-03 00:04:35.932 INFO  org.springframework.web.servlet.handler.SimpleUrlHandlerMapping Line:360 - Root mapping to handler of type [class org.springframework.web.servlet.mvc.ParameterizableViewController]
2018-10-03 00:04:35.948 INFO  org.springframework.web.servlet.handler.SimpleUrlHandlerMapping Line:373 - Mapped URL path [/webjars/**] onto handler of type [class org.springframework.web.servlet.resource.ResourceHttpRequestHandler]
2018-10-03 00:04:35.948 INFO  org.springframework.web.servlet.handler.SimpleUrlHandlerMapping Line:373 - Mapped URL path [/**] onto handler of type [class org.springframework.web.servlet.resource.ResourceHttpRequestHandler]
2018-10-03 00:04:36.063 INFO  org.springframework.boot.autoconfigure.web.servlet.WelcomePageHandlerMapping Line:61  - Adding welcome page template: index
2018-10-03 00:04:36.091 INFO  tk.mybatis.mapper.autoconfigure.MapperCacheDisabler Line:60  - Clear tk.mybatis.mapper.util.MsUtil CLASS_CACHE cache.
2018-10-03 00:04:36.091 INFO  tk.mybatis.mapper.autoconfigure.MapperCacheDisabler Line:60  - Clear tk.mybatis.mapper.genid.GenIdUtil CACHE cache.
2018-10-03 00:04:36.092 INFO  tk.mybatis.mapper.autoconfigure.MapperCacheDisabler Line:60  - Clear tk.mybatis.mapper.version.VersionUtil CACHE cache.
2018-10-03 00:04:36.093 INFO  tk.mybatis.mapper.autoconfigure.MapperCacheDisabler Line:83  - Clear EntityHelper entityTableMap cache.
2018-10-03 00:04:36.593 INFO  org.springframework.web.socket.server.standard.ServerEndpointExporter Line:153 - Registering @ServerEndpoint class: class com.itstyle.seckill.controller.config.WebSocketServer
2018-10-03 00:04:36.601 INFO  org.springframework.jmx.export.annotation.AnnotationMBeanExporter Line:433 - Registering beans for JMX exposure on startup
2018-10-03 00:04:36.603 INFO  org.springframework.jmx.export.annotation.AnnotationMBeanExporter Line:895 - Bean with name 'dataSource' has been autodetected for JMX exposure
2018-10-03 00:04:36.611 INFO  org.springframework.jmx.export.annotation.AnnotationMBeanExporter Line:668 - Located MBean 'dataSource': registering with JMX server as MBean [com.zaxxer.hikari:name=dataSource,type=HikariDataSource]
2018-10-03 00:04:36.619 INFO  org.springframework.context.support.DefaultLifecycleProcessor Line:356 - Starting beans in phase 2147483547
2018-10-03 00:04:36.619 INFO  org.springframework.context.support.DefaultLifecycleProcessor Line:356 - Starting beans in phase 2147483647
2018-10-03 00:04:36.620 INFO  springfox.documentation.spring.web.plugins.DocumentationPluginsBootstrapper Line:160 - Context refreshed
2018-10-03 00:04:36.630 INFO  springfox.documentation.spring.web.plugins.DocumentationPluginsBootstrapper Line:163 - Found 1 custom documentation plugin(s)
2018-10-03 00:04:36.658 INFO  springfox.documentation.spring.web.scanners.ApiListingReferenceScanner Line:41  - Scanning for api listing references
2018-10-03 00:04:36.783 INFO  springfox.documentation.spring.web.readers.operation.CachingOperationNameGenerator Line:40  - Generating unique operation named: pageUsingGET_1
2018-10-03 00:04:36.785 INFO  springfox.documentation.spring.web.readers.operation.CachingOperationNameGenerator Line:40  - Generating unique operation named: pageUsingHEAD_1
2018-10-03 00:04:36.786 INFO  springfox.documentation.spring.web.readers.operation.CachingOperationNameGenerator Line:40  - Generating unique operation named: pageUsingPOST_1
2018-10-03 00:04:36.788 INFO  springfox.documentation.spring.web.readers.operation.CachingOperationNameGenerator Line:40  - Generating unique operation named: pageUsingPUT_1
2018-10-03 00:04:36.790 INFO  springfox.documentation.spring.web.readers.operation.CachingOperationNameGenerator Line:40  - Generating unique operation named: pageUsingPATCH_1
2018-10-03 00:04:36.792 INFO  springfox.documentation.spring.web.readers.operation.CachingOperationNameGenerator Line:40  - Generating unique operation named: pageUsingDELETE_1
2018-10-03 00:04:36.794 INFO  springfox.documentation.spring.web.readers.operation.CachingOperationNameGenerator Line:40  - Generating unique operation named: pageUsingOPTIONS_1
2018-10-03 00:04:36.795 INFO  springfox.documentation.spring.web.readers.operation.CachingOperationNameGenerator Line:40  - Generating unique operation named: pageUsingTRACE_1
2018-10-03 00:04:36.803 INFO  springfox.documentation.spring.web.readers.operation.CachingOperationNameGenerator Line:40  - Generating unique operation named: 版权所属：芦望阳_1
2018-10-03 00:04:36.806 INFO  springfox.documentation.spring.web.readers.operation.CachingOperationNameGenerator Line:40  - Generating unique operation named: 版权所属：芦望阳_2
2018-10-03 00:04:36.862 INFO  org.springframework.boot.web.embedded.tomcat.TomcatWebServer Line:206 - Tomcat started on port(s): 8000 (http) with context path '/seckill'
2018-10-03 00:04:36.870 INFO  com.itstyle.seckill.SeckillApplication Line:59  - Started SeckillApplication in 5.834 seconds (JVM running for 7.062)
2018-10-03 00:04:36.876 INFO  com.itstyle.seckill.SeckillApplication Line:22  - 项目启动
2018-10-03 16:26:10.045 INFO  com.itstyle.seckill.SeckillApplication Line:50  - Starting SeckillApplication on DESKTOP-JCQLQVG with PID 5876 (E:\ideaUI\seckill\target\classes started by 木本芽衣 in E:\ideaUI\seckill)
2018-10-03 16:26:10.051 INFO  com.itstyle.seckill.SeckillApplication Line:680 - No active profile set, falling back to default profiles: default
2018-10-03 16:26:10.157 INFO  org.springframework.boot.web.servlet.context.AnnotationConfigServletWebServerApplicationContext Line:590 - Refreshing org.springframework.boot.web.servlet.context.AnnotationConfigServletWebServerApplicationContext@1151e434: startup date [Wed Oct 03 16:26:10 CST 2018]; root of context hierarchy
2018-10-03 16:26:11.410 INFO  org.springframework.data.repository.config.RepositoryConfigurationDelegate Line:172 - Multiple Spring Data modules found, entering strict repository configuration mode!
2018-10-03 16:26:11.859 INFO  org.springframework.context.support.PostProcessorRegistrationDelegate$BeanPostProcessorChecker Line:326 - Bean 'org.springframework.kafka.annotation.KafkaBootstrapConfiguration' of type [org.springframework.kafka.annotation.KafkaBootstrapConfiguration$$EnhancerBySpringCGLIB$$dcd672c3] is not eligible for getting processed by all BeanPostProcessors (for example: not eligible for auto-proxying)
2018-10-03 16:26:11.887 INFO  org.springframework.context.support.PostProcessorRegistrationDelegate$BeanPostProcessorChecker Line:326 - Bean 'redisConfig' of type [com.itstyle.seckill.controller.config.RedisConfig$$EnhancerBySpringCGLIB$$3f857634] is not eligible for getting processed by all BeanPostProcessors (for example: not eligible for auto-proxying)
2018-10-03 16:26:11.900 INFO  org.springframework.context.support.PostProcessorRegistrationDelegate$BeanPostProcessorChecker Line:326 - Bean 'org.springframework.transaction.annotation.ProxyTransactionManagementConfiguration' of type [org.springframework.transaction.annotation.ProxyTransactionManagementConfiguration$$EnhancerBySpringCGLIB$$9246140] is not eligible for getting processed by all BeanPostProcessors (for example: not eligible for auto-proxying)
2018-10-03 16:26:11.933 INFO  org.springframework.context.support.PostProcessorRegistrationDelegate$BeanPostProcessorChecker Line:326 - Bean 'keyGenerator' of type [com.itstyle.seckill.controller.config.RedisConfig$1] is not eligible for getting processed by all BeanPostProcessors (for example: not eligible for auto-proxying)
2018-10-03 16:26:12.463 INFO  org.springframework.boot.web.embedded.tomcat.TomcatWebServer Line:91  - Tomcat initialized with port(s): 8000 (http)
2018-10-03 16:26:12.491 INFO  org.apache.catalina.core.StandardService Line:180 - Starting service [Tomcat]
2018-10-03 16:26:12.492 INFO  org.apache.catalina.core.StandardEngine Line:180 - Starting Servlet Engine: Apache Tomcat/8.5.34
2018-10-03 16:26:12.498 INFO  org.apache.catalina.core.AprLifecycleListener Line:180 - The APR based Apache Tomcat Native library which allows optimal performance in production environments was not found on the java.library.path: [C:\Program Files\Java\jdk1.8.0_172\bin;C:\WINDOWS\Sun\Java\bin;C:\WINDOWS\system32;C:\WINDOWS;C:\Program Files\Java\jdk1.8.0_172\bin;C:\Program Files\Java\jdk1.8.0_172\jre\bin;C:\Program Files\MySQL\MySQL Server 8.0\bin;%CATALINA_HOME%\bin;C:\WINDOWS\system32;C:\WINDOWS;C:\WINDOWS\System32\Wbem;C:\WINDOWS\System32\WindowsPowerShell\v1.0\;C:\Program Files (x86)\maven\apache-maven-3.3.9\bin;E:\git\Git\cmd;C:\Program Files\spring-boot-cli-2.0.4.RELEASE-bin\spring-2.0.4.RELEASE\bin;C:\Users\董晶\AppData\Local\Microsoft\WindowsApps;;.]
2018-10-03 16:26:12.639 INFO  org.apache.catalina.core.ContainerBase.[Tomcat].[localhost].[/seckill] Line:180 - Initializing Spring embedded WebApplicationContext
2018-10-03 16:26:12.639 INFO  org.springframework.web.context.ContextLoader Line:285 - Root WebApplicationContext: initialization completed in 2483 ms
2018-10-03 16:26:12.715 INFO  org.springframework.boot.web.servlet.ServletRegistrationBean Line:187 - Servlet dispatcherServlet mapped to [/]
2018-10-03 16:26:12.722 INFO  org.springframework.boot.web.servlet.FilterRegistrationBean Line:245 - Mapping filter: 'characterEncodingFilter' to: [/*]
2018-10-03 16:26:12.723 INFO  org.springframework.boot.web.servlet.FilterRegistrationBean Line:245 - Mapping filter: 'hiddenHttpMethodFilter' to: [/*]
2018-10-03 16:26:12.724 INFO  org.springframework.boot.web.servlet.FilterRegistrationBean Line:245 - Mapping filter: 'httpPutFormContentFilter' to: [/*]
2018-10-03 16:26:12.724 INFO  org.springframework.boot.web.servlet.FilterRegistrationBean Line:245 - Mapping filter: 'requestContextFilter' to: [/*]
2018-10-03 16:26:13.060 INFO  org.springframework.web.servlet.view.freemarker.FreeMarkerConfigurer Line:131 - ClassTemplateLoader for Spring macros added to FreeMarker configuration
2018-10-03 16:26:13.832 INFO  org.springframework.web.servlet.mvc.method.annotation.RequestMappingHandlerMapping Line:549 - Mapped "{[/{url}.shtml]}" onto public java.lang.String com.itstyle.seckill.controller.config.IndexController.page(java.lang.String)
2018-10-03 16:26:13.833 INFO  org.springframework.web.servlet.mvc.method.annotation.RequestMappingHandlerMapping Line:549 - Mapped "{[/{module}/{url}.shtml]}" onto public java.lang.String com.itstyle.seckill.controller.config.IndexController.page(java.lang.String,java.lang.String)
2018-10-03 16:26:13.836 INFO  org.springframework.web.servlet.mvc.method.annotation.RequestMappingHandlerMapping Line:549 - Mapped "{[/createHtml/start],methods=[GET]}" onto public com.itstyle.seckill.pojo.Result com.itstyle.seckill.controller.CreateHtmlController.start()
2018-10-03 16:26:13.839 INFO  org.springframework.web.servlet.mvc.method.annotation.RequestMappingHandlerMapping Line:549 - Mapped "{[/seckill/start],methods=[GET]}" onto public com.itstyle.seckill.pojo.Result com.itstyle.seckill.controller.SeckillController.start(java.lang.Long)
2018-10-03 16:26:13.839 INFO  org.springframework.web.servlet.mvc.method.annotation.RequestMappingHandlerMapping Line:549 - Mapped "{[/seckill/test],methods=[GET]}" onto public java.lang.String com.itstyle.seckill.controller.SeckillController.test()
2018-10-03 16:26:13.840 INFO  org.springframework.web.servlet.mvc.method.annotation.RequestMappingHandlerMapping Line:549 - Mapped "{[/seckill/startDBPCC_ONE],methods=[POST]}" onto public com.itstyle.seckill.pojo.Result com.itstyle.seckill.controller.SeckillController.startDBPCC_ONE(long)
2018-10-03 16:26:13.840 INFO  org.springframework.web.servlet.mvc.method.annotation.RequestMappingHandlerMapping Line:549 - Mapped "{[/seckill/startLock],methods=[POST]}" onto public com.itstyle.seckill.pojo.Result com.itstyle.seckill.controller.SeckillController.startLock(java.lang.Long)
2018-10-03 16:26:13.841 INFO  org.springframework.web.servlet.mvc.method.annotation.RequestMappingHandlerMapping Line:549 - Mapped "{[/seckill/startAopLock],methods=[POST]}" onto public com.itstyle.seckill.pojo.Result com.itstyle.seckill.controller.SeckillController.startAopLock(java.lang.Long)
2018-10-03 16:26:13.842 INFO  org.springframework.web.servlet.mvc.method.annotation.RequestMappingHandlerMapping Line:549 - Mapped "{[/seckillPage/list],methods=[POST]}" onto public com.itstyle.seckill.pojo.Result com.itstyle.seckill.controller.SeckillPageController.list()
2018-10-03 16:26:13.849 INFO  org.springframework.web.servlet.mvc.method.annotation.RequestMappingHandlerMapping Line:549 - Mapped "{[/swagger-resources/configuration/security]}" onto public org.springframework.http.ResponseEntity<springfox.documentation.swagger.web.SecurityConfiguration> springfox.documentation.swagger.web.ApiResourceController.securityConfiguration()
2018-10-03 16:26:13.850 INFO  org.springframework.web.servlet.mvc.method.annotation.RequestMappingHandlerMapping Line:549 - Mapped "{[/swagger-resources/configuration/ui]}" onto public org.springframework.http.ResponseEntity<springfox.documentation.swagger.web.UiConfiguration> springfox.documentation.swagger.web.ApiResourceController.uiConfiguration()
2018-10-03 16:26:13.851 INFO  org.springframework.web.servlet.mvc.method.annotation.RequestMappingHandlerMapping Line:549 - Mapped "{[/swagger-resources]}" onto public org.springframework.http.ResponseEntity<java.util.List<springfox.documentation.swagger.web.SwaggerResource>> springfox.documentation.swagger.web.ApiResourceController.swaggerResources()
2018-10-03 16:26:13.856 INFO  org.springframework.web.servlet.mvc.method.annotation.RequestMappingHandlerMapping Line:549 - Mapped "{[/error]}" onto public org.springframework.http.ResponseEntity<java.util.Map<java.lang.String, java.lang.Object>> org.springframework.boot.autoconfigure.web.servlet.error.BasicErrorController.error(javax.servlet.http.HttpServletRequest)
2018-10-03 16:26:13.857 INFO  org.springframework.web.servlet.mvc.method.annotation.RequestMappingHandlerMapping Line:549 - Mapped "{[/error],produces=[text/html]}" onto public org.springframework.web.servlet.ModelAndView org.springframework.boot.autoconfigure.web.servlet.error.BasicErrorController.errorHtml(javax.servlet.http.HttpServletRequest,javax.servlet.http.HttpServletResponse)
2018-10-03 16:26:14.020 INFO  springfox.documentation.spring.web.PropertySourcedRequestMappingHandlerMapping Line:69  - Mapped URL path [/v2/api-docs] onto method [public org.springframework.http.ResponseEntity<springfox.documentation.spring.web.json.Json> springfox.documentation.swagger2.web.Swagger2Controller.getDocumentation(java.lang.String,javax.servlet.http.HttpServletRequest)]
2018-10-03 16:26:14.153 INFO  org.springframework.web.servlet.handler.SimpleUrlHandlerMapping Line:373 - Mapped URL path [/**/favicon.ico] onto handler of type [class org.springframework.web.servlet.resource.ResourceHttpRequestHandler]
2018-10-03 16:26:14.342 INFO  org.springframework.web.servlet.mvc.method.annotation.RequestMappingHandlerAdapter Line:588 - Looking for @ControllerAdvice: org.springframework.boot.web.servlet.context.AnnotationConfigServletWebServerApplicationContext@1151e434: startup date [Wed Oct 03 16:26:10 CST 2018]; root of context hierarchy
2018-10-03 16:26:14.376 INFO  org.springframework.web.servlet.handler.SimpleUrlHandlerMapping Line:360 - Root mapping to handler of type [class org.springframework.web.servlet.mvc.ParameterizableViewController]
2018-10-03 16:26:14.392 INFO  org.springframework.web.servlet.handler.SimpleUrlHandlerMapping Line:373 - Mapped URL path [/webjars/**] onto handler of type [class org.springframework.web.servlet.resource.ResourceHttpRequestHandler]
2018-10-03 16:26:14.392 INFO  org.springframework.web.servlet.handler.SimpleUrlHandlerMapping Line:373 - Mapped URL path [/**] onto handler of type [class org.springframework.web.servlet.resource.ResourceHttpRequestHandler]
2018-10-03 16:26:14.526 INFO  org.springframework.boot.autoconfigure.web.servlet.WelcomePageHandlerMapping Line:61  - Adding welcome page template: index
2018-10-03 16:26:14.563 INFO  tk.mybatis.mapper.autoconfigure.MapperCacheDisabler Line:60  - Clear tk.mybatis.mapper.util.MsUtil CLASS_CACHE cache.
2018-10-03 16:26:14.564 INFO  tk.mybatis.mapper.autoconfigure.MapperCacheDisabler Line:60  - Clear tk.mybatis.mapper.genid.GenIdUtil CACHE cache.
2018-10-03 16:26:14.565 INFO  tk.mybatis.mapper.autoconfigure.MapperCacheDisabler Line:60  - Clear tk.mybatis.mapper.version.VersionUtil CACHE cache.
2018-10-03 16:26:14.567 INFO  tk.mybatis.mapper.autoconfigure.MapperCacheDisabler Line:83  - Clear EntityHelper entityTableMap cache.
2018-10-03 16:26:15.242 INFO  org.springframework.web.socket.server.standard.ServerEndpointExporter Line:153 - Registering @ServerEndpoint class: class com.itstyle.seckill.controller.config.WebSocketServer
2018-10-03 16:26:15.251 INFO  org.springframework.jmx.export.annotation.AnnotationMBeanExporter Line:433 - Registering beans for JMX exposure on startup
2018-10-03 16:26:15.254 INFO  org.springframework.jmx.export.annotation.AnnotationMBeanExporter Line:895 - Bean with name 'dataSource' has been autodetected for JMX exposure
2018-10-03 16:26:15.261 INFO  org.springframework.jmx.export.annotation.AnnotationMBeanExporter Line:668 - Located MBean 'dataSource': registering with JMX server as MBean [com.zaxxer.hikari:name=dataSource,type=HikariDataSource]
2018-10-03 16:26:15.269 INFO  org.springframework.context.support.DefaultLifecycleProcessor Line:356 - Starting beans in phase 2147483547
2018-10-03 16:26:15.270 INFO  org.springframework.context.support.DefaultLifecycleProcessor Line:356 - Starting beans in phase 2147483647
2018-10-03 16:26:15.270 INFO  springfox.documentation.spring.web.plugins.DocumentationPluginsBootstrapper Line:160 - Context refreshed
2018-10-03 16:26:15.286 INFO  springfox.documentation.spring.web.plugins.DocumentationPluginsBootstrapper Line:163 - Found 1 custom documentation plugin(s)
2018-10-03 16:26:15.318 INFO  springfox.documentation.spring.web.scanners.ApiListingReferenceScanner Line:41  - Scanning for api listing references
2018-10-03 16:26:15.467 INFO  springfox.documentation.spring.web.readers.operation.CachingOperationNameGenerator Line:40  - Generating unique operation named: pageUsingGET_1
2018-10-03 16:26:15.469 INFO  springfox.documentation.spring.web.readers.operation.CachingOperationNameGenerator Line:40  - Generating unique operation named: pageUsingHEAD_1
2018-10-03 16:26:15.472 INFO  springfox.documentation.spring.web.readers.operation.CachingOperationNameGenerator Line:40  - Generating unique operation named: pageUsingPOST_1
2018-10-03 16:26:15.473 INFO  springfox.documentation.spring.web.readers.operation.CachingOperationNameGenerator Line:40  - Generating unique operation named: pageUsingPUT_1
2018-10-03 16:26:15.475 INFO  springfox.documentation.spring.web.readers.operation.CachingOperationNameGenerator Line:40  - Generating unique operation named: pageUsingPATCH_1
2018-10-03 16:26:15.477 INFO  springfox.documentation.spring.web.readers.operation.CachingOperationNameGenerator Line:40  - Generating unique operation named: pageUsingDELETE_1
2018-10-03 16:26:15.478 INFO  springfox.documentation.spring.web.readers.operation.CachingOperationNameGenerator Line:40  - Generating unique operation named: pageUsingOPTIONS_1
2018-10-03 16:26:15.480 INFO  springfox.documentation.spring.web.readers.operation.CachingOperationNameGenerator Line:40  - Generating unique operation named: pageUsingTRACE_1
2018-10-03 16:26:15.489 INFO  springfox.documentation.spring.web.readers.operation.CachingOperationNameGenerator Line:40  - Generating unique operation named: 版权所属：芦望阳_1
2018-10-03 16:26:15.496 INFO  springfox.documentation.spring.web.readers.operation.CachingOperationNameGenerator Line:40  - Generating unique operation named: 版权所属：芦望阳_2
2018-10-03 16:26:15.543 INFO  org.springframework.boot.web.embedded.tomcat.TomcatWebServer Line:206 - Tomcat started on port(s): 8000 (http) with context path '/seckill'
2018-10-03 16:26:15.548 INFO  com.itstyle.seckill.SeckillApplication Line:59  - Started SeckillApplication in 6.835 seconds (JVM running for 8.283)
2018-10-03 16:26:15.551 INFO  com.itstyle.seckill.SeckillApplication Line:22  - 项目启动
2018-10-03 16:27:24.113 INFO  org.apache.catalina.core.ContainerBase.[Tomcat].[localhost].[/seckill] Line:180 - Initializing Spring FrameworkServlet 'dispatcherServlet'
2018-10-03 16:27:24.114 INFO  org.springframework.web.servlet.DispatcherServlet Line:494 - FrameworkServlet 'dispatcherServlet': initialization started
2018-10-03 16:27:24.136 INFO  org.springframework.web.servlet.DispatcherServlet Line:509 - FrameworkServlet 'dispatcherServlet': initialization completed in 22 ms
2018-10-03 16:27:24.817 INFO  com.zaxxer.hikari.HikariDataSource Line:110 - HikariPool-1 - Starting...
2018-10-03 16:27:25.240 INFO  com.zaxxer.hikari.HikariDataSource Line:123 - HikariPool-1 - Start completed.
