2018-10-02 11:32:33.982 INFO  com.itstyle.seckill.SeckillApplication Line:50  - Starting SeckillApplication on DESKTOP-JCQLQVG with PID 8816 (E:\ideaUI\seckill\target\classes started by 木本芽衣 in E:\ideaUI\seckill)
2018-10-02 11:32:34.029 INFO  com.itstyle.seckill.SeckillApplication Line:680 - No active profile set, falling back to default profiles: default
2018-10-02 11:32:34.116 INFO  org.springframework.boot.web.servlet.context.AnnotationConfigServletWebServerApplicationContext Line:590 - Refreshing org.springframework.boot.web.servlet.context.AnnotationConfigServletWebServerApplicationContext@27f981c6: startup date [Tue Oct 02 11:32:34 CST 2018]; root of context hierarchy
2018-10-02 11:32:35.344 INFO  org.springframework.data.repository.config.RepositoryConfigurationDelegate Line:172 - Multiple Spring Data modules found, entering strict repository configuration mode!
2018-10-02 11:32:35.770 INFO  org.springframework.context.support.PostProcessorRegistrationDelegate$BeanPostProcessorChecker Line:326 - Bean 'org.springframework.kafka.annotation.KafkaBootstrapConfiguration' of type [org.springframework.kafka.annotation.KafkaBootstrapConfiguration$$EnhancerBySpringCGLIB$$61423259] is not eligible for getting processed by all BeanPostProcessors (for example: not eligible for auto-proxying)
2018-10-02 11:32:35.802 INFO  org.springframework.context.support.PostProcessorRegistrationDelegate$BeanPostProcessorChecker Line:326 - Bean 'org.springframework.transaction.annotation.ProxyTransactionManagementConfiguration' of type [org.springframework.transaction.annotation.ProxyTransactionManagementConfiguration$$EnhancerBySpringCGLIB$$8d9020d6] is not eligible for getting processed by all BeanPostProcessors (for example: not eligible for auto-proxying)
2018-10-02 11:32:36.221 INFO  org.springframework.boot.web.embedded.tomcat.TomcatWebServer Line:91  - Tomcat initialized with port(s): 8000 (http)
2018-10-02 11:32:36.245 INFO  org.apache.catalina.core.StandardService Line:180 - Starting service [Tomcat]
2018-10-02 11:32:36.246 INFO  org.apache.catalina.core.StandardEngine Line:180 - Starting Servlet Engine: Apache Tomcat/8.5.34
2018-10-02 11:32:36.251 INFO  org.apache.catalina.core.AprLifecycleListener Line:180 - The APR based Apache Tomcat Native library which allows optimal performance in production environments was not found on the java.library.path: [C:\Program Files\Java\jdk1.8.0_172\bin;C:\WINDOWS\Sun\Java\bin;C:\WINDOWS\system32;C:\WINDOWS;C:\Program Files\Java\jdk1.8.0_172\bin;C:\Program Files\Java\jdk1.8.0_172\jre\bin;C:\Program Files\MySQL\MySQL Server 8.0\bin;%CATALINA_HOME%\bin;C:\WINDOWS\system32;C:\WINDOWS;C:\WINDOWS\System32\Wbem;C:\WINDOWS\System32\WindowsPowerShell\v1.0\;C:\Program Files (x86)\maven\apache-maven-3.3.9\bin;E:\git\Git\cmd;C:\Program Files\spring-boot-cli-2.0.4.RELEASE-bin\spring-2.0.4.RELEASE\bin;C:\Users\董晶\AppData\Local\Microsoft\WindowsApps;;.]
2018-10-02 11:32:36.388 INFO  org.apache.catalina.core.ContainerBase.[Tomcat].[localhost].[/seckill] Line:180 - Initializing Spring embedded WebApplicationContext
2018-10-02 11:32:36.388 INFO  org.springframework.web.context.ContextLoader Line:285 - Root WebApplicationContext: initialization completed in 2272 ms
2018-10-02 11:32:36.456 INFO  org.springframework.boot.web.servlet.ServletRegistrationBean Line:187 - Servlet dispatcherServlet mapped to [/]
2018-10-02 11:32:36.461 INFO  org.springframework.boot.web.servlet.FilterRegistrationBean Line:245 - Mapping filter: 'characterEncodingFilter' to: [/*]
2018-10-02 11:32:36.462 INFO  org.springframework.boot.web.servlet.FilterRegistrationBean Line:245 - Mapping filter: 'hiddenHttpMethodFilter' to: [/*]
2018-10-02 11:32:36.462 INFO  org.springframework.boot.web.servlet.FilterRegistrationBean Line:245 - Mapping filter: 'httpPutFormContentFilter' to: [/*]
2018-10-02 11:32:36.462 INFO  org.springframework.boot.web.servlet.FilterRegistrationBean Line:245 - Mapping filter: 'requestContextFilter' to: [/*]
2018-10-02 11:32:36.677 INFO  org.springframework.web.servlet.view.freemarker.FreeMarkerConfigurer Line:131 - ClassTemplateLoader for Spring macros added to FreeMarker configuration
2018-10-02 11:32:37.405 INFO  org.springframework.web.servlet.mvc.method.annotation.RequestMappingHandlerMapping Line:549 - Mapped "{[/{url}.shtml]}" onto public java.lang.String com.itstyle.seckill.controller.config.IndexController.page(java.lang.String)
2018-10-02 11:32:37.407 INFO  org.springframework.web.servlet.mvc.method.annotation.RequestMappingHandlerMapping Line:549 - Mapped "{[/{module}/{url}.shtml]}" onto public java.lang.String com.itstyle.seckill.controller.config.IndexController.page(java.lang.String,java.lang.String)
2018-10-02 11:32:37.410 INFO  org.springframework.web.servlet.mvc.method.annotation.RequestMappingHandlerMapping Line:549 - Mapped "{[/createHtml/start],methods=[GET]}" onto public com.itstyle.seckill.pojo.Result com.itstyle.seckill.controller.CreateHtmlController.start()
2018-10-02 11:32:37.413 INFO  org.springframework.web.servlet.mvc.method.annotation.RequestMappingHandlerMapping Line:549 - Mapped "{[/seckill/start],methods=[GET]}" onto public com.itstyle.seckill.pojo.Result com.itstyle.seckill.controller.SeckillController.start(java.lang.Long)
2018-10-02 11:32:37.413 INFO  org.springframework.web.servlet.mvc.method.annotation.RequestMappingHandlerMapping Line:549 - Mapped "{[/seckill/test],methods=[GET]}" onto public java.lang.String com.itstyle.seckill.controller.SeckillController.test()
2018-10-02 11:32:37.414 INFO  org.springframework.web.servlet.mvc.method.annotation.RequestMappingHandlerMapping Line:549 - Mapped "{[/seckill/startLock],methods=[POST]}" onto public com.itstyle.seckill.pojo.Result com.itstyle.seckill.controller.SeckillController.startLock(java.lang.Long)
2018-10-02 11:32:37.414 INFO  org.springframework.web.servlet.mvc.method.annotation.RequestMappingHandlerMapping Line:549 - Mapped "{[/seckillPage/list],methods=[POST]}" onto public com.itstyle.seckill.pojo.Result com.itstyle.seckill.controller.SeckillPageController.list()
2018-10-02 11:32:37.421 INFO  org.springframework.web.servlet.mvc.method.annotation.RequestMappingHandlerMapping Line:549 - Mapped "{[/swagger-resources/configuration/security]}" onto public org.springframework.http.ResponseEntity<springfox.documentation.swagger.web.SecurityConfiguration> springfox.documentation.swagger.web.ApiResourceController.securityConfiguration()
2018-10-02 11:32:37.422 INFO  org.springframework.web.servlet.mvc.method.annotation.RequestMappingHandlerMapping Line:549 - Mapped "{[/swagger-resources/configuration/ui]}" onto public org.springframework.http.ResponseEntity<springfox.documentation.swagger.web.UiConfiguration> springfox.documentation.swagger.web.ApiResourceController.uiConfiguration()
2018-10-02 11:32:37.422 INFO  org.springframework.web.servlet.mvc.method.annotation.RequestMappingHandlerMapping Line:549 - Mapped "{[/swagger-resources]}" onto public org.springframework.http.ResponseEntity<java.util.List<springfox.documentation.swagger.web.SwaggerResource>> springfox.documentation.swagger.web.ApiResourceController.swaggerResources()
2018-10-02 11:32:37.427 INFO  org.springframework.web.servlet.mvc.method.annotation.RequestMappingHandlerMapping Line:549 - Mapped "{[/error]}" onto public org.springframework.http.ResponseEntity<java.util.Map<java.lang.String, java.lang.Object>> org.springframework.boot.autoconfigure.web.servlet.error.BasicErrorController.error(javax.servlet.http.HttpServletRequest)
2018-10-02 11:32:37.428 INFO  org.springframework.web.servlet.mvc.method.annotation.RequestMappingHandlerMapping Line:549 - Mapped "{[/error],produces=[text/html]}" onto public org.springframework.web.servlet.ModelAndView org.springframework.boot.autoconfigure.web.servlet.error.BasicErrorController.errorHtml(javax.servlet.http.HttpServletRequest,javax.servlet.http.HttpServletResponse)
2018-10-02 11:32:37.562 INFO  springfox.documentation.spring.web.PropertySourcedRequestMappingHandlerMapping Line:69  - Mapped URL path [/v2/api-docs] onto method [public org.springframework.http.ResponseEntity<springfox.documentation.spring.web.json.Json> springfox.documentation.swagger2.web.Swagger2Controller.getDocumentation(java.lang.String,javax.servlet.http.HttpServletRequest)]
2018-10-02 11:32:37.655 INFO  org.springframework.web.servlet.handler.SimpleUrlHandlerMapping Line:373 - Mapped URL path [/**/favicon.ico] onto handler of type [class org.springframework.web.servlet.resource.ResourceHttpRequestHandler]
2018-10-02 11:32:37.849 INFO  org.springframework.web.servlet.mvc.method.annotation.RequestMappingHandlerAdapter Line:588 - Looking for @ControllerAdvice: org.springframework.boot.web.servlet.context.AnnotationConfigServletWebServerApplicationContext@27f981c6: startup date [Tue Oct 02 11:32:34 CST 2018]; root of context hierarchy
2018-10-02 11:32:37.884 INFO  org.springframework.web.servlet.handler.SimpleUrlHandlerMapping Line:360 - Root mapping to handler of type [class org.springframework.web.servlet.mvc.ParameterizableViewController]
2018-10-02 11:32:37.897 INFO  org.springframework.web.servlet.handler.SimpleUrlHandlerMapping Line:373 - Mapped URL path [/webjars/**] onto handler of type [class org.springframework.web.servlet.resource.ResourceHttpRequestHandler]
2018-10-02 11:32:37.898 INFO  org.springframework.web.servlet.handler.SimpleUrlHandlerMapping Line:373 - Mapped URL path [/**] onto handler of type [class org.springframework.web.servlet.resource.ResourceHttpRequestHandler]
2018-10-02 11:32:38.030 INFO  org.springframework.boot.autoconfigure.web.servlet.WelcomePageHandlerMapping Line:61  - Adding welcome page template: index
2018-10-02 11:32:38.060 INFO  tk.mybatis.mapper.autoconfigure.MapperCacheDisabler Line:60  - Clear tk.mybatis.mapper.util.MsUtil CLASS_CACHE cache.
2018-10-02 11:32:38.061 INFO  tk.mybatis.mapper.autoconfigure.MapperCacheDisabler Line:60  - Clear tk.mybatis.mapper.genid.GenIdUtil CACHE cache.
2018-10-02 11:32:38.062 INFO  tk.mybatis.mapper.autoconfigure.MapperCacheDisabler Line:60  - Clear tk.mybatis.mapper.version.VersionUtil CACHE cache.
2018-10-02 11:32:38.064 INFO  tk.mybatis.mapper.autoconfigure.MapperCacheDisabler Line:83  - Clear EntityHelper entityTableMap cache.
2018-10-02 11:32:38.677 INFO  org.springframework.jmx.export.annotation.AnnotationMBeanExporter Line:433 - Registering beans for JMX exposure on startup
2018-10-02 11:32:38.679 INFO  org.springframework.jmx.export.annotation.AnnotationMBeanExporter Line:895 - Bean with name 'dataSource' has been autodetected for JMX exposure
2018-10-02 11:32:38.687 INFO  org.springframework.jmx.export.annotation.AnnotationMBeanExporter Line:668 - Located MBean 'dataSource': registering with JMX server as MBean [com.zaxxer.hikari:name=dataSource,type=HikariDataSource]
2018-10-02 11:32:38.715 INFO  org.springframework.context.support.DefaultLifecycleProcessor Line:356 - Starting beans in phase 2147483547
2018-10-02 11:32:38.716 INFO  org.springframework.context.support.DefaultLifecycleProcessor Line:356 - Starting beans in phase 2147483647
2018-10-02 11:32:38.716 INFO  springfox.documentation.spring.web.plugins.DocumentationPluginsBootstrapper Line:160 - Context refreshed
2018-10-02 11:32:38.733 INFO  springfox.documentation.spring.web.plugins.DocumentationPluginsBootstrapper Line:163 - Found 1 custom documentation plugin(s)
2018-10-02 11:32:38.766 INFO  springfox.documentation.spring.web.scanners.ApiListingReferenceScanner Line:41  - Scanning for api listing references
2018-10-02 11:32:38.909 INFO  springfox.documentation.spring.web.readers.operation.CachingOperationNameGenerator Line:40  - Generating unique operation named: pageUsingGET_1
2018-10-02 11:32:38.910 INFO  springfox.documentation.spring.web.readers.operation.CachingOperationNameGenerator Line:40  - Generating unique operation named: pageUsingHEAD_1
2018-10-02 11:32:38.913 INFO  springfox.documentation.spring.web.readers.operation.CachingOperationNameGenerator Line:40  - Generating unique operation named: pageUsingPOST_1
2018-10-02 11:32:38.915 INFO  springfox.documentation.spring.web.readers.operation.CachingOperationNameGenerator Line:40  - Generating unique operation named: pageUsingPUT_1
2018-10-02 11:32:38.917 INFO  springfox.documentation.spring.web.readers.operation.CachingOperationNameGenerator Line:40  - Generating unique operation named: pageUsingPATCH_1
2018-10-02 11:32:38.919 INFO  springfox.documentation.spring.web.readers.operation.CachingOperationNameGenerator Line:40  - Generating unique operation named: pageUsingDELETE_1
2018-10-02 11:32:38.921 INFO  springfox.documentation.spring.web.readers.operation.CachingOperationNameGenerator Line:40  - Generating unique operation named: pageUsingOPTIONS_1
2018-10-02 11:32:38.923 INFO  springfox.documentation.spring.web.readers.operation.CachingOperationNameGenerator Line:40  - Generating unique operation named: pageUsingTRACE_1
2018-10-02 11:32:38.930 INFO  springfox.documentation.spring.web.readers.operation.CachingOperationNameGenerator Line:40  - Generating unique operation named: 版权所属：芦望阳_1
2018-10-02 11:32:38.980 INFO  org.springframework.boot.web.embedded.tomcat.TomcatWebServer Line:206 - Tomcat started on port(s): 8000 (http) with context path '/seckill'
2018-10-02 11:32:38.984 INFO  com.itstyle.seckill.SeckillApplication Line:59  - Started SeckillApplication in 6.075 seconds (JVM running for 7.035)
2018-10-02 11:32:38.988 INFO  com.itstyle.seckill.SeckillApplication Line:22  - 项目启动
2018-10-02 11:36:15.695 INFO  org.apache.catalina.core.ContainerBase.[Tomcat].[localhost].[/seckill] Line:180 - Initializing Spring FrameworkServlet 'dispatcherServlet'
2018-10-02 11:36:15.695 INFO  org.springframework.web.servlet.DispatcherServlet Line:494 - FrameworkServlet 'dispatcherServlet': initialization started
2018-10-02 11:36:15.716 INFO  org.springframework.web.servlet.DispatcherServlet Line:509 - FrameworkServlet 'dispatcherServlet': initialization completed in 21 ms
2018-10-02 11:36:16.348 INFO  com.zaxxer.hikari.HikariDataSource Line:110 - HikariPool-1 - Starting...
2018-10-02 11:36:16.786 INFO  com.zaxxer.hikari.HikariDataSource Line:123 - HikariPool-1 - Start completed.
2018-10-02 14:23:05.623 INFO  com.itstyle.seckill.SeckillApplication Line:50  - Starting SeckillApplication on DESKTOP-JCQLQVG with PID 10308 (E:\ideaUI\seckill\target\classes started by 木本芽衣 in E:\ideaUI\seckill)
2018-10-02 14:23:05.628 INFO  com.itstyle.seckill.SeckillApplication Line:680 - No active profile set, falling back to default profiles: default
2018-10-02 14:23:05.863 INFO  org.springframework.boot.web.servlet.context.AnnotationConfigServletWebServerApplicationContext Line:590 - Refreshing org.springframework.boot.web.servlet.context.AnnotationConfigServletWebServerApplicationContext@4659191b: startup date [Tue Oct 02 14:23:05 CST 2018]; root of context hierarchy
2018-10-02 14:23:07.353 INFO  org.springframework.data.repository.config.RepositoryConfigurationDelegate Line:172 - Multiple Spring Data modules found, entering strict repository configuration mode!
2018-10-02 14:23:07.484 INFO  org.springframework.beans.factory.support.DefaultListableBeanFactory Line:821 - Overriding bean definition for bean 'propertySourcesPlaceholderConfigurer' with a different definition: replacing [Root bean: class [org.springframework.boot.autoconfigure.context.PropertyPlaceholderAutoConfiguration]; scope=; abstract=false; lazyInit=false; autowireMode=3; dependencyCheck=0; autowireCandidate=true; primary=false; factoryBeanName=null; factoryMethodName=propertySourcesPlaceholderConfigurer; initMethodName=null; destroyMethodName=(inferred); defined in class path resource [org/springframework/boot/autoconfigure/context/PropertyPlaceholderAutoConfiguration.class]] with [Root bean: class [org.springframework.boot.autoconfigure.session.RedisSessionConfiguration$SpringBootRedisHttpSessionConfiguration]; scope=; abstract=false; lazyInit=false; autowireMode=3; dependencyCheck=0; autowireCandidate=true; primary=false; factoryBeanName=null; factoryMethodName=propertySourcesPlaceholderConfigurer; initMethodName=null; destroyMethodName=(inferred); defined in class path resource [org/springframework/boot/autoconfigure/session/RedisSessionConfiguration$SpringBootRedisHttpSessionConfiguration.class]]
2018-10-02 14:23:07.845 INFO  org.springframework.context.support.PostProcessorRegistrationDelegate$BeanPostProcessorChecker Line:326 - Bean 'org.springframework.kafka.annotation.KafkaBootstrapConfiguration' of type [org.springframework.kafka.annotation.KafkaBootstrapConfiguration$$EnhancerBySpringCGLIB$$385beb33] is not eligible for getting processed by all BeanPostProcessors (for example: not eligible for auto-proxying)
2018-10-02 14:23:07.890 INFO  org.springframework.context.support.PostProcessorRegistrationDelegate$BeanPostProcessorChecker Line:326 - Bean 'org.springframework.transaction.annotation.ProxyTransactionManagementConfiguration' of type [org.springframework.transaction.annotation.ProxyTransactionManagementConfiguration$$EnhancerBySpringCGLIB$$64a9d9b0] is not eligible for getting processed by all BeanPostProcessors (for example: not eligible for auto-proxying)
2018-10-02 14:23:08.247 INFO  org.springframework.boot.web.embedded.tomcat.TomcatWebServer Line:91  - Tomcat initialized with port(s): 8000 (http)
2018-10-02 14:23:08.268 INFO  org.apache.catalina.core.StandardService Line:180 - Starting service [Tomcat]
2018-10-02 14:23:08.269 INFO  org.apache.catalina.core.StandardEngine Line:180 - Starting Servlet Engine: Apache Tomcat/8.5.34
2018-10-02 14:23:08.273 INFO  org.apache.catalina.core.AprLifecycleListener Line:180 - The APR based Apache Tomcat Native library which allows optimal performance in production environments was not found on the java.library.path: [C:\Program Files\Java\jdk1.8.0_172\bin;C:\WINDOWS\Sun\Java\bin;C:\WINDOWS\system32;C:\WINDOWS;C:\Program Files\Java\jdk1.8.0_172\bin;C:\Program Files\Java\jdk1.8.0_172\jre\bin;C:\Program Files\MySQL\MySQL Server 8.0\bin;%CATALINA_HOME%\bin;C:\WINDOWS\system32;C:\WINDOWS;C:\WINDOWS\System32\Wbem;C:\WINDOWS\System32\WindowsPowerShell\v1.0\;C:\Program Files (x86)\maven\apache-maven-3.3.9\bin;E:\git\Git\cmd;C:\Program Files\spring-boot-cli-2.0.4.RELEASE-bin\spring-2.0.4.RELEASE\bin;C:\Users\董晶\AppData\Local\Microsoft\WindowsApps;;.]
2018-10-02 14:23:08.401 INFO  org.apache.catalina.core.ContainerBase.[Tomcat].[localhost].[/seckill] Line:180 - Initializing Spring embedded WebApplicationContext
2018-10-02 14:23:08.402 INFO  org.springframework.web.context.ContextLoader Line:285 - Root WebApplicationContext: initialization completed in 2539 ms
2018-10-02 14:23:08.478 INFO  org.apache.catalina.core.StandardService Line:180 - Stopping service [Tomcat]
2018-10-02 14:23:08.498 INFO  org.springframework.boot.autoconfigure.logging.ConditionEvaluationReportLoggingListener Line:101 - 

Error starting ApplicationContext. To display the conditions report re-run your application with 'debug' enabled.
2018-10-02 14:33:38.470 INFO  com.itstyle.seckill.SeckillApplication Line:50  - Starting SeckillApplication on DESKTOP-JCQLQVG with PID 8444 (E:\ideaUI\seckill\target\classes started by 木本芽衣 in E:\ideaUI\seckill)
2018-10-02 14:33:38.584 INFO  com.itstyle.seckill.SeckillApplication Line:680 - No active profile set, falling back to default profiles: default
2018-10-02 14:33:38.638 INFO  org.springframework.boot.web.servlet.context.AnnotationConfigServletWebServerApplicationContext Line:590 - Refreshing org.springframework.boot.web.servlet.context.AnnotationConfigServletWebServerApplicationContext@47d9a273: startup date [Tue Oct 02 14:33:38 CST 2018]; root of context hierarchy
2018-10-02 14:33:39.872 INFO  org.springframework.data.repository.config.RepositoryConfigurationDelegate Line:172 - Multiple Spring Data modules found, entering strict repository configuration mode!
2018-10-02 14:33:40.304 INFO  org.springframework.context.support.PostProcessorRegistrationDelegate$BeanPostProcessorChecker Line:326 - Bean 'org.springframework.kafka.annotation.KafkaBootstrapConfiguration' of type [org.springframework.kafka.annotation.KafkaBootstrapConfiguration$$EnhancerBySpringCGLIB$$5bec6dff] is not eligible for getting processed by all BeanPostProcessors (for example: not eligible for auto-proxying)
2018-10-02 14:33:40.336 INFO  org.springframework.context.support.PostProcessorRegistrationDelegate$BeanPostProcessorChecker Line:326 - Bean 'org.springframework.transaction.annotation.ProxyTransactionManagementConfiguration' of type [org.springframework.transaction.annotation.ProxyTransactionManagementConfiguration$$EnhancerBySpringCGLIB$$883a5c7c] is not eligible for getting processed by all BeanPostProcessors (for example: not eligible for auto-proxying)
2018-10-02 14:33:40.684 INFO  org.springframework.boot.web.embedded.tomcat.TomcatWebServer Line:91  - Tomcat initialized with port(s): 8000 (http)
2018-10-02 14:33:40.703 INFO  org.apache.catalina.core.StandardService Line:180 - Starting service [Tomcat]
2018-10-02 14:33:40.703 INFO  org.apache.catalina.core.StandardEngine Line:180 - Starting Servlet Engine: Apache Tomcat/8.5.34
2018-10-02 14:33:40.708 INFO  org.apache.catalina.core.AprLifecycleListener Line:180 - The APR based Apache Tomcat Native library which allows optimal performance in production environments was not found on the java.library.path: [C:\Program Files\Java\jdk1.8.0_172\bin;C:\WINDOWS\Sun\Java\bin;C:\WINDOWS\system32;C:\WINDOWS;C:\Program Files\Java\jdk1.8.0_172\bin;C:\Program Files\Java\jdk1.8.0_172\jre\bin;C:\Program Files\MySQL\MySQL Server 8.0\bin;%CATALINA_HOME%\bin;C:\WINDOWS\system32;C:\WINDOWS;C:\WINDOWS\System32\Wbem;C:\WINDOWS\System32\WindowsPowerShell\v1.0\;C:\Program Files (x86)\maven\apache-maven-3.3.9\bin;E:\git\Git\cmd;C:\Program Files\spring-boot-cli-2.0.4.RELEASE-bin\spring-2.0.4.RELEASE\bin;C:\Users\董晶\AppData\Local\Microsoft\WindowsApps;;.]
2018-10-02 14:33:40.833 INFO  org.apache.catalina.core.ContainerBase.[Tomcat].[localhost].[/seckill] Line:180 - Initializing Spring embedded WebApplicationContext
2018-10-02 14:33:40.833 INFO  org.springframework.web.context.ContextLoader Line:285 - Root WebApplicationContext: initialization completed in 2195 ms
2018-10-02 14:33:40.896 INFO  org.springframework.boot.web.servlet.ServletRegistrationBean Line:187 - Servlet dispatcherServlet mapped to [/]
2018-10-02 14:33:40.901 INFO  org.springframework.boot.web.servlet.FilterRegistrationBean Line:245 - Mapping filter: 'characterEncodingFilter' to: [/*]
2018-10-02 14:33:40.901 INFO  org.springframework.boot.web.servlet.FilterRegistrationBean Line:245 - Mapping filter: 'hiddenHttpMethodFilter' to: [/*]
2018-10-02 14:33:40.902 INFO  org.springframework.boot.web.servlet.FilterRegistrationBean Line:245 - Mapping filter: 'httpPutFormContentFilter' to: [/*]
2018-10-02 14:33:40.902 INFO  org.springframework.boot.web.servlet.FilterRegistrationBean Line:245 - Mapping filter: 'requestContextFilter' to: [/*]
2018-10-02 14:33:41.092 INFO  org.springframework.web.servlet.view.freemarker.FreeMarkerConfigurer Line:131 - ClassTemplateLoader for Spring macros added to FreeMarker configuration
2018-10-02 14:33:41.693 INFO  org.springframework.web.servlet.mvc.method.annotation.RequestMappingHandlerMapping Line:549 - Mapped "{[/{url}.shtml]}" onto public java.lang.String com.itstyle.seckill.controller.config.IndexController.page(java.lang.String)
2018-10-02 14:33:41.694 INFO  org.springframework.web.servlet.mvc.method.annotation.RequestMappingHandlerMapping Line:549 - Mapped "{[/{module}/{url}.shtml]}" onto public java.lang.String com.itstyle.seckill.controller.config.IndexController.page(java.lang.String,java.lang.String)
2018-10-02 14:33:41.696 INFO  org.springframework.web.servlet.mvc.method.annotation.RequestMappingHandlerMapping Line:549 - Mapped "{[/createHtml/start],methods=[GET]}" onto public com.itstyle.seckill.pojo.Result com.itstyle.seckill.controller.CreateHtmlController.start()
2018-10-02 14:33:41.699 INFO  org.springframework.web.servlet.mvc.method.annotation.RequestMappingHandlerMapping Line:549 - Mapped "{[/seckill/start],methods=[GET]}" onto public com.itstyle.seckill.pojo.Result com.itstyle.seckill.controller.SeckillController.start(java.lang.Long)
2018-10-02 14:33:41.700 INFO  org.springframework.web.servlet.mvc.method.annotation.RequestMappingHandlerMapping Line:549 - Mapped "{[/seckill/test],methods=[GET]}" onto public java.lang.String com.itstyle.seckill.controller.SeckillController.test()
2018-10-02 14:33:41.700 INFO  org.springframework.web.servlet.mvc.method.annotation.RequestMappingHandlerMapping Line:549 - Mapped "{[/seckill/startLock],methods=[POST]}" onto public com.itstyle.seckill.pojo.Result com.itstyle.seckill.controller.SeckillController.startLock(java.lang.Long)
2018-10-02 14:33:41.701 INFO  org.springframework.web.servlet.mvc.method.annotation.RequestMappingHandlerMapping Line:549 - Mapped "{[/seckillPage/list],methods=[POST]}" onto public com.itstyle.seckill.pojo.Result com.itstyle.seckill.controller.SeckillPageController.list()
2018-10-02 14:33:41.707 INFO  org.springframework.web.servlet.mvc.method.annotation.RequestMappingHandlerMapping Line:549 - Mapped "{[/swagger-resources]}" onto public org.springframework.http.ResponseEntity<java.util.List<springfox.documentation.swagger.web.SwaggerResource>> springfox.documentation.swagger.web.ApiResourceController.swaggerResources()
2018-10-02 14:33:41.708 INFO  org.springframework.web.servlet.mvc.method.annotation.RequestMappingHandlerMapping Line:549 - Mapped "{[/swagger-resources/configuration/ui]}" onto public org.springframework.http.ResponseEntity<springfox.documentation.swagger.web.UiConfiguration> springfox.documentation.swagger.web.ApiResourceController.uiConfiguration()
2018-10-02 14:33:41.709 INFO  org.springframework.web.servlet.mvc.method.annotation.RequestMappingHandlerMapping Line:549 - Mapped "{[/swagger-resources/configuration/security]}" onto public org.springframework.http.ResponseEntity<springfox.documentation.swagger.web.SecurityConfiguration> springfox.documentation.swagger.web.ApiResourceController.securityConfiguration()
2018-10-02 14:33:41.714 INFO  org.springframework.web.servlet.mvc.method.annotation.RequestMappingHandlerMapping Line:549 - Mapped "{[/error]}" onto public org.springframework.http.ResponseEntity<java.util.Map<java.lang.String, java.lang.Object>> org.springframework.boot.autoconfigure.web.servlet.error.BasicErrorController.error(javax.servlet.http.HttpServletRequest)
2018-10-02 14:33:41.714 INFO  org.springframework.web.servlet.mvc.method.annotation.RequestMappingHandlerMapping Line:549 - Mapped "{[/error],produces=[text/html]}" onto public org.springframework.web.servlet.ModelAndView org.springframework.boot.autoconfigure.web.servlet.error.BasicErrorController.errorHtml(javax.servlet.http.HttpServletRequest,javax.servlet.http.HttpServletResponse)
2018-10-02 14:33:41.846 INFO  springfox.documentation.spring.web.PropertySourcedRequestMappingHandlerMapping Line:69  - Mapped URL path [/v2/api-docs] onto method [public org.springframework.http.ResponseEntity<springfox.documentation.spring.web.json.Json> springfox.documentation.swagger2.web.Swagger2Controller.getDocumentation(java.lang.String,javax.servlet.http.HttpServletRequest)]
2018-10-02 14:33:41.931 INFO  org.springframework.web.servlet.handler.SimpleUrlHandlerMapping Line:373 - Mapped URL path [/**/favicon.ico] onto handler of type [class org.springframework.web.servlet.resource.ResourceHttpRequestHandler]
2018-10-02 14:33:42.102 INFO  org.springframework.web.servlet.mvc.method.annotation.RequestMappingHandlerAdapter Line:588 - Looking for @ControllerAdvice: org.springframework.boot.web.servlet.context.AnnotationConfigServletWebServerApplicationContext@47d9a273: startup date [Tue Oct 02 14:33:38 CST 2018]; root of context hierarchy
2018-10-02 14:33:42.131 INFO  org.springframework.web.servlet.handler.SimpleUrlHandlerMapping Line:360 - Root mapping to handler of type [class org.springframework.web.servlet.mvc.ParameterizableViewController]
2018-10-02 14:33:42.145 INFO  org.springframework.web.servlet.handler.SimpleUrlHandlerMapping Line:373 - Mapped URL path [/webjars/**] onto handler of type [class org.springframework.web.servlet.resource.ResourceHttpRequestHandler]
2018-10-02 14:33:42.145 INFO  org.springframework.web.servlet.handler.SimpleUrlHandlerMapping Line:373 - Mapped URL path [/**] onto handler of type [class org.springframework.web.servlet.resource.ResourceHttpRequestHandler]
2018-10-02 14:33:42.265 INFO  org.springframework.boot.autoconfigure.web.servlet.WelcomePageHandlerMapping Line:61  - Adding welcome page template: index
2018-10-02 14:33:42.294 INFO  tk.mybatis.mapper.autoconfigure.MapperCacheDisabler Line:60  - Clear tk.mybatis.mapper.util.MsUtil CLASS_CACHE cache.
2018-10-02 14:33:42.295 INFO  tk.mybatis.mapper.autoconfigure.MapperCacheDisabler Line:60  - Clear tk.mybatis.mapper.genid.GenIdUtil CACHE cache.
2018-10-02 14:33:42.296 INFO  tk.mybatis.mapper.autoconfigure.MapperCacheDisabler Line:60  - Clear tk.mybatis.mapper.version.VersionUtil CACHE cache.
2018-10-02 14:33:42.297 INFO  tk.mybatis.mapper.autoconfigure.MapperCacheDisabler Line:83  - Clear EntityHelper entityTableMap cache.
2018-10-02 14:33:42.847 INFO  org.springframework.web.socket.server.standard.ServerEndpointExporter Line:153 - Registering @ServerEndpoint class: class com.itstyle.seckill.controller.config.WebSocketServer
2018-10-02 14:33:42.858 INFO  org.springframework.jmx.export.annotation.AnnotationMBeanExporter Line:433 - Registering beans for JMX exposure on startup
2018-10-02 14:33:42.860 INFO  org.springframework.jmx.export.annotation.AnnotationMBeanExporter Line:895 - Bean with name 'dataSource' has been autodetected for JMX exposure
2018-10-02 14:33:42.867 INFO  org.springframework.jmx.export.annotation.AnnotationMBeanExporter Line:668 - Located MBean 'dataSource': registering with JMX server as MBean [com.zaxxer.hikari:name=dataSource,type=HikariDataSource]
2018-10-02 14:33:42.875 INFO  org.springframework.context.support.DefaultLifecycleProcessor Line:356 - Starting beans in phase 2147483547
2018-10-02 14:33:42.875 INFO  org.springframework.context.support.DefaultLifecycleProcessor Line:356 - Starting beans in phase 2147483647
2018-10-02 14:33:42.876 INFO  springfox.documentation.spring.web.plugins.DocumentationPluginsBootstrapper Line:160 - Context refreshed
2018-10-02 14:33:42.888 INFO  springfox.documentation.spring.web.plugins.DocumentationPluginsBootstrapper Line:163 - Found 1 custom documentation plugin(s)
2018-10-02 14:33:42.916 INFO  springfox.documentation.spring.web.scanners.ApiListingReferenceScanner Line:41  - Scanning for api listing references
2018-10-02 14:33:43.062 INFO  springfox.documentation.spring.web.readers.operation.CachingOperationNameGenerator Line:40  - Generating unique operation named: pageUsingGET_1
2018-10-02 14:33:43.065 INFO  springfox.documentation.spring.web.readers.operation.CachingOperationNameGenerator Line:40  - Generating unique operation named: pageUsingHEAD_1
2018-10-02 14:33:43.068 INFO  springfox.documentation.spring.web.readers.operation.CachingOperationNameGenerator Line:40  - Generating unique operation named: pageUsingPOST_1
2018-10-02 14:33:43.070 INFO  springfox.documentation.spring.web.readers.operation.CachingOperationNameGenerator Line:40  - Generating unique operation named: pageUsingPUT_1
2018-10-02 14:33:43.072 INFO  springfox.documentation.spring.web.readers.operation.CachingOperationNameGenerator Line:40  - Generating unique operation named: pageUsingPATCH_1
2018-10-02 14:33:43.075 INFO  springfox.documentation.spring.web.readers.operation.CachingOperationNameGenerator Line:40  - Generating unique operation named: pageUsingDELETE_1
2018-10-02 14:33:43.078 INFO  springfox.documentation.spring.web.readers.operation.CachingOperationNameGenerator Line:40  - Generating unique operation named: pageUsingOPTIONS_1
2018-10-02 14:33:43.079 INFO  springfox.documentation.spring.web.readers.operation.CachingOperationNameGenerator Line:40  - Generating unique operation named: pageUsingTRACE_1
2018-10-02 14:33:43.089 INFO  springfox.documentation.spring.web.readers.operation.CachingOperationNameGenerator Line:40  - Generating unique operation named: 版权所属：芦望阳_1
2018-10-02 14:33:43.132 INFO  org.springframework.boot.web.embedded.tomcat.TomcatWebServer Line:206 - Tomcat started on port(s): 8000 (http) with context path '/seckill'
2018-10-02 14:33:43.136 INFO  com.itstyle.seckill.SeckillApplication Line:59  - Started SeckillApplication in 5.453 seconds (JVM running for 6.455)
2018-10-02 14:33:43.139 INFO  com.itstyle.seckill.SeckillApplication Line:22  - 项目启动
2018-10-02 14:33:56.787 INFO  org.apache.catalina.core.ContainerBase.[Tomcat].[localhost].[/seckill] Line:180 - Initializing Spring FrameworkServlet 'dispatcherServlet'
2018-10-02 14:33:56.787 INFO  org.springframework.web.servlet.DispatcherServlet Line:494 - FrameworkServlet 'dispatcherServlet': initialization started
2018-10-02 14:33:56.806 INFO  org.springframework.web.servlet.DispatcherServlet Line:509 - FrameworkServlet 'dispatcherServlet': initialization completed in 18 ms
2018-10-02 14:34:51.085 INFO  com.zaxxer.hikari.HikariDataSource Line:110 - HikariPool-1 - Starting...
2018-10-02 14:34:51.211 INFO  com.zaxxer.hikari.HikariDataSource Line:123 - HikariPool-1 - Start completed.
2018-10-02 16:35:22.777 INFO  com.itstyle.seckill.SeckillApplication Line:50  - Starting SeckillApplication on DESKTOP-JCQLQVG with PID 11692 (E:\ideaUI\seckill\target\classes started by 木本芽衣 in E:\ideaUI\seckill)
2018-10-02 16:35:22.783 INFO  com.itstyle.seckill.SeckillApplication Line:680 - No active profile set, falling back to default profiles: default
2018-10-02 16:35:22.940 INFO  org.springframework.boot.web.servlet.context.AnnotationConfigServletWebServerApplicationContext Line:590 - Refreshing org.springframework.boot.web.servlet.context.AnnotationConfigServletWebServerApplicationContext@1151e434: startup date [Tue Oct 02 16:35:22 CST 2018]; root of context hierarchy
2018-10-02 16:35:24.022 INFO  org.springframework.data.repository.config.RepositoryConfigurationDelegate Line:172 - Multiple Spring Data modules found, entering strict repository configuration mode!
2018-10-02 16:35:24.475 INFO  org.springframework.context.support.PostProcessorRegistrationDelegate$BeanPostProcessorChecker Line:326 - Bean 'org.springframework.kafka.annotation.KafkaBootstrapConfiguration' of type [org.springframework.kafka.annotation.KafkaBootstrapConfiguration$$EnhancerBySpringCGLIB$$780b7c23] is not eligible for getting processed by all BeanPostProcessors (for example: not eligible for auto-proxying)
2018-10-02 16:35:24.504 INFO  org.springframework.context.support.PostProcessorRegistrationDelegate$BeanPostProcessorChecker Line:326 - Bean 'org.springframework.transaction.annotation.ProxyTransactionManagementConfiguration' of type [org.springframework.transaction.annotation.ProxyTransactionManagementConfiguration$$EnhancerBySpringCGLIB$$a4596aa0] is not eligible for getting processed by all BeanPostProcessors (for example: not eligible for auto-proxying)
2018-10-02 16:35:24.864 INFO  org.springframework.boot.web.embedded.tomcat.TomcatWebServer Line:91  - Tomcat initialized with port(s): 8000 (http)
2018-10-02 16:35:24.882 INFO  org.apache.catalina.core.StandardService Line:180 - Starting service [Tomcat]
2018-10-02 16:35:24.882 INFO  org.apache.catalina.core.StandardEngine Line:180 - Starting Servlet Engine: Apache Tomcat/8.5.34
2018-10-02 16:35:24.886 INFO  org.apache.catalina.core.AprLifecycleListener Line:180 - The APR based Apache Tomcat Native library which allows optimal performance in production environments was not found on the java.library.path: [C:\Program Files\Java\jdk1.8.0_172\bin;C:\WINDOWS\Sun\Java\bin;C:\WINDOWS\system32;C:\WINDOWS;C:\Program Files\Java\jdk1.8.0_172\bin;C:\Program Files\Java\jdk1.8.0_172\jre\bin;C:\Program Files\MySQL\MySQL Server 8.0\bin;%CATALINA_HOME%\bin;C:\WINDOWS\system32;C:\WINDOWS;C:\WINDOWS\System32\Wbem;C:\WINDOWS\System32\WindowsPowerShell\v1.0\;C:\Program Files (x86)\maven\apache-maven-3.3.9\bin;E:\git\Git\cmd;C:\Program Files\spring-boot-cli-2.0.4.RELEASE-bin\spring-2.0.4.RELEASE\bin;C:\Users\董晶\AppData\Local\Microsoft\WindowsApps;;.]
2018-10-02 16:35:25.014 INFO  org.apache.catalina.core.ContainerBase.[Tomcat].[localhost].[/seckill] Line:180 - Initializing Spring embedded WebApplicationContext
2018-10-02 16:35:25.014 INFO  org.springframework.web.context.ContextLoader Line:285 - Root WebApplicationContext: initialization completed in 2074 ms
2018-10-02 16:35:25.085 INFO  org.springframework.boot.web.servlet.ServletRegistrationBean Line:187 - Servlet dispatcherServlet mapped to [/]
2018-10-02 16:35:25.089 INFO  org.springframework.boot.web.servlet.FilterRegistrationBean Line:245 - Mapping filter: 'characterEncodingFilter' to: [/*]
2018-10-02 16:35:25.090 INFO  org.springframework.boot.web.servlet.FilterRegistrationBean Line:245 - Mapping filter: 'hiddenHttpMethodFilter' to: [/*]
2018-10-02 16:35:25.090 INFO  org.springframework.boot.web.servlet.FilterRegistrationBean Line:245 - Mapping filter: 'httpPutFormContentFilter' to: [/*]
2018-10-02 16:35:25.091 INFO  org.springframework.boot.web.servlet.FilterRegistrationBean Line:245 - Mapping filter: 'requestContextFilter' to: [/*]
2018-10-02 16:35:25.289 INFO  org.springframework.web.servlet.view.freemarker.FreeMarkerConfigurer Line:131 - ClassTemplateLoader for Spring macros added to FreeMarker configuration
2018-10-02 16:35:25.950 INFO  org.springframework.web.servlet.mvc.method.annotation.RequestMappingHandlerMapping Line:549 - Mapped "{[/{url}.shtml]}" onto public java.lang.String com.itstyle.seckill.controller.config.IndexController.page(java.lang.String)
2018-10-02 16:35:25.951 INFO  org.springframework.web.servlet.mvc.method.annotation.RequestMappingHandlerMapping Line:549 - Mapped "{[/{module}/{url}.shtml]}" onto public java.lang.String com.itstyle.seckill.controller.config.IndexController.page(java.lang.String,java.lang.String)
2018-10-02 16:35:25.954 INFO  org.springframework.web.servlet.mvc.method.annotation.RequestMappingHandlerMapping Line:549 - Mapped "{[/createHtml/start],methods=[GET]}" onto public com.itstyle.seckill.pojo.Result com.itstyle.seckill.controller.CreateHtmlController.start()
2018-10-02 16:35:25.958 INFO  org.springframework.web.servlet.mvc.method.annotation.RequestMappingHandlerMapping Line:549 - Mapped "{[/seckill/start],methods=[GET]}" onto public com.itstyle.seckill.pojo.Result com.itstyle.seckill.controller.SeckillController.start(java.lang.Long)
2018-10-02 16:35:25.959 INFO  org.springframework.web.servlet.mvc.method.annotation.RequestMappingHandlerMapping Line:549 - Mapped "{[/seckill/test],methods=[GET]}" onto public java.lang.String com.itstyle.seckill.controller.SeckillController.test()
2018-10-02 16:35:25.959 INFO  org.springframework.web.servlet.mvc.method.annotation.RequestMappingHandlerMapping Line:549 - Mapped "{[/seckill/startLock],methods=[POST]}" onto public com.itstyle.seckill.pojo.Result com.itstyle.seckill.controller.SeckillController.startLock(java.lang.Long)
2018-10-02 16:35:25.960 INFO  org.springframework.web.servlet.mvc.method.annotation.RequestMappingHandlerMapping Line:549 - Mapped "{[/seckill/startAopLock],methods=[POST]}" onto public com.itstyle.seckill.pojo.Result com.itstyle.seckill.controller.SeckillController.startAopLock(java.lang.Long)
2018-10-02 16:35:25.961 INFO  org.springframework.web.servlet.mvc.method.annotation.RequestMappingHandlerMapping Line:549 - Mapped "{[/seckillPage/list],methods=[POST]}" onto public com.itstyle.seckill.pojo.Result com.itstyle.seckill.controller.SeckillPageController.list()
2018-10-02 16:35:25.966 INFO  org.springframework.web.servlet.mvc.method.annotation.RequestMappingHandlerMapping Line:549 - Mapped "{[/swagger-resources/configuration/security]}" onto public org.springframework.http.ResponseEntity<springfox.documentation.swagger.web.SecurityConfiguration> springfox.documentation.swagger.web.ApiResourceController.securityConfiguration()
2018-10-02 16:35:25.967 INFO  org.springframework.web.servlet.mvc.method.annotation.RequestMappingHandlerMapping Line:549 - Mapped "{[/swagger-resources]}" onto public org.springframework.http.ResponseEntity<java.util.List<springfox.documentation.swagger.web.SwaggerResource>> springfox.documentation.swagger.web.ApiResourceController.swaggerResources()
2018-10-02 16:35:25.968 INFO  org.springframework.web.servlet.mvc.method.annotation.RequestMappingHandlerMapping Line:549 - Mapped "{[/swagger-resources/configuration/ui]}" onto public org.springframework.http.ResponseEntity<springfox.documentation.swagger.web.UiConfiguration> springfox.documentation.swagger.web.ApiResourceController.uiConfiguration()
2018-10-02 16:35:25.974 INFO  org.springframework.web.servlet.mvc.method.annotation.RequestMappingHandlerMapping Line:549 - Mapped "{[/error]}" onto public org.springframework.http.ResponseEntity<java.util.Map<java.lang.String, java.lang.Object>> org.springframework.boot.autoconfigure.web.servlet.error.BasicErrorController.error(javax.servlet.http.HttpServletRequest)
2018-10-02 16:35:25.974 INFO  org.springframework.web.servlet.mvc.method.annotation.RequestMappingHandlerMapping Line:549 - Mapped "{[/error],produces=[text/html]}" onto public org.springframework.web.servlet.ModelAndView org.springframework.boot.autoconfigure.web.servlet.error.BasicErrorController.errorHtml(javax.servlet.http.HttpServletRequest,javax.servlet.http.HttpServletResponse)
2018-10-02 16:35:26.109 INFO  springfox.documentation.spring.web.PropertySourcedRequestMappingHandlerMapping Line:69  - Mapped URL path [/v2/api-docs] onto method [public org.springframework.http.ResponseEntity<springfox.documentation.spring.web.json.Json> springfox.documentation.swagger2.web.Swagger2Controller.getDocumentation(java.lang.String,javax.servlet.http.HttpServletRequest)]
2018-10-02 16:35:26.193 INFO  org.springframework.web.servlet.handler.SimpleUrlHandlerMapping Line:373 - Mapped URL path [/**/favicon.ico] onto handler of type [class org.springframework.web.servlet.resource.ResourceHttpRequestHandler]
2018-10-02 16:35:26.365 INFO  org.springframework.web.servlet.mvc.method.annotation.RequestMappingHandlerAdapter Line:588 - Looking for @ControllerAdvice: org.springframework.boot.web.servlet.context.AnnotationConfigServletWebServerApplicationContext@1151e434: startup date [Tue Oct 02 16:35:22 CST 2018]; root of context hierarchy
2018-10-02 16:35:26.394 INFO  org.springframework.web.servlet.handler.SimpleUrlHandlerMapping Line:360 - Root mapping to handler of type [class org.springframework.web.servlet.mvc.ParameterizableViewController]
2018-10-02 16:35:26.409 INFO  org.springframework.web.servlet.handler.SimpleUrlHandlerMapping Line:373 - Mapped URL path [/webjars/**] onto handler of type [class org.springframework.web.servlet.resource.ResourceHttpRequestHandler]
2018-10-02 16:35:26.409 INFO  org.springframework.web.servlet.handler.SimpleUrlHandlerMapping Line:373 - Mapped URL path [/**] onto handler of type [class org.springframework.web.servlet.resource.ResourceHttpRequestHandler]
2018-10-02 16:35:26.528 INFO  org.springframework.boot.autoconfigure.web.servlet.WelcomePageHandlerMapping Line:61  - Adding welcome page template: index
2018-10-02 16:35:26.557 INFO  tk.mybatis.mapper.autoconfigure.MapperCacheDisabler Line:60  - Clear tk.mybatis.mapper.util.MsUtil CLASS_CACHE cache.
2018-10-02 16:35:26.558 INFO  tk.mybatis.mapper.autoconfigure.MapperCacheDisabler Line:60  - Clear tk.mybatis.mapper.genid.GenIdUtil CACHE cache.
2018-10-02 16:35:26.558 INFO  tk.mybatis.mapper.autoconfigure.MapperCacheDisabler Line:60  - Clear tk.mybatis.mapper.version.VersionUtil CACHE cache.
2018-10-02 16:35:26.560 INFO  tk.mybatis.mapper.autoconfigure.MapperCacheDisabler Line:83  - Clear EntityHelper entityTableMap cache.
2018-10-02 16:35:27.112 INFO  org.springframework.web.socket.server.standard.ServerEndpointExporter Line:153 - Registering @ServerEndpoint class: class com.itstyle.seckill.controller.config.WebSocketServer
2018-10-02 16:35:27.120 INFO  org.springframework.jmx.export.annotation.AnnotationMBeanExporter Line:433 - Registering beans for JMX exposure on startup
2018-10-02 16:35:27.122 INFO  org.springframework.jmx.export.annotation.AnnotationMBeanExporter Line:895 - Bean with name 'dataSource' has been autodetected for JMX exposure
2018-10-02 16:35:27.132 INFO  org.springframework.jmx.export.annotation.AnnotationMBeanExporter Line:668 - Located MBean 'dataSource': registering with JMX server as MBean [com.zaxxer.hikari:name=dataSource,type=HikariDataSource]
2018-10-02 16:35:27.138 INFO  org.springframework.context.support.DefaultLifecycleProcessor Line:356 - Starting beans in phase 2147483547
2018-10-02 16:35:27.139 INFO  org.springframework.context.support.DefaultLifecycleProcessor Line:356 - Starting beans in phase 2147483647
2018-10-02 16:35:27.139 INFO  springfox.documentation.spring.web.plugins.DocumentationPluginsBootstrapper Line:160 - Context refreshed
2018-10-02 16:35:27.150 INFO  springfox.documentation.spring.web.plugins.DocumentationPluginsBootstrapper Line:163 - Found 1 custom documentation plugin(s)
2018-10-02 16:35:27.180 INFO  springfox.documentation.spring.web.scanners.ApiListingReferenceScanner Line:41  - Scanning for api listing references
2018-10-02 16:35:27.353 INFO  springfox.documentation.spring.web.readers.operation.CachingOperationNameGenerator Line:40  - Generating unique operation named: pageUsingGET_1
2018-10-02 16:35:27.355 INFO  springfox.documentation.spring.web.readers.operation.CachingOperationNameGenerator Line:40  - Generating unique operation named: pageUsingHEAD_1
2018-10-02 16:35:27.356 INFO  springfox.documentation.spring.web.readers.operation.CachingOperationNameGenerator Line:40  - Generating unique operation named: pageUsingPOST_1
2018-10-02 16:35:27.358 INFO  springfox.documentation.spring.web.readers.operation.CachingOperationNameGenerator Line:40  - Generating unique operation named: pageUsingPUT_1
2018-10-02 16:35:27.360 INFO  springfox.documentation.spring.web.readers.operation.CachingOperationNameGenerator Line:40  - Generating unique operation named: pageUsingPATCH_1
2018-10-02 16:35:27.362 INFO  springfox.documentation.spring.web.readers.operation.CachingOperationNameGenerator Line:40  - Generating unique operation named: pageUsingDELETE_1
2018-10-02 16:35:27.364 INFO  springfox.documentation.spring.web.readers.operation.CachingOperationNameGenerator Line:40  - Generating unique operation named: pageUsingOPTIONS_1
2018-10-02 16:35:27.366 INFO  springfox.documentation.spring.web.readers.operation.CachingOperationNameGenerator Line:40  - Generating unique operation named: pageUsingTRACE_1
2018-10-02 16:35:27.372 INFO  springfox.documentation.spring.web.readers.operation.CachingOperationNameGenerator Line:40  - Generating unique operation named: 版权所属：芦望阳_1
2018-10-02 16:35:27.375 INFO  springfox.documentation.spring.web.readers.operation.CachingOperationNameGenerator Line:40  - Generating unique operation named: 版权所属：芦望阳_2
2018-10-02 16:35:27.415 INFO  org.springframework.boot.web.embedded.tomcat.TomcatWebServer Line:206 - Tomcat started on port(s): 8000 (http) with context path '/seckill'
2018-10-02 16:35:27.419 INFO  com.itstyle.seckill.SeckillApplication Line:59  - Started SeckillApplication in 5.384 seconds (JVM running for 6.345)
2018-10-02 16:35:27.424 INFO  com.itstyle.seckill.SeckillApplication Line:22  - 项目启动
2018-10-02 16:35:34.940 INFO  org.apache.catalina.core.ContainerBase.[Tomcat].[localhost].[/seckill] Line:180 - Initializing Spring FrameworkServlet 'dispatcherServlet'
2018-10-02 16:35:34.941 INFO  org.springframework.web.servlet.DispatcherServlet Line:494 - FrameworkServlet 'dispatcherServlet': initialization started
2018-10-02 16:35:34.960 INFO  org.springframework.web.servlet.DispatcherServlet Line:509 - FrameworkServlet 'dispatcherServlet': initialization completed in 19 ms
