2018-10-04 12:02:27.535 INFO  com.itstyle.seckill.SeckillApplication Line:50  - Starting SeckillApplication on DESKTOP-JCQLQVG with PID 12068 (E:\ideaUI\seckill\target\classes started by 木本芽衣 in E:\ideaUI\seckill)
2018-10-04 12:02:27.545 INFO  com.itstyle.seckill.SeckillApplication Line:680 - No active profile set, falling back to default profiles: default
2018-10-04 12:02:27.722 INFO  org.springframework.boot.web.servlet.context.AnnotationConfigServletWebServerApplicationContext Line:590 - Refreshing org.springframework.boot.web.servlet.context.AnnotationConfigServletWebServerApplicationContext@27f981c6: startup date [Thu Oct 04 12:02:27 CST 2018]; root of context hierarchy
2018-10-04 12:02:28.787 INFO  org.springframework.data.repository.config.RepositoryConfigurationDelegate Line:172 - Multiple Spring Data modules found, entering strict repository configuration mode!
2018-10-04 12:02:29.287 INFO  org.springframework.context.support.PostProcessorRegistrationDelegate$BeanPostProcessorChecker Line:326 - Bean 'org.springframework.kafka.annotation.KafkaBootstrapConfiguration' of type [org.springframework.kafka.annotation.KafkaBootstrapConfiguration$$EnhancerBySpringCGLIB$$2186d025] is not eligible for getting processed by all BeanPostProcessors (for example: not eligible for auto-proxying)
2018-10-04 12:02:29.309 INFO  org.springframework.context.support.PostProcessorRegistrationDelegate$BeanPostProcessorChecker Line:326 - Bean 'redisConfig' of type [com.itstyle.seckill.controller.config.RedisConfig$$EnhancerBySpringCGLIB$$8435d396] is not eligible for getting processed by all BeanPostProcessors (for example: not eligible for auto-proxying)
2018-10-04 12:02:29.323 INFO  org.springframework.context.support.PostProcessorRegistrationDelegate$BeanPostProcessorChecker Line:326 - Bean 'org.springframework.transaction.annotation.ProxyTransactionManagementConfiguration' of type [org.springframework.transaction.annotation.ProxyTransactionManagementConfiguration$$EnhancerBySpringCGLIB$$4dd4bea2] is not eligible for getting processed by all BeanPostProcessors (for example: not eligible for auto-proxying)
2018-10-04 12:02:29.356 INFO  org.springframework.context.support.PostProcessorRegistrationDelegate$BeanPostProcessorChecker Line:326 - Bean 'keyGenerator' of type [com.itstyle.seckill.controller.config.RedisConfig$1] is not eligible for getting processed by all BeanPostProcessors (for example: not eligible for auto-proxying)
2018-10-04 12:02:29.920 INFO  org.springframework.boot.web.embedded.tomcat.TomcatWebServer Line:91  - Tomcat initialized with port(s): 8000 (http)
2018-10-04 12:02:29.946 INFO  org.apache.catalina.core.StandardService Line:180 - Starting service [Tomcat]
2018-10-04 12:02:29.947 INFO  org.apache.catalina.core.StandardEngine Line:180 - Starting Servlet Engine: Apache Tomcat/8.5.34
2018-10-04 12:02:29.951 INFO  org.apache.catalina.core.AprLifecycleListener Line:180 - The APR based Apache Tomcat Native library which allows optimal performance in production environments was not found on the java.library.path: [C:\Program Files\Java\jdk1.8.0_172\bin;C:\WINDOWS\Sun\Java\bin;C:\WINDOWS\system32;C:\WINDOWS;C:\Program Files\Java\jdk1.8.0_172\bin;C:\Program Files\Java\jdk1.8.0_172\jre\bin;C:\Program Files\MySQL\MySQL Server 8.0\bin;%CATALINA_HOME%\bin;C:\WINDOWS\system32;C:\WINDOWS;C:\WINDOWS\System32\Wbem;C:\WINDOWS\System32\WindowsPowerShell\v1.0\;C:\Program Files (x86)\maven\apache-maven-3.3.9\bin;E:\git\Git\cmd;C:\Program Files\spring-boot-cli-2.0.4.RELEASE-bin\spring-2.0.4.RELEASE\bin;C:\Users\董晶\AppData\Local\Microsoft\WindowsApps;;.]
2018-10-04 12:02:30.078 INFO  org.apache.catalina.core.ContainerBase.[Tomcat].[localhost].[/seckill] Line:180 - Initializing Spring embedded WebApplicationContext
2018-10-04 12:02:30.078 INFO  org.springframework.web.context.ContextLoader Line:285 - Root WebApplicationContext: initialization completed in 2356 ms
2018-10-04 12:02:30.167 INFO  org.springframework.boot.web.servlet.ServletRegistrationBean Line:187 - Servlet dispatcherServlet mapped to [/]
2018-10-04 12:02:30.172 INFO  org.springframework.boot.web.servlet.FilterRegistrationBean Line:245 - Mapping filter: 'characterEncodingFilter' to: [/*]
2018-10-04 12:02:30.173 INFO  org.springframework.boot.web.servlet.FilterRegistrationBean Line:245 - Mapping filter: 'hiddenHttpMethodFilter' to: [/*]
2018-10-04 12:02:30.173 INFO  org.springframework.boot.web.servlet.FilterRegistrationBean Line:245 - Mapping filter: 'httpPutFormContentFilter' to: [/*]
2018-10-04 12:02:30.174 INFO  org.springframework.boot.web.servlet.FilterRegistrationBean Line:245 - Mapping filter: 'requestContextFilter' to: [/*]
2018-10-04 12:02:30.542 INFO  org.springframework.web.servlet.view.freemarker.FreeMarkerConfigurer Line:131 - ClassTemplateLoader for Spring macros added to FreeMarker configuration
2018-10-04 12:02:31.322 INFO  org.springframework.web.servlet.mvc.method.annotation.RequestMappingHandlerMapping Line:549 - Mapped "{[/{url}.shtml]}" onto public java.lang.String com.itstyle.seckill.controller.config.IndexController.page(java.lang.String)
2018-10-04 12:02:31.323 INFO  org.springframework.web.servlet.mvc.method.annotation.RequestMappingHandlerMapping Line:549 - Mapped "{[/{module}/{url}.shtml]}" onto public java.lang.String com.itstyle.seckill.controller.config.IndexController.page(java.lang.String,java.lang.String)
2018-10-04 12:02:31.326 INFO  org.springframework.web.servlet.mvc.method.annotation.RequestMappingHandlerMapping Line:549 - Mapped "{[/createHtml/start],methods=[GET]}" onto public com.itstyle.seckill.pojo.Result com.itstyle.seckill.controller.CreateHtmlController.start()
2018-10-04 12:02:31.330 INFO  org.springframework.web.servlet.mvc.method.annotation.RequestMappingHandlerMapping Line:549 - Mapped "{[/seckill/start],methods=[GET]}" onto public com.itstyle.seckill.pojo.Result com.itstyle.seckill.controller.SeckillController.start(java.lang.Long)
2018-10-04 12:02:31.330 INFO  org.springframework.web.servlet.mvc.method.annotation.RequestMappingHandlerMapping Line:549 - Mapped "{[/seckill/test],methods=[GET]}" onto public java.lang.String com.itstyle.seckill.controller.SeckillController.test()
2018-10-04 12:02:31.331 INFO  org.springframework.web.servlet.mvc.method.annotation.RequestMappingHandlerMapping Line:549 - Mapped "{[/seckill/startDBOCC],methods=[POST]}" onto public com.itstyle.seckill.pojo.Result com.itstyle.seckill.controller.SeckillController.startDBOCC(long)
2018-10-04 12:02:31.331 INFO  org.springframework.web.servlet.mvc.method.annotation.RequestMappingHandlerMapping Line:549 - Mapped "{[/seckill/startAopLock],methods=[POST]}" onto public com.itstyle.seckill.pojo.Result com.itstyle.seckill.controller.SeckillController.startAopLock(java.lang.Long)
2018-10-04 12:02:31.332 INFO  org.springframework.web.servlet.mvc.method.annotation.RequestMappingHandlerMapping Line:549 - Mapped "{[/seckill/startDBPCC_TWO],methods=[POST]}" onto public com.itstyle.seckill.pojo.Result com.itstyle.seckill.controller.SeckillController.startDBPCC_TWO(long)
2018-10-04 12:02:31.332 INFO  org.springframework.web.servlet.mvc.method.annotation.RequestMappingHandlerMapping Line:549 - Mapped "{[/seckill/startLock],methods=[POST]}" onto public com.itstyle.seckill.pojo.Result com.itstyle.seckill.controller.SeckillController.startLock(java.lang.Long)
2018-10-04 12:02:31.333 INFO  org.springframework.web.servlet.mvc.method.annotation.RequestMappingHandlerMapping Line:549 - Mapped "{[/seckill/startDBPCC_ONE],methods=[POST]}" onto public com.itstyle.seckill.pojo.Result com.itstyle.seckill.controller.SeckillController.startDBPCC_ONE(long)
2018-10-04 12:02:31.336 INFO  org.springframework.web.servlet.mvc.method.annotation.RequestMappingHandlerMapping Line:549 - Mapped "{[/seckillPage/list],methods=[POST]}" onto public com.itstyle.seckill.pojo.Result com.itstyle.seckill.controller.SeckillPageController.list()
2018-10-04 12:02:31.341 INFO  org.springframework.web.servlet.mvc.method.annotation.RequestMappingHandlerMapping Line:549 - Mapped "{[/swagger-resources/configuration/security]}" onto public org.springframework.http.ResponseEntity<springfox.documentation.swagger.web.SecurityConfiguration> springfox.documentation.swagger.web.ApiResourceController.securityConfiguration()
2018-10-04 12:02:31.342 INFO  org.springframework.web.servlet.mvc.method.annotation.RequestMappingHandlerMapping Line:549 - Mapped "{[/swagger-resources]}" onto public org.springframework.http.ResponseEntity<java.util.List<springfox.documentation.swagger.web.SwaggerResource>> springfox.documentation.swagger.web.ApiResourceController.swaggerResources()
2018-10-04 12:02:31.344 INFO  org.springframework.web.servlet.mvc.method.annotation.RequestMappingHandlerMapping Line:549 - Mapped "{[/swagger-resources/configuration/ui]}" onto public org.springframework.http.ResponseEntity<springfox.documentation.swagger.web.UiConfiguration> springfox.documentation.swagger.web.ApiResourceController.uiConfiguration()
2018-10-04 12:02:31.349 INFO  org.springframework.web.servlet.mvc.method.annotation.RequestMappingHandlerMapping Line:549 - Mapped "{[/error]}" onto public org.springframework.http.ResponseEntity<java.util.Map<java.lang.String, java.lang.Object>> org.springframework.boot.autoconfigure.web.servlet.error.BasicErrorController.error(javax.servlet.http.HttpServletRequest)
2018-10-04 12:02:31.350 INFO  org.springframework.web.servlet.mvc.method.annotation.RequestMappingHandlerMapping Line:549 - Mapped "{[/error],produces=[text/html]}" onto public org.springframework.web.servlet.ModelAndView org.springframework.boot.autoconfigure.web.servlet.error.BasicErrorController.errorHtml(javax.servlet.http.HttpServletRequest,javax.servlet.http.HttpServletResponse)
2018-10-04 12:02:31.520 INFO  springfox.documentation.spring.web.PropertySourcedRequestMappingHandlerMapping Line:69  - Mapped URL path [/v2/api-docs] onto method [public org.springframework.http.ResponseEntity<springfox.documentation.spring.web.json.Json> springfox.documentation.swagger2.web.Swagger2Controller.getDocumentation(java.lang.String,javax.servlet.http.HttpServletRequest)]
2018-10-04 12:02:31.553 INFO  org.apache.catalina.core.StandardService Line:180 - Stopping service [Tomcat]
2018-10-04 12:02:31.571 INFO  org.springframework.boot.autoconfigure.logging.ConditionEvaluationReportLoggingListener Line:101 - 

Error starting ApplicationContext. To display the conditions report re-run your application with 'debug' enabled.
2018-10-04 12:03:46.885 INFO  com.itstyle.seckill.SeckillApplication Line:50  - Starting SeckillApplication on DESKTOP-JCQLQVG with PID 6956 (E:\ideaUI\seckill\target\classes started by 木本芽衣 in E:\ideaUI\seckill)
2018-10-04 12:03:46.890 INFO  com.itstyle.seckill.SeckillApplication Line:680 - No active profile set, falling back to default profiles: default
2018-10-04 12:03:46.967 INFO  org.springframework.boot.web.servlet.context.AnnotationConfigServletWebServerApplicationContext Line:590 - Refreshing org.springframework.boot.web.servlet.context.AnnotationConfigServletWebServerApplicationContext@27f981c6: startup date [Thu Oct 04 12:03:46 CST 2018]; root of context hierarchy
2018-10-04 12:03:48.192 INFO  org.springframework.data.repository.config.RepositoryConfigurationDelegate Line:172 - Multiple Spring Data modules found, entering strict repository configuration mode!
2018-10-04 12:03:48.602 INFO  org.springframework.context.support.PostProcessorRegistrationDelegate$BeanPostProcessorChecker Line:326 - Bean 'org.springframework.kafka.annotation.KafkaBootstrapConfiguration' of type [org.springframework.kafka.annotation.KafkaBootstrapConfiguration$$EnhancerBySpringCGLIB$$3dfcd233] is not eligible for getting processed by all BeanPostProcessors (for example: not eligible for auto-proxying)
2018-10-04 12:03:48.629 INFO  org.springframework.context.support.PostProcessorRegistrationDelegate$BeanPostProcessorChecker Line:326 - Bean 'redisConfig' of type [com.itstyle.seckill.controller.config.RedisConfig$$EnhancerBySpringCGLIB$$a0abd5a4] is not eligible for getting processed by all BeanPostProcessors (for example: not eligible for auto-proxying)
2018-10-04 12:03:48.641 INFO  org.springframework.context.support.PostProcessorRegistrationDelegate$BeanPostProcessorChecker Line:326 - Bean 'org.springframework.transaction.annotation.ProxyTransactionManagementConfiguration' of type [org.springframework.transaction.annotation.ProxyTransactionManagementConfiguration$$EnhancerBySpringCGLIB$$6a4ac0b0] is not eligible for getting processed by all BeanPostProcessors (for example: not eligible for auto-proxying)
2018-10-04 12:03:48.674 INFO  org.springframework.context.support.PostProcessorRegistrationDelegate$BeanPostProcessorChecker Line:326 - Bean 'keyGenerator' of type [com.itstyle.seckill.controller.config.RedisConfig$1] is not eligible for getting processed by all BeanPostProcessors (for example: not eligible for auto-proxying)
2018-10-04 12:03:49.093 INFO  org.springframework.boot.web.embedded.tomcat.TomcatWebServer Line:91  - Tomcat initialized with port(s): 8000 (http)
2018-10-04 12:03:49.110 INFO  org.apache.catalina.core.StandardService Line:180 - Starting service [Tomcat]
2018-10-04 12:03:49.111 INFO  org.apache.catalina.core.StandardEngine Line:180 - Starting Servlet Engine: Apache Tomcat/8.5.34
2018-10-04 12:03:49.116 INFO  org.apache.catalina.core.AprLifecycleListener Line:180 - The APR based Apache Tomcat Native library which allows optimal performance in production environments was not found on the java.library.path: [C:\Program Files\Java\jdk1.8.0_172\bin;C:\WINDOWS\Sun\Java\bin;C:\WINDOWS\system32;C:\WINDOWS;C:\Program Files\Java\jdk1.8.0_172\bin;C:\Program Files\Java\jdk1.8.0_172\jre\bin;C:\Program Files\MySQL\MySQL Server 8.0\bin;%CATALINA_HOME%\bin;C:\WINDOWS\system32;C:\WINDOWS;C:\WINDOWS\System32\Wbem;C:\WINDOWS\System32\WindowsPowerShell\v1.0\;C:\Program Files (x86)\maven\apache-maven-3.3.9\bin;E:\git\Git\cmd;C:\Program Files\spring-boot-cli-2.0.4.RELEASE-bin\spring-2.0.4.RELEASE\bin;C:\Users\董晶\AppData\Local\Microsoft\WindowsApps;;.]
2018-10-04 12:03:49.226 INFO  org.apache.catalina.core.ContainerBase.[Tomcat].[localhost].[/seckill] Line:180 - Initializing Spring embedded WebApplicationContext
2018-10-04 12:03:49.227 INFO  org.springframework.web.context.ContextLoader Line:285 - Root WebApplicationContext: initialization completed in 2260 ms
2018-10-04 12:03:49.301 INFO  org.springframework.boot.web.servlet.ServletRegistrationBean Line:187 - Servlet dispatcherServlet mapped to [/]
2018-10-04 12:03:49.308 INFO  org.springframework.boot.web.servlet.FilterRegistrationBean Line:245 - Mapping filter: 'characterEncodingFilter' to: [/*]
2018-10-04 12:03:49.309 INFO  org.springframework.boot.web.servlet.FilterRegistrationBean Line:245 - Mapping filter: 'hiddenHttpMethodFilter' to: [/*]
2018-10-04 12:03:49.310 INFO  org.springframework.boot.web.servlet.FilterRegistrationBean Line:245 - Mapping filter: 'httpPutFormContentFilter' to: [/*]
2018-10-04 12:03:49.310 INFO  org.springframework.boot.web.servlet.FilterRegistrationBean Line:245 - Mapping filter: 'requestContextFilter' to: [/*]
2018-10-04 12:03:49.673 INFO  org.springframework.web.servlet.view.freemarker.FreeMarkerConfigurer Line:131 - ClassTemplateLoader for Spring macros added to FreeMarker configuration
2018-10-04 12:03:50.339 INFO  org.springframework.web.servlet.mvc.method.annotation.RequestMappingHandlerMapping Line:549 - Mapped "{[/{url}.shtml]}" onto public java.lang.String com.itstyle.seckill.controller.config.IndexController.page(java.lang.String)
2018-10-04 12:03:50.341 INFO  org.springframework.web.servlet.mvc.method.annotation.RequestMappingHandlerMapping Line:549 - Mapped "{[/{module}/{url}.shtml]}" onto public java.lang.String com.itstyle.seckill.controller.config.IndexController.page(java.lang.String,java.lang.String)
2018-10-04 12:03:50.343 INFO  org.springframework.web.servlet.mvc.method.annotation.RequestMappingHandlerMapping Line:549 - Mapped "{[/createHtml/start],methods=[GET]}" onto public com.itstyle.seckill.pojo.Result com.itstyle.seckill.controller.CreateHtmlController.start()
2018-10-04 12:03:50.348 INFO  org.springframework.web.servlet.mvc.method.annotation.RequestMappingHandlerMapping Line:549 - Mapped "{[/seckill/start],methods=[GET]}" onto public com.itstyle.seckill.pojo.Result com.itstyle.seckill.controller.SeckillController.start(java.lang.Long)
2018-10-04 12:03:50.349 INFO  org.springframework.web.servlet.mvc.method.annotation.RequestMappingHandlerMapping Line:549 - Mapped "{[/seckill/test],methods=[GET]}" onto public java.lang.String com.itstyle.seckill.controller.SeckillController.test()
2018-10-04 12:03:50.349 INFO  org.springframework.web.servlet.mvc.method.annotation.RequestMappingHandlerMapping Line:549 - Mapped "{[/seckill/startAopLock],methods=[POST]}" onto public com.itstyle.seckill.pojo.Result com.itstyle.seckill.controller.SeckillController.startAopLock(java.lang.Long)
2018-10-04 12:03:50.350 INFO  org.springframework.web.servlet.mvc.method.annotation.RequestMappingHandlerMapping Line:549 - Mapped "{[/seckill/startDBPCC_ONE],methods=[POST]}" onto public com.itstyle.seckill.pojo.Result com.itstyle.seckill.controller.SeckillController.startDBPCC_ONE(long)
2018-10-04 12:03:50.350 INFO  org.springframework.web.servlet.mvc.method.annotation.RequestMappingHandlerMapping Line:549 - Mapped "{[/seckill/startDBPCC_TWO],methods=[POST]}" onto public com.itstyle.seckill.pojo.Result com.itstyle.seckill.controller.SeckillController.startDBPCC_TWO(long)
2018-10-04 12:03:50.350 INFO  org.springframework.web.servlet.mvc.method.annotation.RequestMappingHandlerMapping Line:549 - Mapped "{[/seckill/startDBOCC],methods=[POST]}" onto public com.itstyle.seckill.pojo.Result com.itstyle.seckill.controller.SeckillController.startDBOCC(long)
2018-10-04 12:03:50.351 INFO  org.springframework.web.servlet.mvc.method.annotation.RequestMappingHandlerMapping Line:549 - Mapped "{[/seckill/startLock],methods=[POST]}" onto public com.itstyle.seckill.pojo.Result com.itstyle.seckill.controller.SeckillController.startLock(java.lang.Long)
2018-10-04 12:03:50.353 INFO  org.springframework.web.servlet.mvc.method.annotation.RequestMappingHandlerMapping Line:549 - Mapped "{[/seckillPage/list],methods=[POST]}" onto public com.itstyle.seckill.pojo.Result com.itstyle.seckill.controller.SeckillPageController.list()
2018-10-04 12:03:50.359 INFO  org.springframework.web.servlet.mvc.method.annotation.RequestMappingHandlerMapping Line:549 - Mapped "{[/swagger-resources/configuration/security]}" onto public org.springframework.http.ResponseEntity<springfox.documentation.swagger.web.SecurityConfiguration> springfox.documentation.swagger.web.ApiResourceController.securityConfiguration()
2018-10-04 12:03:50.360 INFO  org.springframework.web.servlet.mvc.method.annotation.RequestMappingHandlerMapping Line:549 - Mapped "{[/swagger-resources]}" onto public org.springframework.http.ResponseEntity<java.util.List<springfox.documentation.swagger.web.SwaggerResource>> springfox.documentation.swagger.web.ApiResourceController.swaggerResources()
2018-10-04 12:03:50.361 INFO  org.springframework.web.servlet.mvc.method.annotation.RequestMappingHandlerMapping Line:549 - Mapped "{[/swagger-resources/configuration/ui]}" onto public org.springframework.http.ResponseEntity<springfox.documentation.swagger.web.UiConfiguration> springfox.documentation.swagger.web.ApiResourceController.uiConfiguration()
2018-10-04 12:03:50.366 INFO  org.springframework.web.servlet.mvc.method.annotation.RequestMappingHandlerMapping Line:549 - Mapped "{[/error]}" onto public org.springframework.http.ResponseEntity<java.util.Map<java.lang.String, java.lang.Object>> org.springframework.boot.autoconfigure.web.servlet.error.BasicErrorController.error(javax.servlet.http.HttpServletRequest)
2018-10-04 12:03:50.368 INFO  org.springframework.web.servlet.mvc.method.annotation.RequestMappingHandlerMapping Line:549 - Mapped "{[/error],produces=[text/html]}" onto public org.springframework.web.servlet.ModelAndView org.springframework.boot.autoconfigure.web.servlet.error.BasicErrorController.errorHtml(javax.servlet.http.HttpServletRequest,javax.servlet.http.HttpServletResponse)
2018-10-04 12:03:50.517 INFO  springfox.documentation.spring.web.PropertySourcedRequestMappingHandlerMapping Line:69  - Mapped URL path [/v2/api-docs] onto method [public org.springframework.http.ResponseEntity<springfox.documentation.spring.web.json.Json> springfox.documentation.swagger2.web.Swagger2Controller.getDocumentation(java.lang.String,javax.servlet.http.HttpServletRequest)]
2018-10-04 12:03:50.634 INFO  org.springframework.web.servlet.handler.SimpleUrlHandlerMapping Line:373 - Mapped URL path [/**/favicon.ico] onto handler of type [class org.springframework.web.servlet.resource.ResourceHttpRequestHandler]
2018-10-04 12:03:50.835 INFO  org.springframework.web.servlet.mvc.method.annotation.RequestMappingHandlerAdapter Line:588 - Looking for @ControllerAdvice: org.springframework.boot.web.servlet.context.AnnotationConfigServletWebServerApplicationContext@27f981c6: startup date [Thu Oct 04 12:03:46 CST 2018]; root of context hierarchy
2018-10-04 12:03:50.871 INFO  org.springframework.web.servlet.handler.SimpleUrlHandlerMapping Line:360 - Root mapping to handler of type [class org.springframework.web.servlet.mvc.ParameterizableViewController]
2018-10-04 12:03:50.886 INFO  org.springframework.web.servlet.handler.SimpleUrlHandlerMapping Line:373 - Mapped URL path [/webjars/**] onto handler of type [class org.springframework.web.servlet.resource.ResourceHttpRequestHandler]
2018-10-04 12:03:50.886 INFO  org.springframework.web.servlet.handler.SimpleUrlHandlerMapping Line:373 - Mapped URL path [/**] onto handler of type [class org.springframework.web.servlet.resource.ResourceHttpRequestHandler]
2018-10-04 12:03:51.031 INFO  org.springframework.boot.autoconfigure.web.servlet.WelcomePageHandlerMapping Line:61  - Adding welcome page template: index
2018-10-04 12:03:51.067 INFO  tk.mybatis.mapper.autoconfigure.MapperCacheDisabler Line:60  - Clear tk.mybatis.mapper.util.MsUtil CLASS_CACHE cache.
2018-10-04 12:03:51.069 INFO  tk.mybatis.mapper.autoconfigure.MapperCacheDisabler Line:60  - Clear tk.mybatis.mapper.genid.GenIdUtil CACHE cache.
2018-10-04 12:03:51.069 INFO  tk.mybatis.mapper.autoconfigure.MapperCacheDisabler Line:60  - Clear tk.mybatis.mapper.version.VersionUtil CACHE cache.
2018-10-04 12:03:51.072 INFO  tk.mybatis.mapper.autoconfigure.MapperCacheDisabler Line:83  - Clear EntityHelper entityTableMap cache.
2018-10-04 12:03:51.719 INFO  org.springframework.web.socket.server.standard.ServerEndpointExporter Line:153 - Registering @ServerEndpoint class: class com.itstyle.seckill.controller.config.WebSocketServer
2018-10-04 12:03:51.728 INFO  org.springframework.jmx.export.annotation.AnnotationMBeanExporter Line:433 - Registering beans for JMX exposure on startup
2018-10-04 12:03:51.730 INFO  org.springframework.jmx.export.annotation.AnnotationMBeanExporter Line:895 - Bean with name 'dataSource' has been autodetected for JMX exposure
2018-10-04 12:03:51.738 INFO  org.springframework.jmx.export.annotation.AnnotationMBeanExporter Line:668 - Located MBean 'dataSource': registering with JMX server as MBean [com.zaxxer.hikari:name=dataSource,type=HikariDataSource]
2018-10-04 12:03:51.746 INFO  org.springframework.context.support.DefaultLifecycleProcessor Line:356 - Starting beans in phase 2147483547
2018-10-04 12:03:51.746 INFO  org.springframework.context.support.DefaultLifecycleProcessor Line:356 - Starting beans in phase 2147483647
2018-10-04 12:03:51.747 INFO  springfox.documentation.spring.web.plugins.DocumentationPluginsBootstrapper Line:160 - Context refreshed
2018-10-04 12:03:51.764 INFO  springfox.documentation.spring.web.plugins.DocumentationPluginsBootstrapper Line:163 - Found 1 custom documentation plugin(s)
2018-10-04 12:03:51.800 INFO  springfox.documentation.spring.web.scanners.ApiListingReferenceScanner Line:41  - Scanning for api listing references
2018-10-04 12:03:51.935 INFO  springfox.documentation.spring.web.readers.operation.CachingOperationNameGenerator Line:40  - Generating unique operation named: pageUsingGET_1
2018-10-04 12:03:51.937 INFO  springfox.documentation.spring.web.readers.operation.CachingOperationNameGenerator Line:40  - Generating unique operation named: pageUsingHEAD_1
2018-10-04 12:03:51.938 INFO  springfox.documentation.spring.web.readers.operation.CachingOperationNameGenerator Line:40  - Generating unique operation named: pageUsingPOST_1
2018-10-04 12:03:51.941 INFO  springfox.documentation.spring.web.readers.operation.CachingOperationNameGenerator Line:40  - Generating unique operation named: pageUsingPUT_1
2018-10-04 12:03:51.943 INFO  springfox.documentation.spring.web.readers.operation.CachingOperationNameGenerator Line:40  - Generating unique operation named: pageUsingPATCH_1
2018-10-04 12:03:51.944 INFO  springfox.documentation.spring.web.readers.operation.CachingOperationNameGenerator Line:40  - Generating unique operation named: pageUsingDELETE_1
2018-10-04 12:03:51.946 INFO  springfox.documentation.spring.web.readers.operation.CachingOperationNameGenerator Line:40  - Generating unique operation named: pageUsingOPTIONS_1
2018-10-04 12:03:51.948 INFO  springfox.documentation.spring.web.readers.operation.CachingOperationNameGenerator Line:40  - Generating unique operation named: pageUsingTRACE_1
2018-10-04 12:03:51.955 INFO  springfox.documentation.spring.web.readers.operation.CachingOperationNameGenerator Line:40  - Generating unique operation named: 版权所属：芦望阳_1
2018-10-04 12:03:51.959 INFO  springfox.documentation.spring.web.readers.operation.CachingOperationNameGenerator Line:40  - Generating unique operation named: 版权所有：芦望阳_1
2018-10-04 12:03:51.961 INFO  springfox.documentation.spring.web.readers.operation.CachingOperationNameGenerator Line:40  - Generating unique operation named: 版权所有：芦望阳_2
2018-10-04 12:03:51.963 INFO  springfox.documentation.spring.web.readers.operation.CachingOperationNameGenerator Line:40  - Generating unique operation named: 版权所属：芦望阳_2
2018-10-04 12:03:57.011 INFO  org.springframework.boot.web.embedded.tomcat.TomcatWebServer Line:206 - Tomcat started on port(s): 8000 (http) with context path '/seckill'
2018-10-04 12:03:57.016 INFO  com.itstyle.seckill.SeckillApplication Line:59  - Started SeckillApplication in 11.02 seconds (JVM running for 11.989)
2018-10-04 12:03:57.019 INFO  com.itstyle.seckill.SeckillApplication Line:22  - 项目启动
2018-10-04 12:04:19.761 INFO  org.apache.catalina.core.ContainerBase.[Tomcat].[localhost].[/seckill] Line:180 - Initializing Spring FrameworkServlet 'dispatcherServlet'
2018-10-04 12:04:19.761 INFO  org.springframework.web.servlet.DispatcherServlet Line:494 - FrameworkServlet 'dispatcherServlet': initialization started
2018-10-04 12:04:19.793 INFO  org.springframework.web.servlet.DispatcherServlet Line:509 - FrameworkServlet 'dispatcherServlet': initialization completed in 32 ms
2018-10-04 12:04:19.848 INFO  com.zaxxer.hikari.HikariDataSource Line:110 - HikariPool-1 - Starting...
2018-10-04 12:04:20.257 INFO  com.zaxxer.hikari.HikariDataSource Line:123 - HikariPool-1 - Start completed.
2018-10-04 13:54:35.948 INFO  com.itstyle.seckill.SeckillApplication Line:50  - Starting SeckillApplication on DESKTOP-JCQLQVG with PID 11768 (E:\ideaUI\seckill\target\classes started by 木本芽衣 in E:\ideaUI\seckill)
2018-10-04 13:54:35.955 INFO  com.itstyle.seckill.SeckillApplication Line:680 - No active profile set, falling back to default profiles: default
2018-10-04 13:54:36.052 INFO  org.springframework.boot.web.servlet.context.AnnotationConfigServletWebServerApplicationContext Line:590 - Refreshing org.springframework.boot.web.servlet.context.AnnotationConfigServletWebServerApplicationContext@4b0d79fc: startup date [Thu Oct 04 13:54:36 CST 2018]; root of context hierarchy
2018-10-04 13:54:37.163 INFO  org.springframework.data.repository.config.RepositoryConfigurationDelegate Line:172 - Multiple Spring Data modules found, entering strict repository configuration mode!
2018-10-04 13:54:37.239 INFO  org.springframework.beans.factory.support.DefaultListableBeanFactory Line:821 - Overriding bean definition for bean 'propertySourcesPlaceholderConfigurer' with a different definition: replacing [Root bean: class [org.springframework.boot.autoconfigure.context.PropertyPlaceholderAutoConfiguration]; scope=; abstract=false; lazyInit=false; autowireMode=3; dependencyCheck=0; autowireCandidate=true; primary=false; factoryBeanName=null; factoryMethodName=propertySourcesPlaceholderConfigurer; initMethodName=null; destroyMethodName=(inferred); defined in class path resource [org/springframework/boot/autoconfigure/context/PropertyPlaceholderAutoConfiguration.class]] with [Root bean: class [org.springframework.boot.autoconfigure.session.RedisSessionConfiguration$SpringBootRedisHttpSessionConfiguration]; scope=; abstract=false; lazyInit=false; autowireMode=3; dependencyCheck=0; autowireCandidate=true; primary=false; factoryBeanName=null; factoryMethodName=propertySourcesPlaceholderConfigurer; initMethodName=null; destroyMethodName=(inferred); defined in class path resource [org/springframework/boot/autoconfigure/session/RedisSessionConfiguration$SpringBootRedisHttpSessionConfiguration.class]]
2018-10-04 13:54:37.596 INFO  org.springframework.context.support.PostProcessorRegistrationDelegate$BeanPostProcessorChecker Line:326 - Bean 'org.springframework.kafka.annotation.KafkaBootstrapConfiguration' of type [org.springframework.kafka.annotation.KafkaBootstrapConfiguration$$EnhancerBySpringCGLIB$$5ff3e97c] is not eligible for getting processed by all BeanPostProcessors (for example: not eligible for auto-proxying)
2018-10-04 13:54:37.631 INFO  org.springframework.context.support.PostProcessorRegistrationDelegate$BeanPostProcessorChecker Line:326 - Bean 'redisConfig' of type [com.itstyle.seckill.controller.config.RedisConfig$$EnhancerBySpringCGLIB$$c2a2eced] is not eligible for getting processed by all BeanPostProcessors (for example: not eligible for auto-proxying)
2018-10-04 13:54:37.645 INFO  org.springframework.context.support.PostProcessorRegistrationDelegate$BeanPostProcessorChecker Line:326 - Bean 'org.springframework.transaction.annotation.ProxyTransactionManagementConfiguration' of type [org.springframework.transaction.annotation.ProxyTransactionManagementConfiguration$$EnhancerBySpringCGLIB$$8c41d7f9] is not eligible for getting processed by all BeanPostProcessors (for example: not eligible for auto-proxying)
2018-10-04 13:54:37.678 INFO  org.springframework.context.support.PostProcessorRegistrationDelegate$BeanPostProcessorChecker Line:326 - Bean 'keyGenerator' of type [com.itstyle.seckill.controller.config.RedisConfig$1] is not eligible for getting processed by all BeanPostProcessors (for example: not eligible for auto-proxying)
2018-10-04 13:54:38.121 INFO  org.springframework.boot.web.embedded.tomcat.TomcatWebServer Line:91  - Tomcat initialized with port(s): 8000 (http)
2018-10-04 13:54:38.138 INFO  org.apache.catalina.core.StandardService Line:180 - Starting service [Tomcat]
2018-10-04 13:54:38.139 INFO  org.apache.catalina.core.StandardEngine Line:180 - Starting Servlet Engine: Apache Tomcat/8.5.34
2018-10-04 13:54:38.143 INFO  org.apache.catalina.core.AprLifecycleListener Line:180 - The APR based Apache Tomcat Native library which allows optimal performance in production environments was not found on the java.library.path: [C:\Program Files\Java\jdk1.8.0_172\bin;C:\WINDOWS\Sun\Java\bin;C:\WINDOWS\system32;C:\WINDOWS;C:\Program Files\Java\jdk1.8.0_172\bin;C:\Program Files\Java\jdk1.8.0_172\jre\bin;C:\Program Files\MySQL\MySQL Server 8.0\bin;%CATALINA_HOME%\bin;C:\WINDOWS\system32;C:\WINDOWS;C:\WINDOWS\System32\Wbem;C:\WINDOWS\System32\WindowsPowerShell\v1.0\;C:\Program Files (x86)\maven\apache-maven-3.3.9\bin;E:\git\Git\cmd;C:\Program Files\spring-boot-cli-2.0.4.RELEASE-bin\spring-2.0.4.RELEASE\bin;C:\Users\董晶\AppData\Local\Microsoft\WindowsApps;;.]
2018-10-04 13:54:38.248 INFO  org.apache.catalina.core.ContainerBase.[Tomcat].[localhost].[/seckill] Line:180 - Initializing Spring embedded WebApplicationContext
2018-10-04 13:54:38.249 INFO  org.springframework.web.context.ContextLoader Line:285 - Root WebApplicationContext: initialization completed in 2197 ms
2018-10-04 13:54:38.425 INFO  org.apache.catalina.core.StandardService Line:180 - Stopping service [Tomcat]
2018-10-04 13:54:38.443 INFO  org.springframework.boot.autoconfigure.logging.ConditionEvaluationReportLoggingListener Line:101 - 

Error starting ApplicationContext. To display the conditions report re-run your application with 'debug' enabled.
2018-10-04 13:56:16.527 INFO  com.itstyle.seckill.SeckillApplication Line:50  - Starting SeckillApplication on DESKTOP-JCQLQVG with PID 9680 (E:\ideaUI\seckill\target\classes started by 木本芽衣 in E:\ideaUI\seckill)
2018-10-04 13:56:16.585 INFO  com.itstyle.seckill.SeckillApplication Line:680 - No active profile set, falling back to default profiles: default
2018-10-04 13:56:16.701 INFO  org.springframework.boot.web.servlet.context.AnnotationConfigServletWebServerApplicationContext Line:590 - Refreshing org.springframework.boot.web.servlet.context.AnnotationConfigServletWebServerApplicationContext@1151e434: startup date [Thu Oct 04 13:56:16 CST 2018]; root of context hierarchy
2018-10-04 13:56:18.028 INFO  org.springframework.data.repository.config.RepositoryConfigurationDelegate Line:172 - Multiple Spring Data modules found, entering strict repository configuration mode!
2018-10-04 13:56:18.479 INFO  org.springframework.context.support.PostProcessorRegistrationDelegate$BeanPostProcessorChecker Line:326 - Bean 'org.springframework.kafka.annotation.KafkaBootstrapConfiguration' of type [org.springframework.kafka.annotation.KafkaBootstrapConfiguration$$EnhancerBySpringCGLIB$$5b18dd38] is not eligible for getting processed by all BeanPostProcessors (for example: not eligible for auto-proxying)
2018-10-04 13:56:18.506 INFO  org.springframework.context.support.PostProcessorRegistrationDelegate$BeanPostProcessorChecker Line:326 - Bean 'redisConfig' of type [com.itstyle.seckill.controller.config.RedisConfig$$EnhancerBySpringCGLIB$$bdc7e0a9] is not eligible for getting processed by all BeanPostProcessors (for example: not eligible for auto-proxying)
2018-10-04 13:56:18.519 INFO  org.springframework.context.support.PostProcessorRegistrationDelegate$BeanPostProcessorChecker Line:326 - Bean 'org.springframework.transaction.annotation.ProxyTransactionManagementConfiguration' of type [org.springframework.transaction.annotation.ProxyTransactionManagementConfiguration$$EnhancerBySpringCGLIB$$8766cbb5] is not eligible for getting processed by all BeanPostProcessors (for example: not eligible for auto-proxying)
2018-10-04 13:56:18.551 INFO  org.springframework.context.support.PostProcessorRegistrationDelegate$BeanPostProcessorChecker Line:326 - Bean 'keyGenerator' of type [com.itstyle.seckill.controller.config.RedisConfig$1] is not eligible for getting processed by all BeanPostProcessors (for example: not eligible for auto-proxying)
2018-10-04 13:56:18.968 INFO  org.springframework.boot.web.embedded.tomcat.TomcatWebServer Line:91  - Tomcat initialized with port(s): 8000 (http)
2018-10-04 13:56:18.985 INFO  org.apache.catalina.core.StandardService Line:180 - Starting service [Tomcat]
2018-10-04 13:56:18.986 INFO  org.apache.catalina.core.StandardEngine Line:180 - Starting Servlet Engine: Apache Tomcat/8.5.34
2018-10-04 13:56:18.990 INFO  org.apache.catalina.core.AprLifecycleListener Line:180 - The APR based Apache Tomcat Native library which allows optimal performance in production environments was not found on the java.library.path: [C:\Program Files\Java\jdk1.8.0_172\bin;C:\WINDOWS\Sun\Java\bin;C:\WINDOWS\system32;C:\WINDOWS;C:\Program Files\Java\jdk1.8.0_172\bin;C:\Program Files\Java\jdk1.8.0_172\jre\bin;C:\Program Files\MySQL\MySQL Server 8.0\bin;%CATALINA_HOME%\bin;C:\WINDOWS\system32;C:\WINDOWS;C:\WINDOWS\System32\Wbem;C:\WINDOWS\System32\WindowsPowerShell\v1.0\;C:\Program Files (x86)\maven\apache-maven-3.3.9\bin;E:\git\Git\cmd;C:\Program Files\spring-boot-cli-2.0.4.RELEASE-bin\spring-2.0.4.RELEASE\bin;C:\Users\董晶\AppData\Local\Microsoft\WindowsApps;;.]
2018-10-04 13:56:19.099 INFO  org.apache.catalina.core.ContainerBase.[Tomcat].[localhost].[/seckill] Line:180 - Initializing Spring embedded WebApplicationContext
2018-10-04 13:56:19.100 INFO  org.springframework.web.context.ContextLoader Line:285 - Root WebApplicationContext: initialization completed in 2400 ms
2018-10-04 13:56:19.169 INFO  org.springframework.boot.web.servlet.ServletRegistrationBean Line:187 - Servlet dispatcherServlet mapped to [/]
2018-10-04 13:56:19.174 INFO  org.springframework.boot.web.servlet.FilterRegistrationBean Line:245 - Mapping filter: 'characterEncodingFilter' to: [/*]
2018-10-04 13:56:19.175 INFO  org.springframework.boot.web.servlet.FilterRegistrationBean Line:245 - Mapping filter: 'hiddenHttpMethodFilter' to: [/*]
2018-10-04 13:56:19.175 INFO  org.springframework.boot.web.servlet.FilterRegistrationBean Line:245 - Mapping filter: 'httpPutFormContentFilter' to: [/*]
2018-10-04 13:56:19.176 INFO  org.springframework.boot.web.servlet.FilterRegistrationBean Line:245 - Mapping filter: 'requestContextFilter' to: [/*]
2018-10-04 13:56:19.461 INFO  org.springframework.web.servlet.view.freemarker.FreeMarkerConfigurer Line:131 - ClassTemplateLoader for Spring macros added to FreeMarker configuration
2018-10-04 13:56:20.113 INFO  org.springframework.web.servlet.mvc.method.annotation.RequestMappingHandlerMapping Line:549 - Mapped "{[/{url}.shtml]}" onto public java.lang.String com.itstyle.seckill.controller.config.IndexController.page(java.lang.String)
2018-10-04 13:56:20.114 INFO  org.springframework.web.servlet.mvc.method.annotation.RequestMappingHandlerMapping Line:549 - Mapped "{[/{module}/{url}.shtml]}" onto public java.lang.String com.itstyle.seckill.controller.config.IndexController.page(java.lang.String,java.lang.String)
2018-10-04 13:56:20.116 INFO  org.springframework.web.servlet.mvc.method.annotation.RequestMappingHandlerMapping Line:549 - Mapped "{[/createHtml/start],methods=[GET]}" onto public com.itstyle.seckill.pojo.Result com.itstyle.seckill.controller.CreateHtmlController.start()
2018-10-04 13:56:20.120 INFO  org.springframework.web.servlet.mvc.method.annotation.RequestMappingHandlerMapping Line:549 - Mapped "{[/seckill/start],methods=[GET]}" onto public com.itstyle.seckill.pojo.Result com.itstyle.seckill.controller.SeckillController.start(java.lang.Long)
2018-10-04 13:56:20.121 INFO  org.springframework.web.servlet.mvc.method.annotation.RequestMappingHandlerMapping Line:549 - Mapped "{[/seckill/test],methods=[GET]}" onto public java.lang.String com.itstyle.seckill.controller.SeckillController.test()
2018-10-04 13:56:20.121 INFO  org.springframework.web.servlet.mvc.method.annotation.RequestMappingHandlerMapping Line:549 - Mapped "{[/seckill/startDBPCC_ONE],methods=[POST]}" onto public com.itstyle.seckill.pojo.Result com.itstyle.seckill.controller.SeckillController.startDBPCC_ONE(long)
2018-10-04 13:56:20.122 INFO  org.springframework.web.servlet.mvc.method.annotation.RequestMappingHandlerMapping Line:549 - Mapped "{[/seckill/startDBPCC_TWO],methods=[POST]}" onto public com.itstyle.seckill.pojo.Result com.itstyle.seckill.controller.SeckillController.startDBPCC_TWO(long)
2018-10-04 13:56:20.122 INFO  org.springframework.web.servlet.mvc.method.annotation.RequestMappingHandlerMapping Line:549 - Mapped "{[/seckill/startLock],methods=[POST]}" onto public com.itstyle.seckill.pojo.Result com.itstyle.seckill.controller.SeckillController.startLock(java.lang.Long)
2018-10-04 13:56:20.123 INFO  org.springframework.web.servlet.mvc.method.annotation.RequestMappingHandlerMapping Line:549 - Mapped "{[/seckill/startAopLock],methods=[POST]}" onto public com.itstyle.seckill.pojo.Result com.itstyle.seckill.controller.SeckillController.startAopLock(java.lang.Long)
2018-10-04 13:56:20.123 INFO  org.springframework.web.servlet.mvc.method.annotation.RequestMappingHandlerMapping Line:549 - Mapped "{[/seckill/startDBOCC],methods=[POST]}" onto public com.itstyle.seckill.pojo.Result com.itstyle.seckill.controller.SeckillController.startDBOCC(long)
2018-10-04 13:56:20.124 INFO  org.springframework.web.servlet.mvc.method.annotation.RequestMappingHandlerMapping Line:549 - Mapped "{[/seckillPage/list],methods=[POST]}" onto public com.itstyle.seckill.pojo.Result com.itstyle.seckill.controller.SeckillPageController.list()
2018-10-04 13:56:20.131 INFO  org.springframework.web.servlet.mvc.method.annotation.RequestMappingHandlerMapping Line:549 - Mapped "{[/swagger-resources]}" onto public org.springframework.http.ResponseEntity<java.util.List<springfox.documentation.swagger.web.SwaggerResource>> springfox.documentation.swagger.web.ApiResourceController.swaggerResources()
2018-10-04 13:56:20.132 INFO  org.springframework.web.servlet.mvc.method.annotation.RequestMappingHandlerMapping Line:549 - Mapped "{[/swagger-resources/configuration/ui]}" onto public org.springframework.http.ResponseEntity<springfox.documentation.swagger.web.UiConfiguration> springfox.documentation.swagger.web.ApiResourceController.uiConfiguration()
2018-10-04 13:56:20.133 INFO  org.springframework.web.servlet.mvc.method.annotation.RequestMappingHandlerMapping Line:549 - Mapped "{[/swagger-resources/configuration/security]}" onto public org.springframework.http.ResponseEntity<springfox.documentation.swagger.web.SecurityConfiguration> springfox.documentation.swagger.web.ApiResourceController.securityConfiguration()
2018-10-04 13:56:20.136 INFO  org.springframework.web.servlet.mvc.method.annotation.RequestMappingHandlerMapping Line:549 - Mapped "{[/error]}" onto public org.springframework.http.ResponseEntity<java.util.Map<java.lang.String, java.lang.Object>> org.springframework.boot.autoconfigure.web.servlet.error.BasicErrorController.error(javax.servlet.http.HttpServletRequest)
2018-10-04 13:56:20.136 INFO  org.springframework.web.servlet.mvc.method.annotation.RequestMappingHandlerMapping Line:549 - Mapped "{[/error],produces=[text/html]}" onto public org.springframework.web.servlet.ModelAndView org.springframework.boot.autoconfigure.web.servlet.error.BasicErrorController.errorHtml(javax.servlet.http.HttpServletRequest,javax.servlet.http.HttpServletResponse)
2018-10-04 13:56:20.310 INFO  springfox.documentation.spring.web.PropertySourcedRequestMappingHandlerMapping Line:69  - Mapped URL path [/v2/api-docs] onto method [public org.springframework.http.ResponseEntity<springfox.documentation.spring.web.json.Json> springfox.documentation.swagger2.web.Swagger2Controller.getDocumentation(java.lang.String,javax.servlet.http.HttpServletRequest)]
2018-10-04 13:56:20.413 INFO  org.springframework.web.servlet.handler.SimpleUrlHandlerMapping Line:373 - Mapped URL path [/**/favicon.ico] onto handler of type [class org.springframework.web.servlet.resource.ResourceHttpRequestHandler]
2018-10-04 13:56:20.587 INFO  org.springframework.web.servlet.mvc.method.annotation.RequestMappingHandlerAdapter Line:588 - Looking for @ControllerAdvice: org.springframework.boot.web.servlet.context.AnnotationConfigServletWebServerApplicationContext@1151e434: startup date [Thu Oct 04 13:56:16 CST 2018]; root of context hierarchy
2018-10-04 13:56:20.623 INFO  org.springframework.web.servlet.handler.SimpleUrlHandlerMapping Line:360 - Root mapping to handler of type [class org.springframework.web.servlet.mvc.ParameterizableViewController]
2018-10-04 13:56:20.639 INFO  org.springframework.web.servlet.handler.SimpleUrlHandlerMapping Line:373 - Mapped URL path [/webjars/**] onto handler of type [class org.springframework.web.servlet.resource.ResourceHttpRequestHandler]
2018-10-04 13:56:20.640 INFO  org.springframework.web.servlet.handler.SimpleUrlHandlerMapping Line:373 - Mapped URL path [/**] onto handler of type [class org.springframework.web.servlet.resource.ResourceHttpRequestHandler]
2018-10-04 13:56:20.767 INFO  org.springframework.boot.autoconfigure.web.servlet.WelcomePageHandlerMapping Line:61  - Adding welcome page template: index
2018-10-04 13:56:20.796 INFO  tk.mybatis.mapper.autoconfigure.MapperCacheDisabler Line:60  - Clear tk.mybatis.mapper.util.MsUtil CLASS_CACHE cache.
2018-10-04 13:56:20.797 INFO  tk.mybatis.mapper.autoconfigure.MapperCacheDisabler Line:60  - Clear tk.mybatis.mapper.genid.GenIdUtil CACHE cache.
2018-10-04 13:56:20.798 INFO  tk.mybatis.mapper.autoconfigure.MapperCacheDisabler Line:60  - Clear tk.mybatis.mapper.version.VersionUtil CACHE cache.
2018-10-04 13:56:20.799 INFO  tk.mybatis.mapper.autoconfigure.MapperCacheDisabler Line:83  - Clear EntityHelper entityTableMap cache.
2018-10-04 13:56:21.353 INFO  org.springframework.web.socket.server.standard.ServerEndpointExporter Line:153 - Registering @ServerEndpoint class: class com.itstyle.seckill.controller.config.WebSocketServer
2018-10-04 13:56:21.361 INFO  org.springframework.jmx.export.annotation.AnnotationMBeanExporter Line:433 - Registering beans for JMX exposure on startup
2018-10-04 13:56:21.364 INFO  org.springframework.jmx.export.annotation.AnnotationMBeanExporter Line:895 - Bean with name 'dataSource' has been autodetected for JMX exposure
2018-10-04 13:56:21.372 INFO  org.springframework.jmx.export.annotation.AnnotationMBeanExporter Line:668 - Located MBean 'dataSource': registering with JMX server as MBean [com.zaxxer.hikari:name=dataSource,type=HikariDataSource]
2018-10-04 13:56:21.379 INFO  org.springframework.context.support.DefaultLifecycleProcessor Line:356 - Starting beans in phase 2147483547
2018-10-04 13:56:21.380 INFO  org.springframework.context.support.DefaultLifecycleProcessor Line:356 - Starting beans in phase 2147483647
2018-10-04 13:56:21.380 INFO  springfox.documentation.spring.web.plugins.DocumentationPluginsBootstrapper Line:160 - Context refreshed
2018-10-04 13:56:21.390 INFO  springfox.documentation.spring.web.plugins.DocumentationPluginsBootstrapper Line:163 - Found 1 custom documentation plugin(s)
2018-10-04 13:56:21.438 INFO  springfox.documentation.spring.web.scanners.ApiListingReferenceScanner Line:41  - Scanning for api listing references
2018-10-04 13:56:21.558 INFO  springfox.documentation.spring.web.readers.operation.CachingOperationNameGenerator Line:40  - Generating unique operation named: pageUsingGET_1
2018-10-04 13:56:21.560 INFO  springfox.documentation.spring.web.readers.operation.CachingOperationNameGenerator Line:40  - Generating unique operation named: pageUsingHEAD_1
2018-10-04 13:56:21.563 INFO  springfox.documentation.spring.web.readers.operation.CachingOperationNameGenerator Line:40  - Generating unique operation named: pageUsingPOST_1
2018-10-04 13:56:21.565 INFO  springfox.documentation.spring.web.readers.operation.CachingOperationNameGenerator Line:40  - Generating unique operation named: pageUsingPUT_1
2018-10-04 13:56:21.566 INFO  springfox.documentation.spring.web.readers.operation.CachingOperationNameGenerator Line:40  - Generating unique operation named: pageUsingPATCH_1
2018-10-04 13:56:21.568 INFO  springfox.documentation.spring.web.readers.operation.CachingOperationNameGenerator Line:40  - Generating unique operation named: pageUsingDELETE_1
2018-10-04 13:56:21.569 INFO  springfox.documentation.spring.web.readers.operation.CachingOperationNameGenerator Line:40  - Generating unique operation named: pageUsingOPTIONS_1
2018-10-04 13:56:21.570 INFO  springfox.documentation.spring.web.readers.operation.CachingOperationNameGenerator Line:40  - Generating unique operation named: pageUsingTRACE_1
2018-10-04 13:56:21.578 INFO  springfox.documentation.spring.web.readers.operation.CachingOperationNameGenerator Line:40  - Generating unique operation named: 版权所属：芦望阳_1
2018-10-04 13:56:21.581 INFO  springfox.documentation.spring.web.readers.operation.CachingOperationNameGenerator Line:40  - Generating unique operation named: 版权所有：芦望阳_1
2018-10-04 13:56:21.583 INFO  springfox.documentation.spring.web.readers.operation.CachingOperationNameGenerator Line:40  - Generating unique operation named: 版权所有：芦望阳_2
2018-10-04 13:56:21.585 INFO  springfox.documentation.spring.web.readers.operation.CachingOperationNameGenerator Line:40  - Generating unique operation named: 版权所属：芦望阳_2
2018-10-04 13:56:26.630 INFO  org.springframework.boot.web.embedded.tomcat.TomcatWebServer Line:206 - Tomcat started on port(s): 8000 (http) with context path '/seckill'
2018-10-04 13:56:26.635 INFO  com.itstyle.seckill.SeckillApplication Line:59  - Started SeckillApplication in 10.85 seconds (JVM running for 11.914)
2018-10-04 13:56:26.638 INFO  com.itstyle.seckill.SeckillApplication Line:22  - 项目启动
2018-10-04 13:56:41.656 INFO  org.apache.catalina.core.ContainerBase.[Tomcat].[localhost].[/seckill] Line:180 - Initializing Spring FrameworkServlet 'dispatcherServlet'
2018-10-04 13:56:41.657 INFO  org.springframework.web.servlet.DispatcherServlet Line:494 - FrameworkServlet 'dispatcherServlet': initialization started
2018-10-04 13:56:41.677 INFO  org.springframework.web.servlet.DispatcherServlet Line:509 - FrameworkServlet 'dispatcherServlet': initialization completed in 20 ms
2018-10-04 13:56:42.153 INFO  com.zaxxer.hikari.HikariDataSource Line:110 - HikariPool-1 - Starting...
2018-10-04 13:56:42.257 INFO  com.zaxxer.hikari.HikariDataSource Line:123 - HikariPool-1 - Start completed.
2018-10-04 14:06:08.143 INFO  com.itstyle.seckill.SeckillApplication Line:50  - Starting SeckillApplication on DESKTOP-JCQLQVG with PID 11696 (E:\ideaUI\seckill\target\classes started by 木本芽衣 in E:\ideaUI\seckill)
2018-10-04 14:06:08.152 INFO  com.itstyle.seckill.SeckillApplication Line:680 - No active profile set, falling back to default profiles: default
2018-10-04 14:06:08.227 INFO  org.springframework.boot.web.servlet.context.AnnotationConfigServletWebServerApplicationContext Line:590 - Refreshing org.springframework.boot.web.servlet.context.AnnotationConfigServletWebServerApplicationContext@4b8ee4de: startup date [Thu Oct 04 14:06:08 CST 2018]; root of context hierarchy
2018-10-04 14:06:09.552 INFO  org.springframework.data.repository.config.RepositoryConfigurationDelegate Line:172 - Multiple Spring Data modules found, entering strict repository configuration mode!
2018-10-04 14:06:10.621 INFO  org.springframework.context.support.PostProcessorRegistrationDelegate$BeanPostProcessorChecker Line:326 - Bean 'org.springframework.kafka.annotation.KafkaBootstrapConfiguration' of type [org.springframework.kafka.annotation.KafkaBootstrapConfiguration$$EnhancerBySpringCGLIB$$5b18dd38] is not eligible for getting processed by all BeanPostProcessors (for example: not eligible for auto-proxying)
2018-10-04 14:06:10.676 INFO  org.springframework.context.support.PostProcessorRegistrationDelegate$BeanPostProcessorChecker Line:326 - Bean 'redisConfig' of type [com.itstyle.seckill.controller.config.RedisConfig$$EnhancerBySpringCGLIB$$bdc7e0a9] is not eligible for getting processed by all BeanPostProcessors (for example: not eligible for auto-proxying)
2018-10-04 14:06:10.698 INFO  org.springframework.context.support.PostProcessorRegistrationDelegate$BeanPostProcessorChecker Line:326 - Bean 'org.springframework.transaction.annotation.ProxyTransactionManagementConfiguration' of type [org.springframework.transaction.annotation.ProxyTransactionManagementConfiguration$$EnhancerBySpringCGLIB$$8766cbb5] is not eligible for getting processed by all BeanPostProcessors (for example: not eligible for auto-proxying)
2018-10-04 14:06:10.747 INFO  org.springframework.context.support.PostProcessorRegistrationDelegate$BeanPostProcessorChecker Line:326 - Bean 'keyGenerator' of type [com.itstyle.seckill.controller.config.RedisConfig$1] is not eligible for getting processed by all BeanPostProcessors (for example: not eligible for auto-proxying)
2018-10-04 14:06:11.894 INFO  org.springframework.boot.web.embedded.tomcat.TomcatWebServer Line:91  - Tomcat initialized with port(s): 8000 (http)
2018-10-04 14:06:11.939 INFO  org.apache.catalina.core.StandardService Line:180 - Starting service [Tomcat]
2018-10-04 14:06:11.940 INFO  org.apache.catalina.core.StandardEngine Line:180 - Starting Servlet Engine: Apache Tomcat/8.5.34
2018-10-04 14:06:11.948 INFO  org.apache.catalina.core.AprLifecycleListener Line:180 - The APR based Apache Tomcat Native library which allows optimal performance in production environments was not found on the java.library.path: [C:\Program Files\Java\jdk1.8.0_172\bin;C:\WINDOWS\Sun\Java\bin;C:\WINDOWS\system32;C:\WINDOWS;C:\Program Files\Java\jdk1.8.0_172\bin;C:\Program Files\Java\jdk1.8.0_172\jre\bin;C:\Program Files\MySQL\MySQL Server 8.0\bin;%CATALINA_HOME%\bin;C:\WINDOWS\system32;C:\WINDOWS;C:\WINDOWS\System32\Wbem;C:\WINDOWS\System32\WindowsPowerShell\v1.0\;C:\Program Files (x86)\maven\apache-maven-3.3.9\bin;E:\git\Git\cmd;C:\Program Files\spring-boot-cli-2.0.4.RELEASE-bin\spring-2.0.4.RELEASE\bin;C:\Users\董晶\AppData\Local\Microsoft\WindowsApps;;.]
2018-10-04 14:06:12.265 INFO  org.apache.catalina.core.ContainerBase.[Tomcat].[localhost].[/seckill] Line:180 - Initializing Spring embedded WebApplicationContext
2018-10-04 14:06:12.266 INFO  org.springframework.web.context.ContextLoader Line:285 - Root WebApplicationContext: initialization completed in 4039 ms
2018-10-04 14:06:12.372 INFO  org.springframework.boot.web.servlet.ServletRegistrationBean Line:187 - Servlet dispatcherServlet mapped to [/]
2018-10-04 14:06:12.378 INFO  org.springframework.boot.web.servlet.FilterRegistrationBean Line:245 - Mapping filter: 'characterEncodingFilter' to: [/*]
2018-10-04 14:06:12.379 INFO  org.springframework.boot.web.servlet.FilterRegistrationBean Line:245 - Mapping filter: 'hiddenHttpMethodFilter' to: [/*]
2018-10-04 14:06:12.380 INFO  org.springframework.boot.web.servlet.FilterRegistrationBean Line:245 - Mapping filter: 'httpPutFormContentFilter' to: [/*]
2018-10-04 14:06:12.380 INFO  org.springframework.boot.web.servlet.FilterRegistrationBean Line:245 - Mapping filter: 'requestContextFilter' to: [/*]
2018-10-04 14:06:12.786 INFO  org.springframework.web.servlet.view.freemarker.FreeMarkerConfigurer Line:131 - ClassTemplateLoader for Spring macros added to FreeMarker configuration
2018-10-04 14:06:13.443 INFO  org.springframework.web.servlet.mvc.method.annotation.RequestMappingHandlerMapping Line:549 - Mapped "{[/{url}.shtml]}" onto public java.lang.String com.itstyle.seckill.controller.config.IndexController.page(java.lang.String)
2018-10-04 14:06:13.444 INFO  org.springframework.web.servlet.mvc.method.annotation.RequestMappingHandlerMapping Line:549 - Mapped "{[/{module}/{url}.shtml]}" onto public java.lang.String com.itstyle.seckill.controller.config.IndexController.page(java.lang.String,java.lang.String)
2018-10-04 14:06:13.446 INFO  org.springframework.web.servlet.mvc.method.annotation.RequestMappingHandlerMapping Line:549 - Mapped "{[/createHtml/start],methods=[GET]}" onto public com.itstyle.seckill.pojo.Result com.itstyle.seckill.controller.CreateHtmlController.start()
2018-10-04 14:06:13.451 INFO  org.springframework.web.servlet.mvc.method.annotation.RequestMappingHandlerMapping Line:549 - Mapped "{[/seckill/start],methods=[GET]}" onto public com.itstyle.seckill.pojo.Result com.itstyle.seckill.controller.SeckillController.start(java.lang.Long)
2018-10-04 14:06:13.451 INFO  org.springframework.web.servlet.mvc.method.annotation.RequestMappingHandlerMapping Line:549 - Mapped "{[/seckill/test],methods=[GET]}" onto public java.lang.String com.itstyle.seckill.controller.SeckillController.test()
2018-10-04 14:06:13.452 INFO  org.springframework.web.servlet.mvc.method.annotation.RequestMappingHandlerMapping Line:549 - Mapped "{[/seckill/startLock],methods=[POST]}" onto public com.itstyle.seckill.pojo.Result com.itstyle.seckill.controller.SeckillController.startLock(java.lang.Long)
2018-10-04 14:06:13.452 INFO  org.springframework.web.servlet.mvc.method.annotation.RequestMappingHandlerMapping Line:549 - Mapped "{[/seckill/startDBPCC_ONE],methods=[POST]}" onto public com.itstyle.seckill.pojo.Result com.itstyle.seckill.controller.SeckillController.startDBPCC_ONE(long)
2018-10-04 14:06:13.453 INFO  org.springframework.web.servlet.mvc.method.annotation.RequestMappingHandlerMapping Line:549 - Mapped "{[/seckill/startAopLock],methods=[POST]}" onto public com.itstyle.seckill.pojo.Result com.itstyle.seckill.controller.SeckillController.startAopLock(java.lang.Long)
2018-10-04 14:06:13.453 INFO  org.springframework.web.servlet.mvc.method.annotation.RequestMappingHandlerMapping Line:549 - Mapped "{[/seckill/startDBPCC_TWO],methods=[POST]}" onto public com.itstyle.seckill.pojo.Result com.itstyle.seckill.controller.SeckillController.startDBPCC_TWO(long)
2018-10-04 14:06:13.454 INFO  org.springframework.web.servlet.mvc.method.annotation.RequestMappingHandlerMapping Line:549 - Mapped "{[/seckill/startDBOCC],methods=[POST]}" onto public com.itstyle.seckill.pojo.Result com.itstyle.seckill.controller.SeckillController.startDBOCC(long)
2018-10-04 14:06:13.457 INFO  org.springframework.web.servlet.mvc.method.annotation.RequestMappingHandlerMapping Line:549 - Mapped "{[/seckillPage/list],methods=[POST]}" onto public com.itstyle.seckill.pojo.Result com.itstyle.seckill.controller.SeckillPageController.list()
2018-10-04 14:06:13.464 INFO  org.springframework.web.servlet.mvc.method.annotation.RequestMappingHandlerMapping Line:549 - Mapped "{[/swagger-resources/configuration/security]}" onto public org.springframework.http.ResponseEntity<springfox.documentation.swagger.web.SecurityConfiguration> springfox.documentation.swagger.web.ApiResourceController.securityConfiguration()
2018-10-04 14:06:13.466 INFO  org.springframework.web.servlet.mvc.method.annotation.RequestMappingHandlerMapping Line:549 - Mapped "{[/swagger-resources]}" onto public org.springframework.http.ResponseEntity<java.util.List<springfox.documentation.swagger.web.SwaggerResource>> springfox.documentation.swagger.web.ApiResourceController.swaggerResources()
2018-10-04 14:06:13.467 INFO  org.springframework.web.servlet.mvc.method.annotation.RequestMappingHandlerMapping Line:549 - Mapped "{[/swagger-resources/configuration/ui]}" onto public org.springframework.http.ResponseEntity<springfox.documentation.swagger.web.UiConfiguration> springfox.documentation.swagger.web.ApiResourceController.uiConfiguration()
2018-10-04 14:06:13.474 INFO  org.springframework.web.servlet.mvc.method.annotation.RequestMappingHandlerMapping Line:549 - Mapped "{[/error]}" onto public org.springframework.http.ResponseEntity<java.util.Map<java.lang.String, java.lang.Object>> org.springframework.boot.autoconfigure.web.servlet.error.BasicErrorController.error(javax.servlet.http.HttpServletRequest)
2018-10-04 14:06:13.475 INFO  org.springframework.web.servlet.mvc.method.annotation.RequestMappingHandlerMapping Line:549 - Mapped "{[/error],produces=[text/html]}" onto public org.springframework.web.servlet.ModelAndView org.springframework.boot.autoconfigure.web.servlet.error.BasicErrorController.errorHtml(javax.servlet.http.HttpServletRequest,javax.servlet.http.HttpServletResponse)
2018-10-04 14:06:13.696 INFO  springfox.documentation.spring.web.PropertySourcedRequestMappingHandlerMapping Line:69  - Mapped URL path [/v2/api-docs] onto method [public org.springframework.http.ResponseEntity<springfox.documentation.spring.web.json.Json> springfox.documentation.swagger2.web.Swagger2Controller.getDocumentation(java.lang.String,javax.servlet.http.HttpServletRequest)]
2018-10-04 14:06:13.801 INFO  org.springframework.web.servlet.handler.SimpleUrlHandlerMapping Line:373 - Mapped URL path [/**/favicon.ico] onto handler of type [class org.springframework.web.servlet.resource.ResourceHttpRequestHandler]
2018-10-04 14:06:14.002 INFO  org.springframework.web.servlet.mvc.method.annotation.RequestMappingHandlerAdapter Line:588 - Looking for @ControllerAdvice: org.springframework.boot.web.servlet.context.AnnotationConfigServletWebServerApplicationContext@4b8ee4de: startup date [Thu Oct 04 14:06:08 CST 2018]; root of context hierarchy
2018-10-04 14:06:14.033 INFO  org.springframework.web.servlet.handler.SimpleUrlHandlerMapping Line:360 - Root mapping to handler of type [class org.springframework.web.servlet.mvc.ParameterizableViewController]
2018-10-04 14:06:14.050 INFO  org.springframework.web.servlet.handler.SimpleUrlHandlerMapping Line:373 - Mapped URL path [/webjars/**] onto handler of type [class org.springframework.web.servlet.resource.ResourceHttpRequestHandler]
2018-10-04 14:06:14.050 INFO  org.springframework.web.servlet.handler.SimpleUrlHandlerMapping Line:373 - Mapped URL path [/**] onto handler of type [class org.springframework.web.servlet.resource.ResourceHttpRequestHandler]
2018-10-04 14:06:14.175 INFO  org.springframework.boot.autoconfigure.web.servlet.WelcomePageHandlerMapping Line:61  - Adding welcome page template: index
2018-10-04 14:06:14.210 INFO  tk.mybatis.mapper.autoconfigure.MapperCacheDisabler Line:60  - Clear tk.mybatis.mapper.util.MsUtil CLASS_CACHE cache.
2018-10-04 14:06:14.211 INFO  tk.mybatis.mapper.autoconfigure.MapperCacheDisabler Line:60  - Clear tk.mybatis.mapper.genid.GenIdUtil CACHE cache.
2018-10-04 14:06:14.212 INFO  tk.mybatis.mapper.autoconfigure.MapperCacheDisabler Line:60  - Clear tk.mybatis.mapper.version.VersionUtil CACHE cache.
2018-10-04 14:06:14.214 INFO  tk.mybatis.mapper.autoconfigure.MapperCacheDisabler Line:83  - Clear EntityHelper entityTableMap cache.
2018-10-04 14:06:14.819 INFO  org.springframework.web.socket.server.standard.ServerEndpointExporter Line:153 - Registering @ServerEndpoint class: class com.itstyle.seckill.controller.config.WebSocketServer
2018-10-04 14:06:14.827 INFO  org.springframework.jmx.export.annotation.AnnotationMBeanExporter Line:433 - Registering beans for JMX exposure on startup
2018-10-04 14:06:14.830 INFO  org.springframework.jmx.export.annotation.AnnotationMBeanExporter Line:895 - Bean with name 'dataSource' has been autodetected for JMX exposure
2018-10-04 14:06:14.837 INFO  org.springframework.jmx.export.annotation.AnnotationMBeanExporter Line:668 - Located MBean 'dataSource': registering with JMX server as MBean [com.zaxxer.hikari:name=dataSource,type=HikariDataSource]
2018-10-04 14:06:14.846 INFO  org.springframework.context.support.DefaultLifecycleProcessor Line:356 - Starting beans in phase 2147483547
2018-10-04 14:06:14.846 INFO  org.springframework.context.support.DefaultLifecycleProcessor Line:356 - Starting beans in phase 2147483647
2018-10-04 14:06:14.847 INFO  springfox.documentation.spring.web.plugins.DocumentationPluginsBootstrapper Line:160 - Context refreshed
2018-10-04 14:06:14.857 INFO  springfox.documentation.spring.web.plugins.DocumentationPluginsBootstrapper Line:163 - Found 1 custom documentation plugin(s)
2018-10-04 14:06:14.885 INFO  springfox.documentation.spring.web.scanners.ApiListingReferenceScanner Line:41  - Scanning for api listing references
2018-10-04 14:06:15.007 INFO  springfox.documentation.spring.web.readers.operation.CachingOperationNameGenerator Line:40  - Generating unique operation named: pageUsingGET_1
2018-10-04 14:06:15.007 INFO  springfox.documentation.spring.web.readers.operation.CachingOperationNameGenerator Line:40  - Generating unique operation named: pageUsingHEAD_1
2018-10-04 14:06:15.009 INFO  springfox.documentation.spring.web.readers.operation.CachingOperationNameGenerator Line:40  - Generating unique operation named: pageUsingPOST_1
2018-10-04 14:06:15.011 INFO  springfox.documentation.spring.web.readers.operation.CachingOperationNameGenerator Line:40  - Generating unique operation named: pageUsingPUT_1
2018-10-04 14:06:15.013 INFO  springfox.documentation.spring.web.readers.operation.CachingOperationNameGenerator Line:40  - Generating unique operation named: pageUsingPATCH_1
2018-10-04 14:06:15.015 INFO  springfox.documentation.spring.web.readers.operation.CachingOperationNameGenerator Line:40  - Generating unique operation named: pageUsingDELETE_1
2018-10-04 14:06:15.017 INFO  springfox.documentation.spring.web.readers.operation.CachingOperationNameGenerator Line:40  - Generating unique operation named: pageUsingOPTIONS_1
2018-10-04 14:06:15.019 INFO  springfox.documentation.spring.web.readers.operation.CachingOperationNameGenerator Line:40  - Generating unique operation named: pageUsingTRACE_1
2018-10-04 14:06:15.027 INFO  springfox.documentation.spring.web.readers.operation.CachingOperationNameGenerator Line:40  - Generating unique operation named: 版权所属：芦望阳_1
2018-10-04 14:06:15.032 INFO  springfox.documentation.spring.web.readers.operation.CachingOperationNameGenerator Line:40  - Generating unique operation named: 版权所有：芦望阳_1
2018-10-04 14:06:15.035 INFO  springfox.documentation.spring.web.readers.operation.CachingOperationNameGenerator Line:40  - Generating unique operation named: 版权所有：芦望阳_2
2018-10-04 14:06:15.038 INFO  springfox.documentation.spring.web.readers.operation.CachingOperationNameGenerator Line:40  - Generating unique operation named: 版权所属：芦望阳_2
2018-10-04 14:06:15.103 INFO  org.springframework.boot.web.embedded.tomcat.TomcatWebServer Line:206 - Tomcat started on port(s): 8000 (http) with context path '/seckill'
2018-10-04 14:06:15.109 INFO  com.itstyle.seckill.SeckillApplication Line:59  - Started SeckillApplication in 8.409 seconds (JVM running for 11.097)
2018-10-04 14:06:15.112 INFO  com.itstyle.seckill.SeckillApplication Line:22  - 项目启动
2018-10-04 14:06:27.225 INFO  org.apache.catalina.core.ContainerBase.[Tomcat].[localhost].[/seckill] Line:180 - Initializing Spring FrameworkServlet 'dispatcherServlet'
2018-10-04 14:06:27.225 INFO  org.springframework.web.servlet.DispatcherServlet Line:494 - FrameworkServlet 'dispatcherServlet': initialization started
2018-10-04 14:06:27.245 INFO  org.springframework.web.servlet.DispatcherServlet Line:509 - FrameworkServlet 'dispatcherServlet': initialization completed in 19 ms
2018-10-04 14:06:27.734 INFO  com.zaxxer.hikari.HikariDataSource Line:110 - HikariPool-1 - Starting...
2018-10-04 14:06:27.840 INFO  com.zaxxer.hikari.HikariDataSource Line:123 - HikariPool-1 - Start completed.
2018-10-04 14:15:20.319 INFO  com.itstyle.seckill.SeckillApplication Line:50  - Starting SeckillApplication on DESKTOP-JCQLQVG with PID 6304 (E:\ideaUI\seckill\target\classes started by 木本芽衣 in E:\ideaUI\seckill)
2018-10-04 14:15:20.325 INFO  com.itstyle.seckill.SeckillApplication Line:680 - No active profile set, falling back to default profiles: default
2018-10-04 14:15:20.429 INFO  org.springframework.boot.web.servlet.context.AnnotationConfigServletWebServerApplicationContext Line:590 - Refreshing org.springframework.boot.web.servlet.context.AnnotationConfigServletWebServerApplicationContext@2dc54ad4: startup date [Thu Oct 04 14:15:20 CST 2018]; root of context hierarchy
2018-10-04 14:15:21.419 INFO  org.springframework.data.repository.config.RepositoryConfigurationDelegate Line:172 - Multiple Spring Data modules found, entering strict repository configuration mode!
2018-10-04 14:15:21.846 INFO  org.springframework.context.support.PostProcessorRegistrationDelegate$BeanPostProcessorChecker Line:326 - Bean 'org.springframework.kafka.annotation.KafkaBootstrapConfiguration' of type [org.springframework.kafka.annotation.KafkaBootstrapConfiguration$$EnhancerBySpringCGLIB$$241e7de1] is not eligible for getting processed by all BeanPostProcessors (for example: not eligible for auto-proxying)
2018-10-04 14:15:21.881 INFO  org.springframework.context.support.PostProcessorRegistrationDelegate$BeanPostProcessorChecker Line:326 - Bean 'redisConfig' of type [com.itstyle.seckill.controller.config.RedisConfig$$EnhancerBySpringCGLIB$$86cd8152] is not eligible for getting processed by all BeanPostProcessors (for example: not eligible for auto-proxying)
2018-10-04 14:15:21.899 INFO  org.springframework.context.support.PostProcessorRegistrationDelegate$BeanPostProcessorChecker Line:326 - Bean 'org.springframework.transaction.annotation.ProxyTransactionManagementConfiguration' of type [org.springframework.transaction.annotation.ProxyTransactionManagementConfiguration$$EnhancerBySpringCGLIB$$506c6c5e] is not eligible for getting processed by all BeanPostProcessors (for example: not eligible for auto-proxying)
2018-10-04 14:15:21.938 INFO  org.springframework.context.support.PostProcessorRegistrationDelegate$BeanPostProcessorChecker Line:326 - Bean 'keyGenerator' of type [com.itstyle.seckill.controller.config.RedisConfig$1] is not eligible for getting processed by all BeanPostProcessors (for example: not eligible for auto-proxying)
2018-10-04 14:15:22.406 INFO  org.springframework.boot.web.embedded.tomcat.TomcatWebServer Line:91  - Tomcat initialized with port(s): 8000 (http)
2018-10-04 14:15:22.425 INFO  org.apache.catalina.core.StandardService Line:180 - Starting service [Tomcat]
2018-10-04 14:15:22.425 INFO  org.apache.catalina.core.StandardEngine Line:180 - Starting Servlet Engine: Apache Tomcat/8.5.34
2018-10-04 14:15:22.429 INFO  org.apache.catalina.core.AprLifecycleListener Line:180 - The APR based Apache Tomcat Native library which allows optimal performance in production environments was not found on the java.library.path: [C:\Program Files\Java\jdk1.8.0_172\bin;C:\WINDOWS\Sun\Java\bin;C:\WINDOWS\system32;C:\WINDOWS;C:\Program Files\Java\jdk1.8.0_172\bin;C:\Program Files\Java\jdk1.8.0_172\jre\bin;C:\Program Files\MySQL\MySQL Server 8.0\bin;%CATALINA_HOME%\bin;C:\WINDOWS\system32;C:\WINDOWS;C:\WINDOWS\System32\Wbem;C:\WINDOWS\System32\WindowsPowerShell\v1.0\;C:\Program Files (x86)\maven\apache-maven-3.3.9\bin;E:\git\Git\cmd;C:\Program Files\spring-boot-cli-2.0.4.RELEASE-bin\spring-2.0.4.RELEASE\bin;C:\Users\董晶\AppData\Local\Microsoft\WindowsApps;;.]
2018-10-04 14:15:22.540 INFO  org.apache.catalina.core.ContainerBase.[Tomcat].[localhost].[/seckill] Line:180 - Initializing Spring embedded WebApplicationContext
2018-10-04 14:15:22.541 INFO  org.springframework.web.context.ContextLoader Line:285 - Root WebApplicationContext: initialization completed in 2112 ms
2018-10-04 14:15:22.608 INFO  org.springframework.boot.web.servlet.ServletRegistrationBean Line:187 - Servlet dispatcherServlet mapped to [/]
2018-10-04 14:15:22.612 INFO  org.springframework.boot.web.servlet.FilterRegistrationBean Line:245 - Mapping filter: 'characterEncodingFilter' to: [/*]
2018-10-04 14:15:22.613 INFO  org.springframework.boot.web.servlet.FilterRegistrationBean Line:245 - Mapping filter: 'hiddenHttpMethodFilter' to: [/*]
2018-10-04 14:15:22.614 INFO  org.springframework.boot.web.servlet.FilterRegistrationBean Line:245 - Mapping filter: 'httpPutFormContentFilter' to: [/*]
2018-10-04 14:15:22.614 INFO  org.springframework.boot.web.servlet.FilterRegistrationBean Line:245 - Mapping filter: 'requestContextFilter' to: [/*]
2018-10-04 14:15:22.907 INFO  org.springframework.web.servlet.view.freemarker.FreeMarkerConfigurer Line:131 - ClassTemplateLoader for Spring macros added to FreeMarker configuration
2018-10-04 14:15:23.639 INFO  org.springframework.web.servlet.mvc.method.annotation.RequestMappingHandlerMapping Line:549 - Mapped "{[/{url}.shtml]}" onto public java.lang.String com.itstyle.seckill.controller.config.IndexController.page(java.lang.String)
2018-10-04 14:15:23.641 INFO  org.springframework.web.servlet.mvc.method.annotation.RequestMappingHandlerMapping Line:549 - Mapped "{[/{module}/{url}.shtml]}" onto public java.lang.String com.itstyle.seckill.controller.config.IndexController.page(java.lang.String,java.lang.String)
2018-10-04 14:15:23.644 INFO  org.springframework.web.servlet.mvc.method.annotation.RequestMappingHandlerMapping Line:549 - Mapped "{[/createHtml/start],methods=[GET]}" onto public com.itstyle.seckill.pojo.Result com.itstyle.seckill.controller.CreateHtmlController.start()
2018-10-04 14:15:23.648 INFO  org.springframework.web.servlet.mvc.method.annotation.RequestMappingHandlerMapping Line:549 - Mapped "{[/seckill/start],methods=[GET]}" onto public com.itstyle.seckill.pojo.Result com.itstyle.seckill.controller.SeckillController.start(java.lang.Long)
2018-10-04 14:15:23.648 INFO  org.springframework.web.servlet.mvc.method.annotation.RequestMappingHandlerMapping Line:549 - Mapped "{[/seckill/test],methods=[GET]}" onto public java.lang.String com.itstyle.seckill.controller.SeckillController.test()
2018-10-04 14:15:23.649 INFO  org.springframework.web.servlet.mvc.method.annotation.RequestMappingHandlerMapping Line:549 - Mapped "{[/seckill/startDBPCC_ONE],methods=[POST]}" onto public com.itstyle.seckill.pojo.Result com.itstyle.seckill.controller.SeckillController.startDBPCC_ONE(long)
2018-10-04 14:15:23.649 INFO  org.springframework.web.servlet.mvc.method.annotation.RequestMappingHandlerMapping Line:549 - Mapped "{[/seckill/startDBOCC],methods=[POST]}" onto public com.itstyle.seckill.pojo.Result com.itstyle.seckill.controller.SeckillController.startDBOCC(long)
2018-10-04 14:15:23.650 INFO  org.springframework.web.servlet.mvc.method.annotation.RequestMappingHandlerMapping Line:549 - Mapped "{[/seckill/startLock],methods=[POST]}" onto public com.itstyle.seckill.pojo.Result com.itstyle.seckill.controller.SeckillController.startLock(java.lang.Long)
2018-10-04 14:15:23.650 INFO  org.springframework.web.servlet.mvc.method.annotation.RequestMappingHandlerMapping Line:549 - Mapped "{[/seckill/startAopLock],methods=[POST]}" onto public com.itstyle.seckill.pojo.Result com.itstyle.seckill.controller.SeckillController.startAopLock(java.lang.Long)
2018-10-04 14:15:23.651 INFO  org.springframework.web.servlet.mvc.method.annotation.RequestMappingHandlerMapping Line:549 - Mapped "{[/seckill/startDBPCC_TWO],methods=[POST]}" onto public com.itstyle.seckill.pojo.Result com.itstyle.seckill.controller.SeckillController.startDBPCC_TWO(long)
2018-10-04 14:15:23.653 INFO  org.springframework.web.servlet.mvc.method.annotation.RequestMappingHandlerMapping Line:549 - Mapped "{[/seckillPage/list],methods=[POST]}" onto public com.itstyle.seckill.pojo.Result com.itstyle.seckill.controller.SeckillPageController.list()
2018-10-04 14:15:23.660 INFO  org.springframework.web.servlet.mvc.method.annotation.RequestMappingHandlerMapping Line:549 - Mapped "{[/swagger-resources/configuration/security]}" onto public org.springframework.http.ResponseEntity<springfox.documentation.swagger.web.SecurityConfiguration> springfox.documentation.swagger.web.ApiResourceController.securityConfiguration()
2018-10-04 14:15:23.661 INFO  org.springframework.web.servlet.mvc.method.annotation.RequestMappingHandlerMapping Line:549 - Mapped "{[/swagger-resources]}" onto public org.springframework.http.ResponseEntity<java.util.List<springfox.documentation.swagger.web.SwaggerResource>> springfox.documentation.swagger.web.ApiResourceController.swaggerResources()
2018-10-04 14:15:23.662 INFO  org.springframework.web.servlet.mvc.method.annotation.RequestMappingHandlerMapping Line:549 - Mapped "{[/swagger-resources/configuration/ui]}" onto public org.springframework.http.ResponseEntity<springfox.documentation.swagger.web.UiConfiguration> springfox.documentation.swagger.web.ApiResourceController.uiConfiguration()
2018-10-04 14:15:23.666 INFO  org.springframework.web.servlet.mvc.method.annotation.RequestMappingHandlerMapping Line:549 - Mapped "{[/error]}" onto public org.springframework.http.ResponseEntity<java.util.Map<java.lang.String, java.lang.Object>> org.springframework.boot.autoconfigure.web.servlet.error.BasicErrorController.error(javax.servlet.http.HttpServletRequest)
2018-10-04 14:15:23.667 INFO  org.springframework.web.servlet.mvc.method.annotation.RequestMappingHandlerMapping Line:549 - Mapped "{[/error],produces=[text/html]}" onto public org.springframework.web.servlet.ModelAndView org.springframework.boot.autoconfigure.web.servlet.error.BasicErrorController.errorHtml(javax.servlet.http.HttpServletRequest,javax.servlet.http.HttpServletResponse)
2018-10-04 14:15:23.832 INFO  springfox.documentation.spring.web.PropertySourcedRequestMappingHandlerMapping Line:69  - Mapped URL path [/v2/api-docs] onto method [public org.springframework.http.ResponseEntity<springfox.documentation.spring.web.json.Json> springfox.documentation.swagger2.web.Swagger2Controller.getDocumentation(java.lang.String,javax.servlet.http.HttpServletRequest)]
2018-10-04 14:15:23.971 INFO  org.springframework.web.servlet.handler.SimpleUrlHandlerMapping Line:373 - Mapped URL path [/**/favicon.ico] onto handler of type [class org.springframework.web.servlet.resource.ResourceHttpRequestHandler]
2018-10-04 14:15:24.146 INFO  org.springframework.web.servlet.mvc.method.annotation.RequestMappingHandlerAdapter Line:588 - Looking for @ControllerAdvice: org.springframework.boot.web.servlet.context.AnnotationConfigServletWebServerApplicationContext@2dc54ad4: startup date [Thu Oct 04 14:15:20 CST 2018]; root of context hierarchy
2018-10-04 14:15:24.181 INFO  org.springframework.web.servlet.handler.SimpleUrlHandlerMapping Line:360 - Root mapping to handler of type [class org.springframework.web.servlet.mvc.ParameterizableViewController]
2018-10-04 14:15:24.196 INFO  org.springframework.web.servlet.handler.SimpleUrlHandlerMapping Line:373 - Mapped URL path [/webjars/**] onto handler of type [class org.springframework.web.servlet.resource.ResourceHttpRequestHandler]
2018-10-04 14:15:24.197 INFO  org.springframework.web.servlet.handler.SimpleUrlHandlerMapping Line:373 - Mapped URL path [/**] onto handler of type [class org.springframework.web.servlet.resource.ResourceHttpRequestHandler]
2018-10-04 14:15:24.324 INFO  org.springframework.boot.autoconfigure.web.servlet.WelcomePageHandlerMapping Line:61  - Adding welcome page template: index
2018-10-04 14:15:24.355 INFO  tk.mybatis.mapper.autoconfigure.MapperCacheDisabler Line:60  - Clear tk.mybatis.mapper.util.MsUtil CLASS_CACHE cache.
2018-10-04 14:15:24.356 INFO  tk.mybatis.mapper.autoconfigure.MapperCacheDisabler Line:60  - Clear tk.mybatis.mapper.genid.GenIdUtil CACHE cache.
2018-10-04 14:15:24.356 INFO  tk.mybatis.mapper.autoconfigure.MapperCacheDisabler Line:60  - Clear tk.mybatis.mapper.version.VersionUtil CACHE cache.
2018-10-04 14:15:24.357 INFO  tk.mybatis.mapper.autoconfigure.MapperCacheDisabler Line:83  - Clear EntityHelper entityTableMap cache.
2018-10-04 14:15:24.943 INFO  org.springframework.web.socket.server.standard.ServerEndpointExporter Line:153 - Registering @ServerEndpoint class: class com.itstyle.seckill.controller.config.WebSocketServer
2018-10-04 14:15:24.951 INFO  org.springframework.jmx.export.annotation.AnnotationMBeanExporter Line:433 - Registering beans for JMX exposure on startup
2018-10-04 14:15:24.954 INFO  org.springframework.jmx.export.annotation.AnnotationMBeanExporter Line:895 - Bean with name 'dataSource' has been autodetected for JMX exposure
2018-10-04 14:15:24.963 INFO  org.springframework.jmx.export.annotation.AnnotationMBeanExporter Line:668 - Located MBean 'dataSource': registering with JMX server as MBean [com.zaxxer.hikari:name=dataSource,type=HikariDataSource]
2018-10-04 14:15:24.971 INFO  org.springframework.context.support.DefaultLifecycleProcessor Line:356 - Starting beans in phase 2147483547
2018-10-04 14:15:24.972 INFO  org.springframework.context.support.DefaultLifecycleProcessor Line:356 - Starting beans in phase 2147483647
2018-10-04 14:15:24.972 INFO  springfox.documentation.spring.web.plugins.DocumentationPluginsBootstrapper Line:160 - Context refreshed
2018-10-04 14:15:24.984 INFO  springfox.documentation.spring.web.plugins.DocumentationPluginsBootstrapper Line:163 - Found 1 custom documentation plugin(s)
2018-10-04 14:15:25.011 INFO  springfox.documentation.spring.web.scanners.ApiListingReferenceScanner Line:41  - Scanning for api listing references
2018-10-04 14:15:25.137 INFO  springfox.documentation.spring.web.readers.operation.CachingOperationNameGenerator Line:40  - Generating unique operation named: pageUsingGET_1
2018-10-04 14:15:25.139 INFO  springfox.documentation.spring.web.readers.operation.CachingOperationNameGenerator Line:40  - Generating unique operation named: pageUsingHEAD_1
2018-10-04 14:15:25.140 INFO  springfox.documentation.spring.web.readers.operation.CachingOperationNameGenerator Line:40  - Generating unique operation named: pageUsingPOST_1
2018-10-04 14:15:25.142 INFO  springfox.documentation.spring.web.readers.operation.CachingOperationNameGenerator Line:40  - Generating unique operation named: pageUsingPUT_1
2018-10-04 14:15:25.144 INFO  springfox.documentation.spring.web.readers.operation.CachingOperationNameGenerator Line:40  - Generating unique operation named: pageUsingPATCH_1
2018-10-04 14:15:25.146 INFO  springfox.documentation.spring.web.readers.operation.CachingOperationNameGenerator Line:40  - Generating unique operation named: pageUsingDELETE_1
2018-10-04 14:15:25.148 INFO  springfox.documentation.spring.web.readers.operation.CachingOperationNameGenerator Line:40  - Generating unique operation named: pageUsingOPTIONS_1
2018-10-04 14:15:25.149 INFO  springfox.documentation.spring.web.readers.operation.CachingOperationNameGenerator Line:40  - Generating unique operation named: pageUsingTRACE_1
2018-10-04 14:15:25.157 INFO  springfox.documentation.spring.web.readers.operation.CachingOperationNameGenerator Line:40  - Generating unique operation named: 版权所属：芦望阳_1
2018-10-04 14:15:25.163 INFO  springfox.documentation.spring.web.readers.operation.CachingOperationNameGenerator Line:40  - Generating unique operation named: 版权所有：芦望阳_1
2018-10-04 14:15:25.165 INFO  springfox.documentation.spring.web.readers.operation.CachingOperationNameGenerator Line:40  - Generating unique operation named: 版权所有：芦望阳_2
2018-10-04 14:15:25.167 INFO  springfox.documentation.spring.web.readers.operation.CachingOperationNameGenerator Line:40  - Generating unique operation named: 版权所属：芦望阳_2
2018-10-04 14:15:25.232 INFO  org.springframework.boot.web.embedded.tomcat.TomcatWebServer Line:206 - Tomcat started on port(s): 8000 (http) with context path '/seckill'
2018-10-04 14:15:25.236 INFO  com.itstyle.seckill.SeckillApplication Line:59  - Started SeckillApplication in 5.978 seconds (JVM running for 7.811)
2018-10-04 14:15:25.239 INFO  com.itstyle.seckill.SeckillApplication Line:22  - 项目启动
2018-10-04 14:15:39.942 INFO  org.apache.catalina.core.ContainerBase.[Tomcat].[localhost].[/seckill] Line:180 - Initializing Spring FrameworkServlet 'dispatcherServlet'
2018-10-04 14:15:39.942 INFO  org.springframework.web.servlet.DispatcherServlet Line:494 - FrameworkServlet 'dispatcherServlet': initialization started
2018-10-04 14:15:39.966 INFO  org.springframework.web.servlet.DispatcherServlet Line:509 - FrameworkServlet 'dispatcherServlet': initialization completed in 23 ms
2018-10-04 14:15:40.473 INFO  com.zaxxer.hikari.HikariDataSource Line:110 - HikariPool-1 - Starting...
2018-10-04 14:15:40.577 INFO  com.zaxxer.hikari.HikariDataSource Line:123 - HikariPool-1 - Start completed.
2018-10-04 14:28:15.585 INFO  com.itstyle.seckill.SeckillApplication Line:50  - Starting SeckillApplication on DESKTOP-JCQLQVG with PID 9040 (E:\ideaUI\seckill\target\classes started by 木本芽衣 in E:\ideaUI\seckill)
2018-10-04 14:28:15.590 INFO  com.itstyle.seckill.SeckillApplication Line:680 - No active profile set, falling back to default profiles: default
2018-10-04 14:28:15.654 INFO  org.springframework.boot.web.servlet.context.AnnotationConfigServletWebServerApplicationContext Line:590 - Refreshing org.springframework.boot.web.servlet.context.AnnotationConfigServletWebServerApplicationContext@1151e434: startup date [Thu Oct 04 14:28:15 CST 2018]; root of context hierarchy
2018-10-04 14:28:16.504 INFO  org.springframework.data.repository.config.RepositoryConfigurationDelegate Line:172 - Multiple Spring Data modules found, entering strict repository configuration mode!
2018-10-04 14:28:16.889 INFO  org.springframework.context.support.PostProcessorRegistrationDelegate$BeanPostProcessorChecker Line:326 - Bean 'org.springframework.kafka.annotation.KafkaBootstrapConfiguration' of type [org.springframework.kafka.annotation.KafkaBootstrapConfiguration$$EnhancerBySpringCGLIB$$2186d025] is not eligible for getting processed by all BeanPostProcessors (for example: not eligible for auto-proxying)
2018-10-04 14:28:16.910 INFO  org.springframework.context.support.PostProcessorRegistrationDelegate$BeanPostProcessorChecker Line:326 - Bean 'redisConfig' of type [com.itstyle.seckill.controller.config.RedisConfig$$EnhancerBySpringCGLIB$$8435d396] is not eligible for getting processed by all BeanPostProcessors (for example: not eligible for auto-proxying)
2018-10-04 14:28:16.924 INFO  org.springframework.context.support.PostProcessorRegistrationDelegate$BeanPostProcessorChecker Line:326 - Bean 'org.springframework.transaction.annotation.ProxyTransactionManagementConfiguration' of type [org.springframework.transaction.annotation.ProxyTransactionManagementConfiguration$$EnhancerBySpringCGLIB$$4dd4bea2] is not eligible for getting processed by all BeanPostProcessors (for example: not eligible for auto-proxying)
2018-10-04 14:28:16.965 INFO  org.springframework.context.support.PostProcessorRegistrationDelegate$BeanPostProcessorChecker Line:326 - Bean 'keyGenerator' of type [com.itstyle.seckill.controller.config.RedisConfig$1] is not eligible for getting processed by all BeanPostProcessors (for example: not eligible for auto-proxying)
2018-10-04 14:28:17.385 INFO  org.springframework.boot.web.embedded.tomcat.TomcatWebServer Line:91  - Tomcat initialized with port(s): 8000 (http)
2018-10-04 14:28:17.403 INFO  org.apache.catalina.core.StandardService Line:180 - Starting service [Tomcat]
2018-10-04 14:28:17.403 INFO  org.apache.catalina.core.StandardEngine Line:180 - Starting Servlet Engine: Apache Tomcat/8.5.34
2018-10-04 14:28:17.407 INFO  org.apache.catalina.core.AprLifecycleListener Line:180 - The APR based Apache Tomcat Native library which allows optimal performance in production environments was not found on the java.library.path: [C:\Program Files\Java\jdk1.8.0_172\bin;C:\WINDOWS\Sun\Java\bin;C:\WINDOWS\system32;C:\WINDOWS;C:\Program Files\Java\jdk1.8.0_172\bin;C:\Program Files\Java\jdk1.8.0_172\jre\bin;C:\Program Files\MySQL\MySQL Server 8.0\bin;%CATALINA_HOME%\bin;C:\WINDOWS\system32;C:\WINDOWS;C:\WINDOWS\System32\Wbem;C:\WINDOWS\System32\WindowsPowerShell\v1.0\;C:\Program Files (x86)\maven\apache-maven-3.3.9\bin;E:\git\Git\cmd;C:\Program Files\spring-boot-cli-2.0.4.RELEASE-bin\spring-2.0.4.RELEASE\bin;C:\Users\董晶\AppData\Local\Microsoft\WindowsApps;;.]
2018-10-04 14:28:17.516 INFO  org.apache.catalina.core.ContainerBase.[Tomcat].[localhost].[/seckill] Line:180 - Initializing Spring embedded WebApplicationContext
2018-10-04 14:28:17.517 INFO  org.springframework.web.context.ContextLoader Line:285 - Root WebApplicationContext: initialization completed in 1863 ms
2018-10-04 14:28:17.583 INFO  org.springframework.boot.web.servlet.ServletRegistrationBean Line:187 - Servlet dispatcherServlet mapped to [/]
2018-10-04 14:28:17.587 INFO  org.springframework.boot.web.servlet.FilterRegistrationBean Line:245 - Mapping filter: 'characterEncodingFilter' to: [/*]
2018-10-04 14:28:17.588 INFO  org.springframework.boot.web.servlet.FilterRegistrationBean Line:245 - Mapping filter: 'hiddenHttpMethodFilter' to: [/*]
2018-10-04 14:28:17.588 INFO  org.springframework.boot.web.servlet.FilterRegistrationBean Line:245 - Mapping filter: 'httpPutFormContentFilter' to: [/*]
2018-10-04 14:28:17.588 INFO  org.springframework.boot.web.servlet.FilterRegistrationBean Line:245 - Mapping filter: 'requestContextFilter' to: [/*]
2018-10-04 14:28:17.889 INFO  org.springframework.web.servlet.view.freemarker.FreeMarkerConfigurer Line:131 - ClassTemplateLoader for Spring macros added to FreeMarker configuration
2018-10-04 14:28:18.527 INFO  org.springframework.web.servlet.mvc.method.annotation.RequestMappingHandlerMapping Line:549 - Mapped "{[/{url}.shtml]}" onto public java.lang.String com.itstyle.seckill.controller.config.IndexController.page(java.lang.String)
2018-10-04 14:28:18.528 INFO  org.springframework.web.servlet.mvc.method.annotation.RequestMappingHandlerMapping Line:549 - Mapped "{[/{module}/{url}.shtml]}" onto public java.lang.String com.itstyle.seckill.controller.config.IndexController.page(java.lang.String,java.lang.String)
2018-10-04 14:28:18.530 INFO  org.springframework.web.servlet.mvc.method.annotation.RequestMappingHandlerMapping Line:549 - Mapped "{[/createHtml/start],methods=[GET]}" onto public com.itstyle.seckill.pojo.Result com.itstyle.seckill.controller.CreateHtmlController.start()
2018-10-04 14:28:18.534 INFO  org.springframework.web.servlet.mvc.method.annotation.RequestMappingHandlerMapping Line:549 - Mapped "{[/seckill/start],methods=[GET]}" onto public com.itstyle.seckill.pojo.Result com.itstyle.seckill.controller.SeckillController.start(java.lang.Long)
2018-10-04 14:28:18.535 INFO  org.springframework.web.servlet.mvc.method.annotation.RequestMappingHandlerMapping Line:549 - Mapped "{[/seckill/test],methods=[GET]}" onto public java.lang.String com.itstyle.seckill.controller.SeckillController.test()
2018-10-04 14:28:18.536 INFO  org.springframework.web.servlet.mvc.method.annotation.RequestMappingHandlerMapping Line:549 - Mapped "{[/seckill/startLock],methods=[POST]}" onto public com.itstyle.seckill.pojo.Result com.itstyle.seckill.controller.SeckillController.startLock(java.lang.Long)
2018-10-04 14:28:18.536 INFO  org.springframework.web.servlet.mvc.method.annotation.RequestMappingHandlerMapping Line:549 - Mapped "{[/seckill/startDBOCC],methods=[POST]}" onto public com.itstyle.seckill.pojo.Result com.itstyle.seckill.controller.SeckillController.startDBOCC(long)
2018-10-04 14:28:18.537 INFO  org.springframework.web.servlet.mvc.method.annotation.RequestMappingHandlerMapping Line:549 - Mapped "{[/seckill/startDBPCC_ONE],methods=[POST]}" onto public com.itstyle.seckill.pojo.Result com.itstyle.seckill.controller.SeckillController.startDBPCC_ONE(long)
2018-10-04 14:28:18.537 INFO  org.springframework.web.servlet.mvc.method.annotation.RequestMappingHandlerMapping Line:549 - Mapped "{[/seckill/startAopLock],methods=[POST]}" onto public com.itstyle.seckill.pojo.Result com.itstyle.seckill.controller.SeckillController.startAopLock(java.lang.Long)
2018-10-04 14:28:18.538 INFO  org.springframework.web.servlet.mvc.method.annotation.RequestMappingHandlerMapping Line:549 - Mapped "{[/seckill/startDBPCC_TWO],methods=[POST]}" onto public com.itstyle.seckill.pojo.Result com.itstyle.seckill.controller.SeckillController.startDBPCC_TWO(long)
2018-10-04 14:28:18.540 INFO  org.springframework.web.servlet.mvc.method.annotation.RequestMappingHandlerMapping Line:549 - Mapped "{[/seckillPage/list],methods=[POST]}" onto public com.itstyle.seckill.pojo.Result com.itstyle.seckill.controller.SeckillPageController.list()
2018-10-04 14:28:18.547 INFO  org.springframework.web.servlet.mvc.method.annotation.RequestMappingHandlerMapping Line:549 - Mapped "{[/swagger-resources/configuration/ui]}" onto public org.springframework.http.ResponseEntity<springfox.documentation.swagger.web.UiConfiguration> springfox.documentation.swagger.web.ApiResourceController.uiConfiguration()
2018-10-04 14:28:18.548 INFO  org.springframework.web.servlet.mvc.method.annotation.RequestMappingHandlerMapping Line:549 - Mapped "{[/swagger-resources]}" onto public org.springframework.http.ResponseEntity<java.util.List<springfox.documentation.swagger.web.SwaggerResource>> springfox.documentation.swagger.web.ApiResourceController.swaggerResources()
2018-10-04 14:28:18.549 INFO  org.springframework.web.servlet.mvc.method.annotation.RequestMappingHandlerMapping Line:549 - Mapped "{[/swagger-resources/configuration/security]}" onto public org.springframework.http.ResponseEntity<springfox.documentation.swagger.web.SecurityConfiguration> springfox.documentation.swagger.web.ApiResourceController.securityConfiguration()
2018-10-04 14:28:18.553 INFO  org.springframework.web.servlet.mvc.method.annotation.RequestMappingHandlerMapping Line:549 - Mapped "{[/error]}" onto public org.springframework.http.ResponseEntity<java.util.Map<java.lang.String, java.lang.Object>> org.springframework.boot.autoconfigure.web.servlet.error.BasicErrorController.error(javax.servlet.http.HttpServletRequest)
2018-10-04 14:28:18.554 INFO  org.springframework.web.servlet.mvc.method.annotation.RequestMappingHandlerMapping Line:549 - Mapped "{[/error],produces=[text/html]}" onto public org.springframework.web.servlet.ModelAndView org.springframework.boot.autoconfigure.web.servlet.error.BasicErrorController.errorHtml(javax.servlet.http.HttpServletRequest,javax.servlet.http.HttpServletResponse)
2018-10-04 14:28:18.721 INFO  springfox.documentation.spring.web.PropertySourcedRequestMappingHandlerMapping Line:69  - Mapped URL path [/v2/api-docs] onto method [public org.springframework.http.ResponseEntity<springfox.documentation.spring.web.json.Json> springfox.documentation.swagger2.web.Swagger2Controller.getDocumentation(java.lang.String,javax.servlet.http.HttpServletRequest)]
2018-10-04 14:28:18.852 INFO  org.springframework.web.servlet.handler.SimpleUrlHandlerMapping Line:373 - Mapped URL path [/**/favicon.ico] onto handler of type [class org.springframework.web.servlet.resource.ResourceHttpRequestHandler]
2018-10-04 14:28:19.025 INFO  org.springframework.web.servlet.mvc.method.annotation.RequestMappingHandlerAdapter Line:588 - Looking for @ControllerAdvice: org.springframework.boot.web.servlet.context.AnnotationConfigServletWebServerApplicationContext@1151e434: startup date [Thu Oct 04 14:28:15 CST 2018]; root of context hierarchy
2018-10-04 14:28:19.056 INFO  org.springframework.web.servlet.handler.SimpleUrlHandlerMapping Line:360 - Root mapping to handler of type [class org.springframework.web.servlet.mvc.ParameterizableViewController]
2018-10-04 14:28:19.074 INFO  org.springframework.web.servlet.handler.SimpleUrlHandlerMapping Line:373 - Mapped URL path [/webjars/**] onto handler of type [class org.springframework.web.servlet.resource.ResourceHttpRequestHandler]
2018-10-04 14:28:19.074 INFO  org.springframework.web.servlet.handler.SimpleUrlHandlerMapping Line:373 - Mapped URL path [/**] onto handler of type [class org.springframework.web.servlet.resource.ResourceHttpRequestHandler]
2018-10-04 14:28:19.198 INFO  org.springframework.boot.autoconfigure.web.servlet.WelcomePageHandlerMapping Line:61  - Adding welcome page template: index
2018-10-04 14:28:19.229 INFO  tk.mybatis.mapper.autoconfigure.MapperCacheDisabler Line:60  - Clear tk.mybatis.mapper.util.MsUtil CLASS_CACHE cache.
2018-10-04 14:28:19.230 INFO  tk.mybatis.mapper.autoconfigure.MapperCacheDisabler Line:60  - Clear tk.mybatis.mapper.genid.GenIdUtil CACHE cache.
2018-10-04 14:28:19.231 INFO  tk.mybatis.mapper.autoconfigure.MapperCacheDisabler Line:60  - Clear tk.mybatis.mapper.version.VersionUtil CACHE cache.
2018-10-04 14:28:19.232 INFO  tk.mybatis.mapper.autoconfigure.MapperCacheDisabler Line:83  - Clear EntityHelper entityTableMap cache.
2018-10-04 14:28:19.854 INFO  org.springframework.web.socket.server.standard.ServerEndpointExporter Line:153 - Registering @ServerEndpoint class: class com.itstyle.seckill.controller.config.WebSocketServer
2018-10-04 14:28:19.864 INFO  org.springframework.jmx.export.annotation.AnnotationMBeanExporter Line:433 - Registering beans for JMX exposure on startup
2018-10-04 14:28:19.868 INFO  org.springframework.jmx.export.annotation.AnnotationMBeanExporter Line:895 - Bean with name 'dataSource' has been autodetected for JMX exposure
2018-10-04 14:28:19.880 INFO  org.springframework.jmx.export.annotation.AnnotationMBeanExporter Line:668 - Located MBean 'dataSource': registering with JMX server as MBean [com.zaxxer.hikari:name=dataSource,type=HikariDataSource]
2018-10-04 14:28:19.890 INFO  org.springframework.context.support.DefaultLifecycleProcessor Line:356 - Starting beans in phase 2147483547
2018-10-04 14:28:19.891 INFO  org.springframework.context.support.DefaultLifecycleProcessor Line:356 - Starting beans in phase 2147483647
2018-10-04 14:28:19.891 INFO  springfox.documentation.spring.web.plugins.DocumentationPluginsBootstrapper Line:160 - Context refreshed
2018-10-04 14:28:19.901 INFO  springfox.documentation.spring.web.plugins.DocumentationPluginsBootstrapper Line:163 - Found 1 custom documentation plugin(s)
2018-10-04 14:28:19.929 INFO  springfox.documentation.spring.web.scanners.ApiListingReferenceScanner Line:41  - Scanning for api listing references
2018-10-04 14:28:20.049 INFO  springfox.documentation.spring.web.readers.operation.CachingOperationNameGenerator Line:40  - Generating unique operation named: pageUsingGET_1
2018-10-04 14:28:20.052 INFO  springfox.documentation.spring.web.readers.operation.CachingOperationNameGenerator Line:40  - Generating unique operation named: pageUsingHEAD_1
2018-10-04 14:28:20.054 INFO  springfox.documentation.spring.web.readers.operation.CachingOperationNameGenerator Line:40  - Generating unique operation named: pageUsingPOST_1
2018-10-04 14:28:20.056 INFO  springfox.documentation.spring.web.readers.operation.CachingOperationNameGenerator Line:40  - Generating unique operation named: pageUsingPUT_1
2018-10-04 14:28:20.058 INFO  springfox.documentation.spring.web.readers.operation.CachingOperationNameGenerator Line:40  - Generating unique operation named: pageUsingPATCH_1
2018-10-04 14:28:20.059 INFO  springfox.documentation.spring.web.readers.operation.CachingOperationNameGenerator Line:40  - Generating unique operation named: pageUsingDELETE_1
2018-10-04 14:28:20.060 INFO  springfox.documentation.spring.web.readers.operation.CachingOperationNameGenerator Line:40  - Generating unique operation named: pageUsingOPTIONS_1
2018-10-04 14:28:20.063 INFO  springfox.documentation.spring.web.readers.operation.CachingOperationNameGenerator Line:40  - Generating unique operation named: pageUsingTRACE_1
2018-10-04 14:28:20.070 INFO  springfox.documentation.spring.web.readers.operation.CachingOperationNameGenerator Line:40  - Generating unique operation named: 版权所属：芦望阳_1
2018-10-04 14:28:20.073 INFO  springfox.documentation.spring.web.readers.operation.CachingOperationNameGenerator Line:40  - Generating unique operation named: 版权所有：芦望阳_1
2018-10-04 14:28:20.076 INFO  springfox.documentation.spring.web.readers.operation.CachingOperationNameGenerator Line:40  - Generating unique operation named: 版权所有：芦望阳_2
2018-10-04 14:28:20.078 INFO  springfox.documentation.spring.web.readers.operation.CachingOperationNameGenerator Line:40  - Generating unique operation named: 版权所属：芦望阳_2
2018-10-04 14:28:20.139 INFO  org.springframework.boot.web.embedded.tomcat.TomcatWebServer Line:206 - Tomcat started on port(s): 8000 (http) with context path '/seckill'
2018-10-04 14:28:20.143 INFO  com.itstyle.seckill.SeckillApplication Line:59  - Started SeckillApplication in 5.517 seconds (JVM running for 7.385)
2018-10-04 14:28:20.147 INFO  com.itstyle.seckill.SeckillApplication Line:22  - 项目启动
2018-10-04 14:28:47.530 INFO  org.apache.catalina.core.ContainerBase.[Tomcat].[localhost].[/seckill] Line:180 - Initializing Spring FrameworkServlet 'dispatcherServlet'
2018-10-04 14:28:47.531 INFO  org.springframework.web.servlet.DispatcherServlet Line:494 - FrameworkServlet 'dispatcherServlet': initialization started
2018-10-04 14:28:47.552 INFO  org.springframework.web.servlet.DispatcherServlet Line:509 - FrameworkServlet 'dispatcherServlet': initialization completed in 21 ms
2018-10-04 14:28:48.022 INFO  com.zaxxer.hikari.HikariDataSource Line:110 - HikariPool-1 - Starting...
2018-10-04 14:28:48.130 INFO  com.zaxxer.hikari.HikariDataSource Line:123 - HikariPool-1 - Start completed.
