2018-10-01 11:07:32.328 INFO  com.itstyle.seckill.SeckillApplication Line:50  - Starting SeckillApplication on DESKTOP-JCQLQVG with PID 420 (E:\ideaUI\seckill\target\classes started by 木本芽衣 in E:\ideaUI\seckill)
2018-10-01 11:07:32.387 INFO  com.itstyle.seckill.SeckillApplication Line:680 - No active profile set, falling back to default profiles: default
2018-10-01 11:07:32.530 INFO  org.springframework.boot.web.servlet.context.AnnotationConfigServletWebServerApplicationContext Line:590 - Refreshing org.springframework.boot.web.servlet.context.AnnotationConfigServletWebServerApplicationContext@47d9a273: startup date [Mon Oct 01 11:07:32 CST 2018]; root of context hierarchy
2018-10-01 11:07:33.653 INFO  org.springframework.data.repository.config.RepositoryConfigurationDelegate Line:172 - Multiple Spring Data modules found, entering strict repository configuration mode!
2018-10-01 11:07:34.111 INFO  org.springframework.context.support.PostProcessorRegistrationDelegate$BeanPostProcessorChecker Line:326 - Bean 'org.springframework.kafka.annotation.KafkaBootstrapConfiguration' of type [org.springframework.kafka.annotation.KafkaBootstrapConfiguration$$EnhancerBySpringCGLIB$$4b5e146f] is not eligible for getting processed by all BeanPostProcessors (for example: not eligible for auto-proxying)
2018-10-01 11:07:34.144 INFO  org.springframework.context.support.PostProcessorRegistrationDelegate$BeanPostProcessorChecker Line:326 - Bean 'org.springframework.transaction.annotation.ProxyTransactionManagementConfiguration' of type [org.springframework.transaction.annotation.ProxyTransactionManagementConfiguration$$EnhancerBySpringCGLIB$$77ac02ec] is not eligible for getting processed by all BeanPostProcessors (for example: not eligible for auto-proxying)
2018-10-01 11:07:34.620 INFO  org.springframework.boot.web.embedded.tomcat.TomcatWebServer Line:91  - Tomcat initialized with port(s): 8000 (http)
2018-10-01 11:07:34.646 INFO  org.apache.catalina.core.StandardService Line:180 - Starting service [Tomcat]
2018-10-01 11:07:34.646 INFO  org.apache.catalina.core.StandardEngine Line:180 - Starting Servlet Engine: Apache Tomcat/8.5.34
2018-10-01 11:07:34.650 INFO  org.apache.catalina.core.AprLifecycleListener Line:180 - The APR based Apache Tomcat Native library which allows optimal performance in production environments was not found on the java.library.path: [C:\Program Files\Java\jdk1.8.0_172\bin;C:\WINDOWS\Sun\Java\bin;C:\WINDOWS\system32;C:\WINDOWS;C:\Program Files\Java\jdk1.8.0_172\bin;C:\Program Files\Java\jdk1.8.0_172\jre\bin;C:\Program Files\MySQL\MySQL Server 8.0\bin;%CATALINA_HOME%\bin;C:\WINDOWS\system32;C:\WINDOWS;C:\WINDOWS\System32\Wbem;C:\WINDOWS\System32\WindowsPowerShell\v1.0\;C:\Program Files (x86)\maven\apache-maven-3.3.9\bin;E:\git\Git\cmd;C:\Program Files\spring-boot-cli-2.0.4.RELEASE-bin\spring-2.0.4.RELEASE\bin;C:\Users\董晶\AppData\Local\Microsoft\WindowsApps;;.]
2018-10-01 11:07:34.805 INFO  org.apache.catalina.core.ContainerBase.[Tomcat].[localhost].[/seckill] Line:180 - Initializing Spring embedded WebApplicationContext
2018-10-01 11:07:34.805 INFO  org.springframework.web.context.ContextLoader Line:285 - Root WebApplicationContext: initialization completed in 2275 ms
2018-10-01 11:07:34.890 INFO  org.springframework.boot.web.servlet.ServletRegistrationBean Line:187 - Servlet dispatcherServlet mapped to [/]
2018-10-01 11:07:34.895 INFO  org.springframework.boot.web.servlet.FilterRegistrationBean Line:245 - Mapping filter: 'characterEncodingFilter' to: [/*]
2018-10-01 11:07:34.896 INFO  org.springframework.boot.web.servlet.FilterRegistrationBean Line:245 - Mapping filter: 'hiddenHttpMethodFilter' to: [/*]
2018-10-01 11:07:34.896 INFO  org.springframework.boot.web.servlet.FilterRegistrationBean Line:245 - Mapping filter: 'httpPutFormContentFilter' to: [/*]
2018-10-01 11:07:34.896 INFO  org.springframework.boot.web.servlet.FilterRegistrationBean Line:245 - Mapping filter: 'requestContextFilter' to: [/*]
2018-10-01 11:07:35.133 INFO  org.springframework.web.servlet.view.freemarker.FreeMarkerConfigurer Line:131 - ClassTemplateLoader for Spring macros added to FreeMarker configuration
2018-10-01 11:07:35.891 INFO  org.springframework.web.servlet.mvc.method.annotation.RequestMappingHandlerMapping Line:549 - Mapped "{[/createHtml/start],methods=[GET]}" onto public com.itstyle.seckill.pojo.Result com.itstyle.seckill.controller.CreateHtmlController.start()
2018-10-01 11:07:35.894 INFO  org.springframework.web.servlet.mvc.method.annotation.RequestMappingHandlerMapping Line:549 - Mapped "{[/{url}.shtml]}" onto public java.lang.String com.itstyle.seckill.controller.IndexController.page(java.lang.String)
2018-10-01 11:07:35.894 INFO  org.springframework.web.servlet.mvc.method.annotation.RequestMappingHandlerMapping Line:549 - Mapped "{[/{module}/{url}.shtml]}" onto public java.lang.String com.itstyle.seckill.controller.IndexController.page(java.lang.String,java.lang.String)
2018-10-01 11:07:35.896 INFO  org.springframework.web.servlet.mvc.method.annotation.RequestMappingHandlerMapping Line:549 - Mapped "{[/seckill/start],methods=[GET]}" onto public com.itstyle.seckill.pojo.Result com.itstyle.seckill.controller.SeckillController.start(java.lang.Long)
2018-10-01 11:07:35.897 INFO  org.springframework.web.servlet.mvc.method.annotation.RequestMappingHandlerMapping Line:549 - Mapped "{[/seckill/test],methods=[GET]}" onto public java.lang.String com.itstyle.seckill.controller.SeckillController.test()
2018-10-01 11:07:35.899 INFO  org.springframework.web.servlet.mvc.method.annotation.RequestMappingHandlerMapping Line:549 - Mapped "{[/seckillPage/list],methods=[POST]}" onto public com.itstyle.seckill.pojo.Result com.itstyle.seckill.controller.SeckillPageController.list()
2018-10-01 11:07:35.906 INFO  org.springframework.web.servlet.mvc.method.annotation.RequestMappingHandlerMapping Line:549 - Mapped "{[/swagger-resources]}" onto public org.springframework.http.ResponseEntity<java.util.List<springfox.documentation.swagger.web.SwaggerResource>> springfox.documentation.swagger.web.ApiResourceController.swaggerResources()
2018-10-01 11:07:35.907 INFO  org.springframework.web.servlet.mvc.method.annotation.RequestMappingHandlerMapping Line:549 - Mapped "{[/swagger-resources/configuration/ui]}" onto public org.springframework.http.ResponseEntity<springfox.documentation.swagger.web.UiConfiguration> springfox.documentation.swagger.web.ApiResourceController.uiConfiguration()
2018-10-01 11:07:35.908 INFO  org.springframework.web.servlet.mvc.method.annotation.RequestMappingHandlerMapping Line:549 - Mapped "{[/swagger-resources/configuration/security]}" onto public org.springframework.http.ResponseEntity<springfox.documentation.swagger.web.SecurityConfiguration> springfox.documentation.swagger.web.ApiResourceController.securityConfiguration()
2018-10-01 11:07:35.914 INFO  org.springframework.web.servlet.mvc.method.annotation.RequestMappingHandlerMapping Line:549 - Mapped "{[/error]}" onto public org.springframework.http.ResponseEntity<java.util.Map<java.lang.String, java.lang.Object>> org.springframework.boot.autoconfigure.web.servlet.error.BasicErrorController.error(javax.servlet.http.HttpServletRequest)
2018-10-01 11:07:35.915 INFO  org.springframework.web.servlet.mvc.method.annotation.RequestMappingHandlerMapping Line:549 - Mapped "{[/error],produces=[text/html]}" onto public org.springframework.web.servlet.ModelAndView org.springframework.boot.autoconfigure.web.servlet.error.BasicErrorController.errorHtml(javax.servlet.http.HttpServletRequest,javax.servlet.http.HttpServletResponse)
2018-10-01 11:07:36.054 INFO  springfox.documentation.spring.web.PropertySourcedRequestMappingHandlerMapping Line:69  - Mapped URL path [/v2/api-docs] onto method [public org.springframework.http.ResponseEntity<springfox.documentation.spring.web.json.Json> springfox.documentation.swagger2.web.Swagger2Controller.getDocumentation(java.lang.String,javax.servlet.http.HttpServletRequest)]
2018-10-01 11:07:36.148 INFO  org.springframework.web.servlet.handler.SimpleUrlHandlerMapping Line:373 - Mapped URL path [/**/favicon.ico] onto handler of type [class org.springframework.web.servlet.resource.ResourceHttpRequestHandler]
2018-10-01 11:07:36.358 INFO  org.springframework.web.servlet.mvc.method.annotation.RequestMappingHandlerAdapter Line:588 - Looking for @ControllerAdvice: org.springframework.boot.web.servlet.context.AnnotationConfigServletWebServerApplicationContext@47d9a273: startup date [Mon Oct 01 11:07:32 CST 2018]; root of context hierarchy
2018-10-01 11:07:36.394 INFO  org.springframework.web.servlet.handler.SimpleUrlHandlerMapping Line:360 - Root mapping to handler of type [class org.springframework.web.servlet.mvc.ParameterizableViewController]
2018-10-01 11:07:36.408 INFO  org.springframework.web.servlet.handler.SimpleUrlHandlerMapping Line:373 - Mapped URL path [/webjars/**] onto handler of type [class org.springframework.web.servlet.resource.ResourceHttpRequestHandler]
2018-10-01 11:07:36.409 INFO  org.springframework.web.servlet.handler.SimpleUrlHandlerMapping Line:373 - Mapped URL path [/**] onto handler of type [class org.springframework.web.servlet.resource.ResourceHttpRequestHandler]
2018-10-01 11:07:36.535 INFO  org.springframework.boot.autoconfigure.web.servlet.WelcomePageHandlerMapping Line:61  - Adding welcome page template: index
2018-10-01 11:07:36.572 INFO  tk.mybatis.mapper.autoconfigure.MapperCacheDisabler Line:60  - Clear tk.mybatis.mapper.util.MsUtil CLASS_CACHE cache.
2018-10-01 11:07:36.573 INFO  tk.mybatis.mapper.autoconfigure.MapperCacheDisabler Line:60  - Clear tk.mybatis.mapper.genid.GenIdUtil CACHE cache.
2018-10-01 11:07:36.574 INFO  tk.mybatis.mapper.autoconfigure.MapperCacheDisabler Line:60  - Clear tk.mybatis.mapper.version.VersionUtil CACHE cache.
2018-10-01 11:07:36.577 INFO  tk.mybatis.mapper.autoconfigure.MapperCacheDisabler Line:83  - Clear EntityHelper entityTableMap cache.
2018-10-01 11:07:37.233 INFO  org.springframework.jmx.export.annotation.AnnotationMBeanExporter Line:433 - Registering beans for JMX exposure on startup
2018-10-01 11:07:37.235 INFO  org.springframework.jmx.export.annotation.AnnotationMBeanExporter Line:895 - Bean with name 'dataSource' has been autodetected for JMX exposure
2018-10-01 11:07:37.244 INFO  org.springframework.jmx.export.annotation.AnnotationMBeanExporter Line:668 - Located MBean 'dataSource': registering with JMX server as MBean [com.zaxxer.hikari:name=dataSource,type=HikariDataSource]
2018-10-01 11:07:37.254 INFO  org.springframework.context.support.DefaultLifecycleProcessor Line:356 - Starting beans in phase 2147483547
2018-10-01 11:07:37.255 INFO  org.springframework.context.support.DefaultLifecycleProcessor Line:356 - Starting beans in phase 2147483647
2018-10-01 11:07:37.255 INFO  springfox.documentation.spring.web.plugins.DocumentationPluginsBootstrapper Line:160 - Context refreshed
2018-10-01 11:07:37.272 INFO  springfox.documentation.spring.web.plugins.DocumentationPluginsBootstrapper Line:163 - Found 1 custom documentation plugin(s)
2018-10-01 11:07:37.304 INFO  springfox.documentation.spring.web.scanners.ApiListingReferenceScanner Line:41  - Scanning for api listing references
2018-10-01 11:07:37.480 INFO  springfox.documentation.spring.web.readers.operation.CachingOperationNameGenerator Line:40  - Generating unique operation named: pageUsingGET_1
2018-10-01 11:07:37.483 INFO  springfox.documentation.spring.web.readers.operation.CachingOperationNameGenerator Line:40  - Generating unique operation named: pageUsingHEAD_1
2018-10-01 11:07:37.488 INFO  springfox.documentation.spring.web.readers.operation.CachingOperationNameGenerator Line:40  - Generating unique operation named: pageUsingPOST_1
2018-10-01 11:07:37.492 INFO  springfox.documentation.spring.web.readers.operation.CachingOperationNameGenerator Line:40  - Generating unique operation named: pageUsingPUT_1
2018-10-01 11:07:37.497 INFO  springfox.documentation.spring.web.readers.operation.CachingOperationNameGenerator Line:40  - Generating unique operation named: pageUsingPATCH_1
2018-10-01 11:07:37.502 INFO  springfox.documentation.spring.web.readers.operation.CachingOperationNameGenerator Line:40  - Generating unique operation named: pageUsingDELETE_1
2018-10-01 11:07:37.504 INFO  springfox.documentation.spring.web.readers.operation.CachingOperationNameGenerator Line:40  - Generating unique operation named: pageUsingOPTIONS_1
2018-10-01 11:07:37.507 INFO  springfox.documentation.spring.web.readers.operation.CachingOperationNameGenerator Line:40  - Generating unique operation named: pageUsingTRACE_1
2018-10-01 11:07:37.585 INFO  org.springframework.boot.web.embedded.tomcat.TomcatWebServer Line:206 - Tomcat started on port(s): 8000 (http) with context path '/seckill'
2018-10-01 11:07:37.592 INFO  com.itstyle.seckill.SeckillApplication Line:59  - Started SeckillApplication in 6.233 seconds (JVM running for 7.737)
2018-10-01 11:07:37.598 INFO  com.itstyle.seckill.SeckillApplication Line:15  - 项目启动
2018-10-01 11:08:19.284 INFO  org.apache.catalina.core.ContainerBase.[Tomcat].[localhost].[/seckill] Line:180 - Initializing Spring FrameworkServlet 'dispatcherServlet'
2018-10-01 11:08:19.285 INFO  org.springframework.web.servlet.DispatcherServlet Line:494 - FrameworkServlet 'dispatcherServlet': initialization started
2018-10-01 11:08:19.304 INFO  org.springframework.web.servlet.DispatcherServlet Line:509 - FrameworkServlet 'dispatcherServlet': initialization completed in 19 ms
2018-10-01 11:08:19.916 INFO  com.zaxxer.hikari.HikariDataSource Line:110 - HikariPool-1 - Starting...
2018-10-01 11:08:20.349 INFO  com.zaxxer.hikari.HikariDataSource Line:123 - HikariPool-1 - Start completed.
2018-10-01 11:20:35.821 INFO  com.itstyle.seckill.SeckillApplication Line:50  - Starting SeckillApplication on DESKTOP-JCQLQVG with PID 11144 (E:\ideaUI\seckill\target\classes started by 木本芽衣 in E:\ideaUI\seckill)
2018-10-01 11:20:35.828 INFO  com.itstyle.seckill.SeckillApplication Line:680 - No active profile set, falling back to default profiles: default
2018-10-01 11:20:36.057 INFO  org.springframework.boot.web.servlet.context.AnnotationConfigServletWebServerApplicationContext Line:590 - Refreshing org.springframework.boot.web.servlet.context.AnnotationConfigServletWebServerApplicationContext@47d9a273: startup date [Mon Oct 01 11:20:36 CST 2018]; root of context hierarchy
2018-10-01 11:20:37.220 INFO  org.springframework.data.repository.config.RepositoryConfigurationDelegate Line:172 - Multiple Spring Data modules found, entering strict repository configuration mode!
2018-10-01 11:20:37.621 INFO  org.springframework.context.support.PostProcessorRegistrationDelegate$BeanPostProcessorChecker Line:326 - Bean 'org.springframework.kafka.annotation.KafkaBootstrapConfiguration' of type [org.springframework.kafka.annotation.KafkaBootstrapConfiguration$$EnhancerBySpringCGLIB$$ab37ac93] is not eligible for getting processed by all BeanPostProcessors (for example: not eligible for auto-proxying)
2018-10-01 11:20:37.652 INFO  org.springframework.context.support.PostProcessorRegistrationDelegate$BeanPostProcessorChecker Line:326 - Bean 'org.springframework.transaction.annotation.ProxyTransactionManagementConfiguration' of type [org.springframework.transaction.annotation.ProxyTransactionManagementConfiguration$$EnhancerBySpringCGLIB$$d7859b10] is not eligible for getting processed by all BeanPostProcessors (for example: not eligible for auto-proxying)
2018-10-01 11:20:38.016 INFO  org.springframework.boot.web.embedded.tomcat.TomcatWebServer Line:91  - Tomcat initialized with port(s): 8000 (http)
2018-10-01 11:20:38.035 INFO  org.apache.catalina.core.StandardService Line:180 - Starting service [Tomcat]
2018-10-01 11:20:38.035 INFO  org.apache.catalina.core.StandardEngine Line:180 - Starting Servlet Engine: Apache Tomcat/8.5.34
2018-10-01 11:20:38.039 INFO  org.apache.catalina.core.AprLifecycleListener Line:180 - The APR based Apache Tomcat Native library which allows optimal performance in production environments was not found on the java.library.path: [C:\Program Files\Java\jdk1.8.0_172\bin;C:\WINDOWS\Sun\Java\bin;C:\WINDOWS\system32;C:\WINDOWS;C:\Program Files\Java\jdk1.8.0_172\bin;C:\Program Files\Java\jdk1.8.0_172\jre\bin;C:\Program Files\MySQL\MySQL Server 8.0\bin;%CATALINA_HOME%\bin;C:\WINDOWS\system32;C:\WINDOWS;C:\WINDOWS\System32\Wbem;C:\WINDOWS\System32\WindowsPowerShell\v1.0\;C:\Program Files (x86)\maven\apache-maven-3.3.9\bin;E:\git\Git\cmd;C:\Program Files\spring-boot-cli-2.0.4.RELEASE-bin\spring-2.0.4.RELEASE\bin;C:\Users\董晶\AppData\Local\Microsoft\WindowsApps;;.]
2018-10-01 11:20:38.162 INFO  org.apache.catalina.core.ContainerBase.[Tomcat].[localhost].[/seckill] Line:180 - Initializing Spring embedded WebApplicationContext
2018-10-01 11:20:38.163 INFO  org.springframework.web.context.ContextLoader Line:285 - Root WebApplicationContext: initialization completed in 2106 ms
2018-10-01 11:20:38.225 INFO  org.springframework.boot.web.servlet.ServletRegistrationBean Line:187 - Servlet dispatcherServlet mapped to [/]
2018-10-01 11:20:38.230 INFO  org.springframework.boot.web.servlet.FilterRegistrationBean Line:245 - Mapping filter: 'characterEncodingFilter' to: [/*]
2018-10-01 11:20:38.231 INFO  org.springframework.boot.web.servlet.FilterRegistrationBean Line:245 - Mapping filter: 'hiddenHttpMethodFilter' to: [/*]
2018-10-01 11:20:38.231 INFO  org.springframework.boot.web.servlet.FilterRegistrationBean Line:245 - Mapping filter: 'httpPutFormContentFilter' to: [/*]
2018-10-01 11:20:38.231 INFO  org.springframework.boot.web.servlet.FilterRegistrationBean Line:245 - Mapping filter: 'requestContextFilter' to: [/*]
2018-10-01 11:20:38.492 INFO  org.springframework.web.servlet.view.freemarker.FreeMarkerConfigurer Line:131 - ClassTemplateLoader for Spring macros added to FreeMarker configuration
2018-10-01 11:20:39.076 INFO  org.springframework.web.servlet.mvc.method.annotation.RequestMappingHandlerMapping Line:549 - Mapped "{[/createHtml/start],methods=[GET]}" onto public com.itstyle.seckill.pojo.Result com.itstyle.seckill.controller.CreateHtmlController.start()
2018-10-01 11:20:39.078 INFO  org.springframework.web.servlet.mvc.method.annotation.RequestMappingHandlerMapping Line:549 - Mapped "{[/{url}.shtml]}" onto public java.lang.String com.itstyle.seckill.controller.IndexController.page(java.lang.String)
2018-10-01 11:20:39.079 INFO  org.springframework.web.servlet.mvc.method.annotation.RequestMappingHandlerMapping Line:549 - Mapped "{[/{module}/{url}.shtml]}" onto public java.lang.String com.itstyle.seckill.controller.IndexController.page(java.lang.String,java.lang.String)
2018-10-01 11:20:39.080 INFO  org.springframework.web.servlet.mvc.method.annotation.RequestMappingHandlerMapping Line:549 - Mapped "{[/seckill/start],methods=[GET]}" onto public com.itstyle.seckill.pojo.Result com.itstyle.seckill.controller.SeckillController.start(java.lang.Long)
2018-10-01 11:20:39.081 INFO  org.springframework.web.servlet.mvc.method.annotation.RequestMappingHandlerMapping Line:549 - Mapped "{[/seckill/test],methods=[GET]}" onto public java.lang.String com.itstyle.seckill.controller.SeckillController.test()
2018-10-01 11:20:39.082 INFO  org.springframework.web.servlet.mvc.method.annotation.RequestMappingHandlerMapping Line:549 - Mapped "{[/seckillPage/list],methods=[POST]}" onto public com.itstyle.seckill.pojo.Result com.itstyle.seckill.controller.SeckillPageController.list()
2018-10-01 11:20:39.088 INFO  org.springframework.web.servlet.mvc.method.annotation.RequestMappingHandlerMapping Line:549 - Mapped "{[/swagger-resources/configuration/security]}" onto public org.springframework.http.ResponseEntity<springfox.documentation.swagger.web.SecurityConfiguration> springfox.documentation.swagger.web.ApiResourceController.securityConfiguration()
2018-10-01 11:20:39.088 INFO  org.springframework.web.servlet.mvc.method.annotation.RequestMappingHandlerMapping Line:549 - Mapped "{[/swagger-resources/configuration/ui]}" onto public org.springframework.http.ResponseEntity<springfox.documentation.swagger.web.UiConfiguration> springfox.documentation.swagger.web.ApiResourceController.uiConfiguration()
2018-10-01 11:20:39.089 INFO  org.springframework.web.servlet.mvc.method.annotation.RequestMappingHandlerMapping Line:549 - Mapped "{[/swagger-resources]}" onto public org.springframework.http.ResponseEntity<java.util.List<springfox.documentation.swagger.web.SwaggerResource>> springfox.documentation.swagger.web.ApiResourceController.swaggerResources()
2018-10-01 11:20:39.093 INFO  org.springframework.web.servlet.mvc.method.annotation.RequestMappingHandlerMapping Line:549 - Mapped "{[/error]}" onto public org.springframework.http.ResponseEntity<java.util.Map<java.lang.String, java.lang.Object>> org.springframework.boot.autoconfigure.web.servlet.error.BasicErrorController.error(javax.servlet.http.HttpServletRequest)
2018-10-01 11:20:39.094 INFO  org.springframework.web.servlet.mvc.method.annotation.RequestMappingHandlerMapping Line:549 - Mapped "{[/error],produces=[text/html]}" onto public org.springframework.web.servlet.ModelAndView org.springframework.boot.autoconfigure.web.servlet.error.BasicErrorController.errorHtml(javax.servlet.http.HttpServletRequest,javax.servlet.http.HttpServletResponse)
2018-10-01 11:20:39.219 INFO  springfox.documentation.spring.web.PropertySourcedRequestMappingHandlerMapping Line:69  - Mapped URL path [/v2/api-docs] onto method [public org.springframework.http.ResponseEntity<springfox.documentation.spring.web.json.Json> springfox.documentation.swagger2.web.Swagger2Controller.getDocumentation(java.lang.String,javax.servlet.http.HttpServletRequest)]
2018-10-01 11:20:39.307 INFO  org.springframework.web.servlet.handler.SimpleUrlHandlerMapping Line:373 - Mapped URL path [/**/favicon.ico] onto handler of type [class org.springframework.web.servlet.resource.ResourceHttpRequestHandler]
2018-10-01 11:20:39.471 INFO  org.springframework.web.servlet.mvc.method.annotation.RequestMappingHandlerAdapter Line:588 - Looking for @ControllerAdvice: org.springframework.boot.web.servlet.context.AnnotationConfigServletWebServerApplicationContext@47d9a273: startup date [Mon Oct 01 11:20:36 CST 2018]; root of context hierarchy
2018-10-01 11:20:39.498 INFO  org.springframework.web.servlet.handler.SimpleUrlHandlerMapping Line:360 - Root mapping to handler of type [class org.springframework.web.servlet.mvc.ParameterizableViewController]
2018-10-01 11:20:39.513 INFO  org.springframework.web.servlet.handler.SimpleUrlHandlerMapping Line:373 - Mapped URL path [/webjars/**] onto handler of type [class org.springframework.web.servlet.resource.ResourceHttpRequestHandler]
2018-10-01 11:20:39.514 INFO  org.springframework.web.servlet.handler.SimpleUrlHandlerMapping Line:373 - Mapped URL path [/**] onto handler of type [class org.springframework.web.servlet.resource.ResourceHttpRequestHandler]
2018-10-01 11:20:39.674 INFO  org.springframework.boot.autoconfigure.web.servlet.WelcomePageHandlerMapping Line:61  - Adding welcome page template: index
2018-10-01 11:20:39.707 INFO  tk.mybatis.mapper.autoconfigure.MapperCacheDisabler Line:60  - Clear tk.mybatis.mapper.util.MsUtil CLASS_CACHE cache.
2018-10-01 11:20:39.708 INFO  tk.mybatis.mapper.autoconfigure.MapperCacheDisabler Line:60  - Clear tk.mybatis.mapper.genid.GenIdUtil CACHE cache.
2018-10-01 11:20:39.708 INFO  tk.mybatis.mapper.autoconfigure.MapperCacheDisabler Line:60  - Clear tk.mybatis.mapper.version.VersionUtil CACHE cache.
2018-10-01 11:20:39.710 INFO  tk.mybatis.mapper.autoconfigure.MapperCacheDisabler Line:83  - Clear EntityHelper entityTableMap cache.
2018-10-01 11:20:40.442 INFO  org.springframework.jmx.export.annotation.AnnotationMBeanExporter Line:433 - Registering beans for JMX exposure on startup
2018-10-01 11:20:40.445 INFO  org.springframework.jmx.export.annotation.AnnotationMBeanExporter Line:895 - Bean with name 'dataSource' has been autodetected for JMX exposure
2018-10-01 11:20:40.455 INFO  org.springframework.jmx.export.annotation.AnnotationMBeanExporter Line:668 - Located MBean 'dataSource': registering with JMX server as MBean [com.zaxxer.hikari:name=dataSource,type=HikariDataSource]
2018-10-01 11:20:40.462 INFO  org.springframework.context.support.DefaultLifecycleProcessor Line:356 - Starting beans in phase 2147483547
2018-10-01 11:20:40.463 INFO  org.springframework.context.support.DefaultLifecycleProcessor Line:356 - Starting beans in phase 2147483647
2018-10-01 11:20:40.463 INFO  springfox.documentation.spring.web.plugins.DocumentationPluginsBootstrapper Line:160 - Context refreshed
2018-10-01 11:20:40.475 INFO  springfox.documentation.spring.web.plugins.DocumentationPluginsBootstrapper Line:163 - Found 1 custom documentation plugin(s)
2018-10-01 11:20:40.509 INFO  springfox.documentation.spring.web.scanners.ApiListingReferenceScanner Line:41  - Scanning for api listing references
2018-10-01 11:20:40.662 INFO  springfox.documentation.spring.web.readers.operation.CachingOperationNameGenerator Line:40  - Generating unique operation named: pageUsingGET_1
2018-10-01 11:20:40.664 INFO  springfox.documentation.spring.web.readers.operation.CachingOperationNameGenerator Line:40  - Generating unique operation named: pageUsingHEAD_1
2018-10-01 11:20:40.665 INFO  springfox.documentation.spring.web.readers.operation.CachingOperationNameGenerator Line:40  - Generating unique operation named: pageUsingPOST_1
2018-10-01 11:20:40.668 INFO  springfox.documentation.spring.web.readers.operation.CachingOperationNameGenerator Line:40  - Generating unique operation named: pageUsingPUT_1
2018-10-01 11:20:40.670 INFO  springfox.documentation.spring.web.readers.operation.CachingOperationNameGenerator Line:40  - Generating unique operation named: pageUsingPATCH_1
2018-10-01 11:20:40.671 INFO  springfox.documentation.spring.web.readers.operation.CachingOperationNameGenerator Line:40  - Generating unique operation named: pageUsingDELETE_1
2018-10-01 11:20:40.673 INFO  springfox.documentation.spring.web.readers.operation.CachingOperationNameGenerator Line:40  - Generating unique operation named: pageUsingOPTIONS_1
2018-10-01 11:20:40.674 INFO  springfox.documentation.spring.web.readers.operation.CachingOperationNameGenerator Line:40  - Generating unique operation named: pageUsingTRACE_1
2018-10-01 11:20:40.720 INFO  org.springframework.boot.web.embedded.tomcat.TomcatWebServer Line:206 - Tomcat started on port(s): 8000 (http) with context path '/seckill'
2018-10-01 11:20:40.724 INFO  com.itstyle.seckill.SeckillApplication Line:59  - Started SeckillApplication in 5.704 seconds (JVM running for 6.825)
2018-10-01 11:20:40.728 INFO  com.itstyle.seckill.SeckillApplication Line:15  - 项目启动
2018-10-01 11:23:39.772 INFO  org.apache.catalina.core.ContainerBase.[Tomcat].[localhost].[/seckill] Line:180 - Initializing Spring FrameworkServlet 'dispatcherServlet'
2018-10-01 11:23:39.772 INFO  org.springframework.web.servlet.DispatcherServlet Line:494 - FrameworkServlet 'dispatcherServlet': initialization started
2018-10-01 11:23:39.793 INFO  org.springframework.web.servlet.DispatcherServlet Line:509 - FrameworkServlet 'dispatcherServlet': initialization completed in 20 ms
2018-10-01 11:23:40.310 INFO  com.zaxxer.hikari.HikariDataSource Line:110 - HikariPool-1 - Starting...
2018-10-01 11:23:40.415 INFO  com.zaxxer.hikari.HikariDataSource Line:123 - HikariPool-1 - Start completed.
2018-10-01 11:50:10.436 INFO  com.itstyle.seckill.SeckillApplication Line:50  - Starting SeckillApplication on DESKTOP-JCQLQVG with PID 11716 (E:\ideaUI\seckill\target\classes started by 木本芽衣 in E:\ideaUI\seckill)
2018-10-01 11:50:10.492 INFO  com.itstyle.seckill.SeckillApplication Line:680 - No active profile set, falling back to default profiles: default
2018-10-01 11:50:10.629 INFO  org.springframework.boot.web.servlet.context.AnnotationConfigServletWebServerApplicationContext Line:590 - Refreshing org.springframework.boot.web.servlet.context.AnnotationConfigServletWebServerApplicationContext@27f981c6: startup date [Mon Oct 01 11:50:10 CST 2018]; root of context hierarchy
2018-10-01 11:50:11.785 INFO  org.springframework.data.repository.config.RepositoryConfigurationDelegate Line:172 - Multiple Spring Data modules found, entering strict repository configuration mode!
2018-10-01 11:50:12.209 INFO  org.springframework.context.support.PostProcessorRegistrationDelegate$BeanPostProcessorChecker Line:326 - Bean 'org.springframework.kafka.annotation.KafkaBootstrapConfiguration' of type [org.springframework.kafka.annotation.KafkaBootstrapConfiguration$$EnhancerBySpringCGLIB$$b8e6ba8] is not eligible for getting processed by all BeanPostProcessors (for example: not eligible for auto-proxying)
2018-10-01 11:50:12.239 INFO  org.springframework.context.support.PostProcessorRegistrationDelegate$BeanPostProcessorChecker Line:326 - Bean 'org.springframework.transaction.annotation.ProxyTransactionManagementConfiguration' of type [org.springframework.transaction.annotation.ProxyTransactionManagementConfiguration$$EnhancerBySpringCGLIB$$37dc5a25] is not eligible for getting processed by all BeanPostProcessors (for example: not eligible for auto-proxying)
2018-10-01 11:50:12.594 INFO  org.springframework.boot.web.embedded.tomcat.TomcatWebServer Line:91  - Tomcat initialized with port(s): 8000 (http)
2018-10-01 11:50:12.612 INFO  org.apache.catalina.core.StandardService Line:180 - Starting service [Tomcat]
2018-10-01 11:50:12.613 INFO  org.apache.catalina.core.StandardEngine Line:180 - Starting Servlet Engine: Apache Tomcat/8.5.34
2018-10-01 11:50:12.617 INFO  org.apache.catalina.core.AprLifecycleListener Line:180 - The APR based Apache Tomcat Native library which allows optimal performance in production environments was not found on the java.library.path: [C:\Program Files\Java\jdk1.8.0_172\bin;C:\WINDOWS\Sun\Java\bin;C:\WINDOWS\system32;C:\WINDOWS;C:\Program Files\Java\jdk1.8.0_172\bin;C:\Program Files\Java\jdk1.8.0_172\jre\bin;C:\Program Files\MySQL\MySQL Server 8.0\bin;%CATALINA_HOME%\bin;C:\WINDOWS\system32;C:\WINDOWS;C:\WINDOWS\System32\Wbem;C:\WINDOWS\System32\WindowsPowerShell\v1.0\;C:\Program Files (x86)\maven\apache-maven-3.3.9\bin;E:\git\Git\cmd;C:\Program Files\spring-boot-cli-2.0.4.RELEASE-bin\spring-2.0.4.RELEASE\bin;C:\Users\董晶\AppData\Local\Microsoft\WindowsApps;;.]
2018-10-01 11:50:12.744 INFO  org.apache.catalina.core.ContainerBase.[Tomcat].[localhost].[/seckill] Line:180 - Initializing Spring embedded WebApplicationContext
2018-10-01 11:50:12.744 INFO  org.springframework.web.context.ContextLoader Line:285 - Root WebApplicationContext: initialization completed in 2115 ms
2018-10-01 11:50:12.806 INFO  org.springframework.boot.web.servlet.ServletRegistrationBean Line:187 - Servlet dispatcherServlet mapped to [/]
2018-10-01 11:50:12.809 INFO  org.springframework.boot.web.servlet.FilterRegistrationBean Line:245 - Mapping filter: 'characterEncodingFilter' to: [/*]
2018-10-01 11:50:12.810 INFO  org.springframework.boot.web.servlet.FilterRegistrationBean Line:245 - Mapping filter: 'hiddenHttpMethodFilter' to: [/*]
2018-10-01 11:50:12.810 INFO  org.springframework.boot.web.servlet.FilterRegistrationBean Line:245 - Mapping filter: 'httpPutFormContentFilter' to: [/*]
2018-10-01 11:50:12.811 INFO  org.springframework.boot.web.servlet.FilterRegistrationBean Line:245 - Mapping filter: 'requestContextFilter' to: [/*]
2018-10-01 11:50:12.989 INFO  org.springframework.web.servlet.view.freemarker.FreeMarkerConfigurer Line:131 - ClassTemplateLoader for Spring macros added to FreeMarker configuration
2018-10-01 11:50:13.574 INFO  org.springframework.web.servlet.mvc.method.annotation.RequestMappingHandlerMapping Line:549 - Mapped "{[/createHtml/start],methods=[GET]}" onto public com.itstyle.seckill.pojo.Result com.itstyle.seckill.controller.CreateHtmlController.start()
2018-10-01 11:50:13.577 INFO  org.springframework.web.servlet.mvc.method.annotation.RequestMappingHandlerMapping Line:549 - Mapped "{[/{url}.shtml]}" onto public java.lang.String com.itstyle.seckill.controller.IndexController.page(java.lang.String)
2018-10-01 11:50:13.578 INFO  org.springframework.web.servlet.mvc.method.annotation.RequestMappingHandlerMapping Line:549 - Mapped "{[/{module}/{url}.shtml]}" onto public java.lang.String com.itstyle.seckill.controller.IndexController.page(java.lang.String,java.lang.String)
2018-10-01 11:50:13.579 INFO  org.springframework.web.servlet.mvc.method.annotation.RequestMappingHandlerMapping Line:549 - Mapped "{[/seckill/start],methods=[GET]}" onto public com.itstyle.seckill.pojo.Result com.itstyle.seckill.controller.SeckillController.start(java.lang.Long)
2018-10-01 11:50:13.580 INFO  org.springframework.web.servlet.mvc.method.annotation.RequestMappingHandlerMapping Line:549 - Mapped "{[/seckill/test],methods=[GET]}" onto public java.lang.String com.itstyle.seckill.controller.SeckillController.test()
2018-10-01 11:50:13.581 INFO  org.springframework.web.servlet.mvc.method.annotation.RequestMappingHandlerMapping Line:549 - Mapped "{[/seckillPage/list],methods=[POST]}" onto public com.itstyle.seckill.pojo.Result com.itstyle.seckill.controller.SeckillPageController.list()
2018-10-01 11:50:13.587 INFO  org.springframework.web.servlet.mvc.method.annotation.RequestMappingHandlerMapping Line:549 - Mapped "{[/swagger-resources]}" onto public org.springframework.http.ResponseEntity<java.util.List<springfox.documentation.swagger.web.SwaggerResource>> springfox.documentation.swagger.web.ApiResourceController.swaggerResources()
2018-10-01 11:50:13.588 INFO  org.springframework.web.servlet.mvc.method.annotation.RequestMappingHandlerMapping Line:549 - Mapped "{[/swagger-resources/configuration/ui]}" onto public org.springframework.http.ResponseEntity<springfox.documentation.swagger.web.UiConfiguration> springfox.documentation.swagger.web.ApiResourceController.uiConfiguration()
2018-10-01 11:50:13.589 INFO  org.springframework.web.servlet.mvc.method.annotation.RequestMappingHandlerMapping Line:549 - Mapped "{[/swagger-resources/configuration/security]}" onto public org.springframework.http.ResponseEntity<springfox.documentation.swagger.web.SecurityConfiguration> springfox.documentation.swagger.web.ApiResourceController.securityConfiguration()
2018-10-01 11:50:13.596 INFO  org.springframework.web.servlet.mvc.method.annotation.RequestMappingHandlerMapping Line:549 - Mapped "{[/error]}" onto public org.springframework.http.ResponseEntity<java.util.Map<java.lang.String, java.lang.Object>> org.springframework.boot.autoconfigure.web.servlet.error.BasicErrorController.error(javax.servlet.http.HttpServletRequest)
2018-10-01 11:50:13.597 INFO  org.springframework.web.servlet.mvc.method.annotation.RequestMappingHandlerMapping Line:549 - Mapped "{[/error],produces=[text/html]}" onto public org.springframework.web.servlet.ModelAndView org.springframework.boot.autoconfigure.web.servlet.error.BasicErrorController.errorHtml(javax.servlet.http.HttpServletRequest,javax.servlet.http.HttpServletResponse)
2018-10-01 11:50:13.719 INFO  springfox.documentation.spring.web.PropertySourcedRequestMappingHandlerMapping Line:69  - Mapped URL path [/v2/api-docs] onto method [public org.springframework.http.ResponseEntity<springfox.documentation.spring.web.json.Json> springfox.documentation.swagger2.web.Swagger2Controller.getDocumentation(java.lang.String,javax.servlet.http.HttpServletRequest)]
2018-10-01 11:50:13.816 INFO  org.springframework.web.servlet.handler.SimpleUrlHandlerMapping Line:373 - Mapped URL path [/**/favicon.ico] onto handler of type [class org.springframework.web.servlet.resource.ResourceHttpRequestHandler]
2018-10-01 11:50:13.992 INFO  org.springframework.web.servlet.mvc.method.annotation.RequestMappingHandlerAdapter Line:588 - Looking for @ControllerAdvice: org.springframework.boot.web.servlet.context.AnnotationConfigServletWebServerApplicationContext@27f981c6: startup date [Mon Oct 01 11:50:10 CST 2018]; root of context hierarchy
2018-10-01 11:50:14.022 INFO  org.springframework.web.servlet.handler.SimpleUrlHandlerMapping Line:360 - Root mapping to handler of type [class org.springframework.web.servlet.mvc.ParameterizableViewController]
2018-10-01 11:50:14.038 INFO  org.springframework.web.servlet.handler.SimpleUrlHandlerMapping Line:373 - Mapped URL path [/webjars/**] onto handler of type [class org.springframework.web.servlet.resource.ResourceHttpRequestHandler]
2018-10-01 11:50:14.038 INFO  org.springframework.web.servlet.handler.SimpleUrlHandlerMapping Line:373 - Mapped URL path [/**] onto handler of type [class org.springframework.web.servlet.resource.ResourceHttpRequestHandler]
2018-10-01 11:50:14.159 INFO  org.springframework.boot.autoconfigure.web.servlet.WelcomePageHandlerMapping Line:61  - Adding welcome page template: index
2018-10-01 11:50:14.188 INFO  tk.mybatis.mapper.autoconfigure.MapperCacheDisabler Line:60  - Clear tk.mybatis.mapper.util.MsUtil CLASS_CACHE cache.
2018-10-01 11:50:14.189 INFO  tk.mybatis.mapper.autoconfigure.MapperCacheDisabler Line:60  - Clear tk.mybatis.mapper.genid.GenIdUtil CACHE cache.
2018-10-01 11:50:14.190 INFO  tk.mybatis.mapper.autoconfigure.MapperCacheDisabler Line:60  - Clear tk.mybatis.mapper.version.VersionUtil CACHE cache.
2018-10-01 11:50:14.191 INFO  tk.mybatis.mapper.autoconfigure.MapperCacheDisabler Line:83  - Clear EntityHelper entityTableMap cache.
2018-10-01 11:50:14.734 INFO  org.springframework.jmx.export.annotation.AnnotationMBeanExporter Line:433 - Registering beans for JMX exposure on startup
2018-10-01 11:50:14.737 INFO  org.springframework.jmx.export.annotation.AnnotationMBeanExporter Line:895 - Bean with name 'dataSource' has been autodetected for JMX exposure
2018-10-01 11:50:14.746 INFO  org.springframework.jmx.export.annotation.AnnotationMBeanExporter Line:668 - Located MBean 'dataSource': registering with JMX server as MBean [com.zaxxer.hikari:name=dataSource,type=HikariDataSource]
2018-10-01 11:50:14.752 INFO  org.springframework.context.support.DefaultLifecycleProcessor Line:356 - Starting beans in phase 2147483547
2018-10-01 11:50:14.752 INFO  org.springframework.context.support.DefaultLifecycleProcessor Line:356 - Starting beans in phase 2147483647
2018-10-01 11:50:14.753 INFO  springfox.documentation.spring.web.plugins.DocumentationPluginsBootstrapper Line:160 - Context refreshed
2018-10-01 11:50:14.764 INFO  springfox.documentation.spring.web.plugins.DocumentationPluginsBootstrapper Line:163 - Found 1 custom documentation plugin(s)
2018-10-01 11:50:14.793 INFO  springfox.documentation.spring.web.scanners.ApiListingReferenceScanner Line:41  - Scanning for api listing references
2018-10-01 11:50:14.917 INFO  springfox.documentation.spring.web.readers.operation.CachingOperationNameGenerator Line:40  - Generating unique operation named: pageUsingGET_1
2018-10-01 11:50:14.919 INFO  springfox.documentation.spring.web.readers.operation.CachingOperationNameGenerator Line:40  - Generating unique operation named: pageUsingHEAD_1
2018-10-01 11:50:14.920 INFO  springfox.documentation.spring.web.readers.operation.CachingOperationNameGenerator Line:40  - Generating unique operation named: pageUsingPOST_1
2018-10-01 11:50:14.922 INFO  springfox.documentation.spring.web.readers.operation.CachingOperationNameGenerator Line:40  - Generating unique operation named: pageUsingPUT_1
2018-10-01 11:50:14.923 INFO  springfox.documentation.spring.web.readers.operation.CachingOperationNameGenerator Line:40  - Generating unique operation named: pageUsingPATCH_1
2018-10-01 11:50:14.924 INFO  springfox.documentation.spring.web.readers.operation.CachingOperationNameGenerator Line:40  - Generating unique operation named: pageUsingDELETE_1
2018-10-01 11:50:14.926 INFO  springfox.documentation.spring.web.readers.operation.CachingOperationNameGenerator Line:40  - Generating unique operation named: pageUsingOPTIONS_1
2018-10-01 11:50:14.928 INFO  springfox.documentation.spring.web.readers.operation.CachingOperationNameGenerator Line:40  - Generating unique operation named: pageUsingTRACE_1
2018-10-01 11:50:14.999 INFO  org.springframework.boot.web.embedded.tomcat.TomcatWebServer Line:206 - Tomcat started on port(s): 8000 (http) with context path '/seckill'
2018-10-01 11:50:15.004 INFO  com.itstyle.seckill.SeckillApplication Line:59  - Started SeckillApplication in 5.394 seconds (JVM running for 6.503)
2018-10-01 11:50:15.008 INFO  com.itstyle.seckill.SeckillApplication Line:15  - 项目启动
2018-10-01 11:50:18.368 INFO  org.apache.catalina.core.ContainerBase.[Tomcat].[localhost].[/seckill] Line:180 - Initializing Spring FrameworkServlet 'dispatcherServlet'
2018-10-01 11:50:18.368 INFO  org.springframework.web.servlet.DispatcherServlet Line:494 - FrameworkServlet 'dispatcherServlet': initialization started
2018-10-01 11:50:18.389 INFO  org.springframework.web.servlet.DispatcherServlet Line:509 - FrameworkServlet 'dispatcherServlet': initialization completed in 20 ms
2018-10-01 11:50:22.325 INFO  com.zaxxer.hikari.HikariDataSource Line:110 - HikariPool-1 - Starting...
2018-10-01 11:50:22.423 INFO  com.zaxxer.hikari.HikariDataSource Line:123 - HikariPool-1 - Start completed.
2018-10-01 12:56:13.019 INFO  com.itstyle.seckill.SeckillApplication Line:50  - Starting SeckillApplication on DESKTOP-JCQLQVG with PID 9644 (E:\ideaUI\seckill\target\classes started by 木本芽衣 in E:\ideaUI\seckill)
2018-10-01 12:56:13.026 INFO  com.itstyle.seckill.SeckillApplication Line:680 - No active profile set, falling back to default profiles: default
2018-10-01 12:56:13.135 INFO  org.springframework.boot.web.servlet.context.AnnotationConfigServletWebServerApplicationContext Line:590 - Refreshing org.springframework.boot.web.servlet.context.AnnotationConfigServletWebServerApplicationContext@47d9a273: startup date [Mon Oct 01 12:56:13 CST 2018]; root of context hierarchy
2018-10-01 12:56:14.120 INFO  org.springframework.data.repository.config.RepositoryConfigurationDelegate Line:172 - Multiple Spring Data modules found, entering strict repository configuration mode!
2018-10-01 12:56:14.519 INFO  org.springframework.context.support.PostProcessorRegistrationDelegate$BeanPostProcessorChecker Line:326 - Bean 'org.springframework.kafka.annotation.KafkaBootstrapConfiguration' of type [org.springframework.kafka.annotation.KafkaBootstrapConfiguration$$EnhancerBySpringCGLIB$$b8e6ba8] is not eligible for getting processed by all BeanPostProcessors (for example: not eligible for auto-proxying)
2018-10-01 12:56:14.548 INFO  org.springframework.context.support.PostProcessorRegistrationDelegate$BeanPostProcessorChecker Line:326 - Bean 'org.springframework.transaction.annotation.ProxyTransactionManagementConfiguration' of type [org.springframework.transaction.annotation.ProxyTransactionManagementConfiguration$$EnhancerBySpringCGLIB$$37dc5a25] is not eligible for getting processed by all BeanPostProcessors (for example: not eligible for auto-proxying)
2018-10-01 12:56:14.996 INFO  org.springframework.boot.web.embedded.tomcat.TomcatWebServer Line:91  - Tomcat initialized with port(s): 8000 (http)
2018-10-01 12:56:15.014 INFO  org.apache.catalina.core.StandardService Line:180 - Starting service [Tomcat]
2018-10-01 12:56:15.014 INFO  org.apache.catalina.core.StandardEngine Line:180 - Starting Servlet Engine: Apache Tomcat/8.5.34
2018-10-01 12:56:15.018 INFO  org.apache.catalina.core.AprLifecycleListener Line:180 - The APR based Apache Tomcat Native library which allows optimal performance in production environments was not found on the java.library.path: [C:\Program Files\Java\jdk1.8.0_172\bin;C:\WINDOWS\Sun\Java\bin;C:\WINDOWS\system32;C:\WINDOWS;C:\Program Files\Java\jdk1.8.0_172\bin;C:\Program Files\Java\jdk1.8.0_172\jre\bin;C:\Program Files\MySQL\MySQL Server 8.0\bin;%CATALINA_HOME%\bin;C:\WINDOWS\system32;C:\WINDOWS;C:\WINDOWS\System32\Wbem;C:\WINDOWS\System32\WindowsPowerShell\v1.0\;C:\Program Files (x86)\maven\apache-maven-3.3.9\bin;E:\git\Git\cmd;C:\Program Files\spring-boot-cli-2.0.4.RELEASE-bin\spring-2.0.4.RELEASE\bin;C:\Users\董晶\AppData\Local\Microsoft\WindowsApps;;.]
2018-10-01 12:56:15.147 INFO  org.apache.catalina.core.ContainerBase.[Tomcat].[localhost].[/seckill] Line:180 - Initializing Spring embedded WebApplicationContext
2018-10-01 12:56:15.148 INFO  org.springframework.web.context.ContextLoader Line:285 - Root WebApplicationContext: initialization completed in 2013 ms
2018-10-01 12:56:15.216 INFO  org.springframework.boot.web.servlet.ServletRegistrationBean Line:187 - Servlet dispatcherServlet mapped to [/]
2018-10-01 12:56:15.222 INFO  org.springframework.boot.web.servlet.FilterRegistrationBean Line:245 - Mapping filter: 'characterEncodingFilter' to: [/*]
2018-10-01 12:56:15.223 INFO  org.springframework.boot.web.servlet.FilterRegistrationBean Line:245 - Mapping filter: 'hiddenHttpMethodFilter' to: [/*]
2018-10-01 12:56:15.223 INFO  org.springframework.boot.web.servlet.FilterRegistrationBean Line:245 - Mapping filter: 'httpPutFormContentFilter' to: [/*]
2018-10-01 12:56:15.223 INFO  org.springframework.boot.web.servlet.FilterRegistrationBean Line:245 - Mapping filter: 'requestContextFilter' to: [/*]
2018-10-01 12:56:15.462 INFO  org.springframework.web.servlet.view.freemarker.FreeMarkerConfigurer Line:131 - ClassTemplateLoader for Spring macros added to FreeMarker configuration
2018-10-01 12:56:16.078 INFO  org.springframework.web.servlet.mvc.method.annotation.RequestMappingHandlerMapping Line:549 - Mapped "{[/createHtml/start],methods=[GET]}" onto public com.itstyle.seckill.pojo.Result com.itstyle.seckill.controller.CreateHtmlController.start()
2018-10-01 12:56:16.080 INFO  org.springframework.web.servlet.mvc.method.annotation.RequestMappingHandlerMapping Line:549 - Mapped "{[/{url}.shtml]}" onto public java.lang.String com.itstyle.seckill.controller.IndexController.page(java.lang.String)
2018-10-01 12:56:16.081 INFO  org.springframework.web.servlet.mvc.method.annotation.RequestMappingHandlerMapping Line:549 - Mapped "{[/{module}/{url}.shtml]}" onto public java.lang.String com.itstyle.seckill.controller.IndexController.page(java.lang.String,java.lang.String)
2018-10-01 12:56:16.082 INFO  org.springframework.web.servlet.mvc.method.annotation.RequestMappingHandlerMapping Line:549 - Mapped "{[/seckill/start],methods=[GET]}" onto public com.itstyle.seckill.pojo.Result com.itstyle.seckill.controller.SeckillController.start(java.lang.Long)
2018-10-01 12:56:16.083 INFO  org.springframework.web.servlet.mvc.method.annotation.RequestMappingHandlerMapping Line:549 - Mapped "{[/seckill/test],methods=[GET]}" onto public java.lang.String com.itstyle.seckill.controller.SeckillController.test()
2018-10-01 12:56:16.084 INFO  org.springframework.web.servlet.mvc.method.annotation.RequestMappingHandlerMapping Line:549 - Mapped "{[/seckillPage/list],methods=[GET]}" onto public com.itstyle.seckill.pojo.Result com.itstyle.seckill.controller.SeckillPageController.list()
2018-10-01 12:56:16.093 INFO  org.springframework.web.servlet.mvc.method.annotation.RequestMappingHandlerMapping Line:549 - Mapped "{[/swagger-resources/configuration/security]}" onto public org.springframework.http.ResponseEntity<springfox.documentation.swagger.web.SecurityConfiguration> springfox.documentation.swagger.web.ApiResourceController.securityConfiguration()
2018-10-01 12:56:16.094 INFO  org.springframework.web.servlet.mvc.method.annotation.RequestMappingHandlerMapping Line:549 - Mapped "{[/swagger-resources/configuration/ui]}" onto public org.springframework.http.ResponseEntity<springfox.documentation.swagger.web.UiConfiguration> springfox.documentation.swagger.web.ApiResourceController.uiConfiguration()
2018-10-01 12:56:16.095 INFO  org.springframework.web.servlet.mvc.method.annotation.RequestMappingHandlerMapping Line:549 - Mapped "{[/swagger-resources]}" onto public org.springframework.http.ResponseEntity<java.util.List<springfox.documentation.swagger.web.SwaggerResource>> springfox.documentation.swagger.web.ApiResourceController.swaggerResources()
2018-10-01 12:56:16.099 INFO  org.springframework.web.servlet.mvc.method.annotation.RequestMappingHandlerMapping Line:549 - Mapped "{[/error]}" onto public org.springframework.http.ResponseEntity<java.util.Map<java.lang.String, java.lang.Object>> org.springframework.boot.autoconfigure.web.servlet.error.BasicErrorController.error(javax.servlet.http.HttpServletRequest)
2018-10-01 12:56:16.100 INFO  org.springframework.web.servlet.mvc.method.annotation.RequestMappingHandlerMapping Line:549 - Mapped "{[/error],produces=[text/html]}" onto public org.springframework.web.servlet.ModelAndView org.springframework.boot.autoconfigure.web.servlet.error.BasicErrorController.errorHtml(javax.servlet.http.HttpServletRequest,javax.servlet.http.HttpServletResponse)
2018-10-01 12:56:16.226 INFO  springfox.documentation.spring.web.PropertySourcedRequestMappingHandlerMapping Line:69  - Mapped URL path [/v2/api-docs] onto method [public org.springframework.http.ResponseEntity<springfox.documentation.spring.web.json.Json> springfox.documentation.swagger2.web.Swagger2Controller.getDocumentation(java.lang.String,javax.servlet.http.HttpServletRequest)]
2018-10-01 12:56:16.308 INFO  org.springframework.web.servlet.handler.SimpleUrlHandlerMapping Line:373 - Mapped URL path [/**/favicon.ico] onto handler of type [class org.springframework.web.servlet.resource.ResourceHttpRequestHandler]
2018-10-01 12:56:16.482 INFO  org.springframework.web.servlet.mvc.method.annotation.RequestMappingHandlerAdapter Line:588 - Looking for @ControllerAdvice: org.springframework.boot.web.servlet.context.AnnotationConfigServletWebServerApplicationContext@47d9a273: startup date [Mon Oct 01 12:56:13 CST 2018]; root of context hierarchy
2018-10-01 12:56:16.510 INFO  org.springframework.web.servlet.handler.SimpleUrlHandlerMapping Line:360 - Root mapping to handler of type [class org.springframework.web.servlet.mvc.ParameterizableViewController]
2018-10-01 12:56:16.526 INFO  org.springframework.web.servlet.handler.SimpleUrlHandlerMapping Line:373 - Mapped URL path [/webjars/**] onto handler of type [class org.springframework.web.servlet.resource.ResourceHttpRequestHandler]
2018-10-01 12:56:16.527 INFO  org.springframework.web.servlet.handler.SimpleUrlHandlerMapping Line:373 - Mapped URL path [/**] onto handler of type [class org.springframework.web.servlet.resource.ResourceHttpRequestHandler]
2018-10-01 12:56:16.643 INFO  org.springframework.boot.autoconfigure.web.servlet.WelcomePageHandlerMapping Line:61  - Adding welcome page template: index
2018-10-01 12:56:16.673 INFO  tk.mybatis.mapper.autoconfigure.MapperCacheDisabler Line:60  - Clear tk.mybatis.mapper.util.MsUtil CLASS_CACHE cache.
2018-10-01 12:56:16.673 INFO  tk.mybatis.mapper.autoconfigure.MapperCacheDisabler Line:60  - Clear tk.mybatis.mapper.genid.GenIdUtil CACHE cache.
2018-10-01 12:56:16.674 INFO  tk.mybatis.mapper.autoconfigure.MapperCacheDisabler Line:60  - Clear tk.mybatis.mapper.version.VersionUtil CACHE cache.
2018-10-01 12:56:16.675 INFO  tk.mybatis.mapper.autoconfigure.MapperCacheDisabler Line:83  - Clear EntityHelper entityTableMap cache.
2018-10-01 12:56:17.218 INFO  org.springframework.jmx.export.annotation.AnnotationMBeanExporter Line:433 - Registering beans for JMX exposure on startup
2018-10-01 12:56:17.220 INFO  org.springframework.jmx.export.annotation.AnnotationMBeanExporter Line:895 - Bean with name 'dataSource' has been autodetected for JMX exposure
2018-10-01 12:56:17.229 INFO  org.springframework.jmx.export.annotation.AnnotationMBeanExporter Line:668 - Located MBean 'dataSource': registering with JMX server as MBean [com.zaxxer.hikari:name=dataSource,type=HikariDataSource]
2018-10-01 12:56:17.236 INFO  org.springframework.context.support.DefaultLifecycleProcessor Line:356 - Starting beans in phase 2147483547
2018-10-01 12:56:17.236 INFO  org.springframework.context.support.DefaultLifecycleProcessor Line:356 - Starting beans in phase 2147483647
2018-10-01 12:56:17.237 INFO  springfox.documentation.spring.web.plugins.DocumentationPluginsBootstrapper Line:160 - Context refreshed
2018-10-01 12:56:17.248 INFO  springfox.documentation.spring.web.plugins.DocumentationPluginsBootstrapper Line:163 - Found 1 custom documentation plugin(s)
2018-10-01 12:56:17.277 INFO  springfox.documentation.spring.web.scanners.ApiListingReferenceScanner Line:41  - Scanning for api listing references
2018-10-01 12:56:17.418 INFO  springfox.documentation.spring.web.readers.operation.CachingOperationNameGenerator Line:40  - Generating unique operation named: pageUsingGET_1
2018-10-01 12:56:17.420 INFO  springfox.documentation.spring.web.readers.operation.CachingOperationNameGenerator Line:40  - Generating unique operation named: pageUsingHEAD_1
2018-10-01 12:56:17.422 INFO  springfox.documentation.spring.web.readers.operation.CachingOperationNameGenerator Line:40  - Generating unique operation named: pageUsingPOST_1
2018-10-01 12:56:17.424 INFO  springfox.documentation.spring.web.readers.operation.CachingOperationNameGenerator Line:40  - Generating unique operation named: pageUsingPUT_1
2018-10-01 12:56:17.425 INFO  springfox.documentation.spring.web.readers.operation.CachingOperationNameGenerator Line:40  - Generating unique operation named: pageUsingPATCH_1
2018-10-01 12:56:17.427 INFO  springfox.documentation.spring.web.readers.operation.CachingOperationNameGenerator Line:40  - Generating unique operation named: pageUsingDELETE_1
2018-10-01 12:56:17.428 INFO  springfox.documentation.spring.web.readers.operation.CachingOperationNameGenerator Line:40  - Generating unique operation named: pageUsingOPTIONS_1
2018-10-01 12:56:17.430 INFO  springfox.documentation.spring.web.readers.operation.CachingOperationNameGenerator Line:40  - Generating unique operation named: pageUsingTRACE_1
2018-10-01 12:56:17.476 INFO  org.springframework.boot.web.embedded.tomcat.TomcatWebServer Line:206 - Tomcat started on port(s): 8000 (http) with context path '/seckill'
2018-10-01 12:56:17.480 INFO  com.itstyle.seckill.SeckillApplication Line:59  - Started SeckillApplication in 5.441 seconds (JVM running for 6.427)
2018-10-01 12:56:17.484 INFO  com.itstyle.seckill.SeckillApplication Line:15  - 项目启动
2018-10-01 12:56:21.411 INFO  org.apache.catalina.core.ContainerBase.[Tomcat].[localhost].[/seckill] Line:180 - Initializing Spring FrameworkServlet 'dispatcherServlet'
2018-10-01 12:56:21.411 INFO  org.springframework.web.servlet.DispatcherServlet Line:494 - FrameworkServlet 'dispatcherServlet': initialization started
2018-10-01 12:56:21.431 INFO  org.springframework.web.servlet.DispatcherServlet Line:509 - FrameworkServlet 'dispatcherServlet': initialization completed in 20 ms
2018-10-01 12:56:21.468 INFO  com.zaxxer.hikari.HikariDataSource Line:110 - HikariPool-1 - Starting...
2018-10-01 12:56:21.556 INFO  com.zaxxer.hikari.HikariDataSource Line:123 - HikariPool-1 - Start completed.
2018-10-01 15:23:12.215 INFO  com.itstyle.seckill.SeckillApplication Line:50  - Starting SeckillApplication on DESKTOP-JCQLQVG with PID 12052 (E:\ideaUI\seckill\target\classes started by 木本芽衣 in E:\ideaUI\seckill)
2018-10-01 15:23:12.228 INFO  com.itstyle.seckill.SeckillApplication Line:680 - No active profile set, falling back to default profiles: default
2018-10-01 15:23:12.410 INFO  org.springframework.boot.web.servlet.context.AnnotationConfigServletWebServerApplicationContext Line:590 - Refreshing org.springframework.boot.web.servlet.context.AnnotationConfigServletWebServerApplicationContext@47d9a273: startup date [Mon Oct 01 15:23:12 CST 2018]; root of context hierarchy
2018-10-01 15:23:13.435 INFO  org.springframework.data.repository.config.RepositoryConfigurationDelegate Line:172 - Multiple Spring Data modules found, entering strict repository configuration mode!
2018-10-01 15:23:13.852 INFO  org.springframework.context.support.PostProcessorRegistrationDelegate$BeanPostProcessorChecker Line:326 - Bean 'org.springframework.kafka.annotation.KafkaBootstrapConfiguration' of type [org.springframework.kafka.annotation.KafkaBootstrapConfiguration$$EnhancerBySpringCGLIB$$b8e6ba8] is not eligible for getting processed by all BeanPostProcessors (for example: not eligible for auto-proxying)
2018-10-01 15:23:13.884 INFO  org.springframework.context.support.PostProcessorRegistrationDelegate$BeanPostProcessorChecker Line:326 - Bean 'org.springframework.transaction.annotation.ProxyTransactionManagementConfiguration' of type [org.springframework.transaction.annotation.ProxyTransactionManagementConfiguration$$EnhancerBySpringCGLIB$$37dc5a25] is not eligible for getting processed by all BeanPostProcessors (for example: not eligible for auto-proxying)
2018-10-01 15:23:14.286 INFO  org.springframework.boot.web.embedded.tomcat.TomcatWebServer Line:91  - Tomcat initialized with port(s): 8000 (http)
2018-10-01 15:23:14.305 INFO  org.apache.catalina.core.StandardService Line:180 - Starting service [Tomcat]
2018-10-01 15:23:14.306 INFO  org.apache.catalina.core.StandardEngine Line:180 - Starting Servlet Engine: Apache Tomcat/8.5.34
2018-10-01 15:23:14.310 INFO  org.apache.catalina.core.AprLifecycleListener Line:180 - The APR based Apache Tomcat Native library which allows optimal performance in production environments was not found on the java.library.path: [C:\Program Files\Java\jdk1.8.0_172\bin;C:\WINDOWS\Sun\Java\bin;C:\WINDOWS\system32;C:\WINDOWS;C:\Program Files\Java\jdk1.8.0_172\bin;C:\Program Files\Java\jdk1.8.0_172\jre\bin;C:\Program Files\MySQL\MySQL Server 8.0\bin;%CATALINA_HOME%\bin;C:\WINDOWS\system32;C:\WINDOWS;C:\WINDOWS\System32\Wbem;C:\WINDOWS\System32\WindowsPowerShell\v1.0\;C:\Program Files (x86)\maven\apache-maven-3.3.9\bin;E:\git\Git\cmd;C:\Program Files\spring-boot-cli-2.0.4.RELEASE-bin\spring-2.0.4.RELEASE\bin;C:\Users\董晶\AppData\Local\Microsoft\WindowsApps;;.]
2018-10-01 15:23:14.444 INFO  org.apache.catalina.core.ContainerBase.[Tomcat].[localhost].[/seckill] Line:180 - Initializing Spring embedded WebApplicationContext
2018-10-01 15:23:14.445 INFO  org.springframework.web.context.ContextLoader Line:285 - Root WebApplicationContext: initialization completed in 2035 ms
2018-10-01 15:23:14.534 INFO  org.springframework.boot.web.servlet.ServletRegistrationBean Line:187 - Servlet dispatcherServlet mapped to [/]
2018-10-01 15:23:14.538 INFO  org.springframework.boot.web.servlet.FilterRegistrationBean Line:245 - Mapping filter: 'characterEncodingFilter' to: [/*]
2018-10-01 15:23:14.538 INFO  org.springframework.boot.web.servlet.FilterRegistrationBean Line:245 - Mapping filter: 'hiddenHttpMethodFilter' to: [/*]
2018-10-01 15:23:14.539 INFO  org.springframework.boot.web.servlet.FilterRegistrationBean Line:245 - Mapping filter: 'httpPutFormContentFilter' to: [/*]
2018-10-01 15:23:14.539 INFO  org.springframework.boot.web.servlet.FilterRegistrationBean Line:245 - Mapping filter: 'requestContextFilter' to: [/*]
2018-10-01 15:23:14.798 INFO  org.springframework.web.servlet.view.freemarker.FreeMarkerConfigurer Line:131 - ClassTemplateLoader for Spring macros added to FreeMarker configuration
2018-10-01 15:23:15.407 INFO  org.springframework.web.servlet.mvc.method.annotation.RequestMappingHandlerMapping Line:549 - Mapped "{[/createHtml/start],methods=[GET]}" onto public com.itstyle.seckill.pojo.Result com.itstyle.seckill.controller.CreateHtmlController.start()
2018-10-01 15:23:15.410 INFO  org.springframework.web.servlet.mvc.method.annotation.RequestMappingHandlerMapping Line:549 - Mapped "{[/{url}.shtml]}" onto public java.lang.String com.itstyle.seckill.controller.IndexController.page(java.lang.String)
2018-10-01 15:23:15.410 INFO  org.springframework.web.servlet.mvc.method.annotation.RequestMappingHandlerMapping Line:549 - Mapped "{[/{module}/{url}.shtml]}" onto public java.lang.String com.itstyle.seckill.controller.IndexController.page(java.lang.String,java.lang.String)
2018-10-01 15:23:15.412 INFO  org.springframework.web.servlet.mvc.method.annotation.RequestMappingHandlerMapping Line:549 - Mapped "{[/seckill/start],methods=[GET]}" onto public com.itstyle.seckill.pojo.Result com.itstyle.seckill.controller.SeckillController.start(java.lang.Long)
2018-10-01 15:23:15.413 INFO  org.springframework.web.servlet.mvc.method.annotation.RequestMappingHandlerMapping Line:549 - Mapped "{[/seckill/test],methods=[GET]}" onto public java.lang.String com.itstyle.seckill.controller.SeckillController.test()
2018-10-01 15:23:15.414 INFO  org.springframework.web.servlet.mvc.method.annotation.RequestMappingHandlerMapping Line:549 - Mapped "{[/seckillPage/list],methods=[GET]}" onto public com.itstyle.seckill.pojo.Result com.itstyle.seckill.controller.SeckillPageController.list()
2018-10-01 15:23:15.420 INFO  org.springframework.web.servlet.mvc.method.annotation.RequestMappingHandlerMapping Line:549 - Mapped "{[/swagger-resources/configuration/security]}" onto public org.springframework.http.ResponseEntity<springfox.documentation.swagger.web.SecurityConfiguration> springfox.documentation.swagger.web.ApiResourceController.securityConfiguration()
2018-10-01 15:23:15.421 INFO  org.springframework.web.servlet.mvc.method.annotation.RequestMappingHandlerMapping Line:549 - Mapped "{[/swagger-resources]}" onto public org.springframework.http.ResponseEntity<java.util.List<springfox.documentation.swagger.web.SwaggerResource>> springfox.documentation.swagger.web.ApiResourceController.swaggerResources()
2018-10-01 15:23:15.421 INFO  org.springframework.web.servlet.mvc.method.annotation.RequestMappingHandlerMapping Line:549 - Mapped "{[/swagger-resources/configuration/ui]}" onto public org.springframework.http.ResponseEntity<springfox.documentation.swagger.web.UiConfiguration> springfox.documentation.swagger.web.ApiResourceController.uiConfiguration()
2018-10-01 15:23:15.427 INFO  org.springframework.web.servlet.mvc.method.annotation.RequestMappingHandlerMapping Line:549 - Mapped "{[/error]}" onto public org.springframework.http.ResponseEntity<java.util.Map<java.lang.String, java.lang.Object>> org.springframework.boot.autoconfigure.web.servlet.error.BasicErrorController.error(javax.servlet.http.HttpServletRequest)
2018-10-01 15:23:15.428 INFO  org.springframework.web.servlet.mvc.method.annotation.RequestMappingHandlerMapping Line:549 - Mapped "{[/error],produces=[text/html]}" onto public org.springframework.web.servlet.ModelAndView org.springframework.boot.autoconfigure.web.servlet.error.BasicErrorController.errorHtml(javax.servlet.http.HttpServletRequest,javax.servlet.http.HttpServletResponse)
2018-10-01 15:23:15.562 INFO  springfox.documentation.spring.web.PropertySourcedRequestMappingHandlerMapping Line:69  - Mapped URL path [/v2/api-docs] onto method [public org.springframework.http.ResponseEntity<springfox.documentation.spring.web.json.Json> springfox.documentation.swagger2.web.Swagger2Controller.getDocumentation(java.lang.String,javax.servlet.http.HttpServletRequest)]
2018-10-01 15:23:15.676 INFO  org.springframework.web.servlet.handler.SimpleUrlHandlerMapping Line:373 - Mapped URL path [/**/favicon.ico] onto handler of type [class org.springframework.web.servlet.resource.ResourceHttpRequestHandler]
2018-10-01 15:23:15.866 INFO  org.springframework.web.servlet.mvc.method.annotation.RequestMappingHandlerAdapter Line:588 - Looking for @ControllerAdvice: org.springframework.boot.web.servlet.context.AnnotationConfigServletWebServerApplicationContext@47d9a273: startup date [Mon Oct 01 15:23:12 CST 2018]; root of context hierarchy
2018-10-01 15:23:15.903 INFO  org.springframework.web.servlet.handler.SimpleUrlHandlerMapping Line:360 - Root mapping to handler of type [class org.springframework.web.servlet.mvc.ParameterizableViewController]
2018-10-01 15:23:15.923 INFO  org.springframework.web.servlet.handler.SimpleUrlHandlerMapping Line:373 - Mapped URL path [/webjars/**] onto handler of type [class org.springframework.web.servlet.resource.ResourceHttpRequestHandler]
2018-10-01 15:23:15.923 INFO  org.springframework.web.servlet.handler.SimpleUrlHandlerMapping Line:373 - Mapped URL path [/**] onto handler of type [class org.springframework.web.servlet.resource.ResourceHttpRequestHandler]
2018-10-01 15:23:16.052 INFO  org.springframework.boot.autoconfigure.web.servlet.WelcomePageHandlerMapping Line:61  - Adding welcome page template: index
2018-10-01 15:23:16.080 INFO  tk.mybatis.mapper.autoconfigure.MapperCacheDisabler Line:60  - Clear tk.mybatis.mapper.util.MsUtil CLASS_CACHE cache.
2018-10-01 15:23:16.081 INFO  tk.mybatis.mapper.autoconfigure.MapperCacheDisabler Line:60  - Clear tk.mybatis.mapper.genid.GenIdUtil CACHE cache.
2018-10-01 15:23:16.082 INFO  tk.mybatis.mapper.autoconfigure.MapperCacheDisabler Line:60  - Clear tk.mybatis.mapper.version.VersionUtil CACHE cache.
2018-10-01 15:23:16.084 INFO  tk.mybatis.mapper.autoconfigure.MapperCacheDisabler Line:83  - Clear EntityHelper entityTableMap cache.
2018-10-01 15:23:16.641 INFO  org.springframework.jmx.export.annotation.AnnotationMBeanExporter Line:433 - Registering beans for JMX exposure on startup
2018-10-01 15:23:16.643 INFO  org.springframework.jmx.export.annotation.AnnotationMBeanExporter Line:895 - Bean with name 'dataSource' has been autodetected for JMX exposure
2018-10-01 15:23:16.652 INFO  org.springframework.jmx.export.annotation.AnnotationMBeanExporter Line:668 - Located MBean 'dataSource': registering with JMX server as MBean [com.zaxxer.hikari:name=dataSource,type=HikariDataSource]
2018-10-01 15:23:16.660 INFO  org.springframework.context.support.DefaultLifecycleProcessor Line:356 - Starting beans in phase 2147483547
2018-10-01 15:23:16.661 INFO  org.springframework.context.support.DefaultLifecycleProcessor Line:356 - Starting beans in phase 2147483647
2018-10-01 15:23:16.661 INFO  springfox.documentation.spring.web.plugins.DocumentationPluginsBootstrapper Line:160 - Context refreshed
2018-10-01 15:23:16.671 INFO  springfox.documentation.spring.web.plugins.DocumentationPluginsBootstrapper Line:163 - Found 1 custom documentation plugin(s)
2018-10-01 15:23:16.702 INFO  springfox.documentation.spring.web.scanners.ApiListingReferenceScanner Line:41  - Scanning for api listing references
2018-10-01 15:23:16.847 INFO  springfox.documentation.spring.web.readers.operation.CachingOperationNameGenerator Line:40  - Generating unique operation named: pageUsingGET_1
2018-10-01 15:23:16.851 INFO  springfox.documentation.spring.web.readers.operation.CachingOperationNameGenerator Line:40  - Generating unique operation named: pageUsingHEAD_1
2018-10-01 15:23:16.854 INFO  springfox.documentation.spring.web.readers.operation.CachingOperationNameGenerator Line:40  - Generating unique operation named: pageUsingPOST_1
2018-10-01 15:23:16.856 INFO  springfox.documentation.spring.web.readers.operation.CachingOperationNameGenerator Line:40  - Generating unique operation named: pageUsingPUT_1
2018-10-01 15:23:16.862 INFO  springfox.documentation.spring.web.readers.operation.CachingOperationNameGenerator Line:40  - Generating unique operation named: pageUsingPATCH_1
2018-10-01 15:23:16.866 INFO  springfox.documentation.spring.web.readers.operation.CachingOperationNameGenerator Line:40  - Generating unique operation named: pageUsingDELETE_1
2018-10-01 15:23:16.868 INFO  springfox.documentation.spring.web.readers.operation.CachingOperationNameGenerator Line:40  - Generating unique operation named: pageUsingOPTIONS_1
2018-10-01 15:23:16.874 INFO  springfox.documentation.spring.web.readers.operation.CachingOperationNameGenerator Line:40  - Generating unique operation named: pageUsingTRACE_1
2018-10-01 15:23:16.944 INFO  org.springframework.boot.web.embedded.tomcat.TomcatWebServer Line:206 - Tomcat started on port(s): 8000 (http) with context path '/seckill'
2018-10-01 15:23:16.951 INFO  com.itstyle.seckill.SeckillApplication Line:59  - Started SeckillApplication in 6.009 seconds (JVM running for 7.537)
2018-10-01 15:23:16.957 INFO  com.itstyle.seckill.SeckillApplication Line:15  - 项目启动
2018-10-01 15:23:24.906 INFO  org.apache.catalina.core.ContainerBase.[Tomcat].[localhost].[/seckill] Line:180 - Initializing Spring FrameworkServlet 'dispatcherServlet'
2018-10-01 15:23:24.906 INFO  org.springframework.web.servlet.DispatcherServlet Line:494 - FrameworkServlet 'dispatcherServlet': initialization started
2018-10-01 15:23:24.925 INFO  org.springframework.web.servlet.DispatcherServlet Line:509 - FrameworkServlet 'dispatcherServlet': initialization completed in 18 ms
2018-10-01 15:23:24.943 INFO  com.itstyle.seckill.controller.CreateHtmlController Line:27  - 生成秒杀活动静态页
2018-10-01 15:23:24.961 INFO  com.zaxxer.hikari.HikariDataSource Line:110 - HikariPool-1 - Starting...
2018-10-01 15:23:25.046 INFO  com.zaxxer.hikari.HikariDataSource Line:123 - HikariPool-1 - Start completed.
2018-10-01 15:28:33.556 INFO  com.itstyle.seckill.SeckillApplication Line:50  - Starting SeckillApplication on DESKTOP-JCQLQVG with PID 8440 (E:\ideaUI\seckill\target\classes started by 木本芽衣 in E:\ideaUI\seckill)
2018-10-01 15:28:33.638 INFO  com.itstyle.seckill.SeckillApplication Line:680 - No active profile set, falling back to default profiles: default
2018-10-01 15:28:33.721 INFO  org.springframework.boot.web.servlet.context.AnnotationConfigServletWebServerApplicationContext Line:590 - Refreshing org.springframework.boot.web.servlet.context.AnnotationConfigServletWebServerApplicationContext@47d9a273: startup date [Mon Oct 01 15:28:33 CST 2018]; root of context hierarchy
2018-10-01 15:28:34.863 INFO  org.springframework.data.repository.config.RepositoryConfigurationDelegate Line:172 - Multiple Spring Data modules found, entering strict repository configuration mode!
2018-10-01 15:28:35.273 INFO  org.springframework.context.support.PostProcessorRegistrationDelegate$BeanPostProcessorChecker Line:326 - Bean 'org.springframework.kafka.annotation.KafkaBootstrapConfiguration' of type [org.springframework.kafka.annotation.KafkaBootstrapConfiguration$$EnhancerBySpringCGLIB$$4b5e146f] is not eligible for getting processed by all BeanPostProcessors (for example: not eligible for auto-proxying)
2018-10-01 15:28:35.308 INFO  org.springframework.context.support.PostProcessorRegistrationDelegate$BeanPostProcessorChecker Line:326 - Bean 'org.springframework.transaction.annotation.ProxyTransactionManagementConfiguration' of type [org.springframework.transaction.annotation.ProxyTransactionManagementConfiguration$$EnhancerBySpringCGLIB$$77ac02ec] is not eligible for getting processed by all BeanPostProcessors (for example: not eligible for auto-proxying)
2018-10-01 15:28:35.676 INFO  org.springframework.boot.web.embedded.tomcat.TomcatWebServer Line:91  - Tomcat initialized with port(s): 8000 (http)
2018-10-01 15:28:35.695 INFO  org.apache.catalina.core.StandardService Line:180 - Starting service [Tomcat]
2018-10-01 15:28:35.696 INFO  org.apache.catalina.core.StandardEngine Line:180 - Starting Servlet Engine: Apache Tomcat/8.5.34
2018-10-01 15:28:35.700 INFO  org.apache.catalina.core.AprLifecycleListener Line:180 - The APR based Apache Tomcat Native library which allows optimal performance in production environments was not found on the java.library.path: [C:\Program Files\Java\jdk1.8.0_172\bin;C:\WINDOWS\Sun\Java\bin;C:\WINDOWS\system32;C:\WINDOWS;C:\Program Files\Java\jdk1.8.0_172\bin;C:\Program Files\Java\jdk1.8.0_172\jre\bin;C:\Program Files\MySQL\MySQL Server 8.0\bin;%CATALINA_HOME%\bin;C:\WINDOWS\system32;C:\WINDOWS;C:\WINDOWS\System32\Wbem;C:\WINDOWS\System32\WindowsPowerShell\v1.0\;C:\Program Files (x86)\maven\apache-maven-3.3.9\bin;E:\git\Git\cmd;C:\Program Files\spring-boot-cli-2.0.4.RELEASE-bin\spring-2.0.4.RELEASE\bin;C:\Users\董晶\AppData\Local\Microsoft\WindowsApps;;.]
2018-10-01 15:28:35.826 INFO  org.apache.catalina.core.ContainerBase.[Tomcat].[localhost].[/seckill] Line:180 - Initializing Spring embedded WebApplicationContext
2018-10-01 15:28:35.826 INFO  org.springframework.web.context.ContextLoader Line:285 - Root WebApplicationContext: initialization completed in 2106 ms
2018-10-01 15:28:35.896 INFO  org.springframework.boot.web.servlet.ServletRegistrationBean Line:187 - Servlet dispatcherServlet mapped to [/]
2018-10-01 15:28:35.902 INFO  org.springframework.boot.web.servlet.FilterRegistrationBean Line:245 - Mapping filter: 'characterEncodingFilter' to: [/*]
2018-10-01 15:28:35.903 INFO  org.springframework.boot.web.servlet.FilterRegistrationBean Line:245 - Mapping filter: 'hiddenHttpMethodFilter' to: [/*]
2018-10-01 15:28:35.903 INFO  org.springframework.boot.web.servlet.FilterRegistrationBean Line:245 - Mapping filter: 'httpPutFormContentFilter' to: [/*]
2018-10-01 15:28:35.903 INFO  org.springframework.boot.web.servlet.FilterRegistrationBean Line:245 - Mapping filter: 'requestContextFilter' to: [/*]
2018-10-01 15:28:36.115 INFO  org.springframework.web.servlet.view.freemarker.FreeMarkerConfigurer Line:131 - ClassTemplateLoader for Spring macros added to FreeMarker configuration
2018-10-01 15:28:36.763 INFO  org.springframework.web.servlet.mvc.method.annotation.RequestMappingHandlerMapping Line:549 - Mapped "{[/createHtml/start],methods=[GET]}" onto public com.itstyle.seckill.pojo.Result com.itstyle.seckill.controller.CreateHtmlController.start()
2018-10-01 15:28:36.766 INFO  org.springframework.web.servlet.mvc.method.annotation.RequestMappingHandlerMapping Line:549 - Mapped "{[/{url}.shtml]}" onto public java.lang.String com.itstyle.seckill.controller.IndexController.page(java.lang.String)
2018-10-01 15:28:36.767 INFO  org.springframework.web.servlet.mvc.method.annotation.RequestMappingHandlerMapping Line:549 - Mapped "{[/{module}/{url}.shtml]}" onto public java.lang.String com.itstyle.seckill.controller.IndexController.page(java.lang.String,java.lang.String)
2018-10-01 15:28:36.768 INFO  org.springframework.web.servlet.mvc.method.annotation.RequestMappingHandlerMapping Line:549 - Mapped "{[/seckill/start],methods=[GET]}" onto public com.itstyle.seckill.pojo.Result com.itstyle.seckill.controller.SeckillController.start(java.lang.Long)
2018-10-01 15:28:36.769 INFO  org.springframework.web.servlet.mvc.method.annotation.RequestMappingHandlerMapping Line:549 - Mapped "{[/seckill/test],methods=[GET]}" onto public java.lang.String com.itstyle.seckill.controller.SeckillController.test()
2018-10-01 15:28:36.771 INFO  org.springframework.web.servlet.mvc.method.annotation.RequestMappingHandlerMapping Line:549 - Mapped "{[/seckillPage/list],methods=[POST]}" onto public com.itstyle.seckill.pojo.Result com.itstyle.seckill.controller.SeckillPageController.list()
2018-10-01 15:28:36.777 INFO  org.springframework.web.servlet.mvc.method.annotation.RequestMappingHandlerMapping Line:549 - Mapped "{[/swagger-resources/configuration/security]}" onto public org.springframework.http.ResponseEntity<springfox.documentation.swagger.web.SecurityConfiguration> springfox.documentation.swagger.web.ApiResourceController.securityConfiguration()
2018-10-01 15:28:36.778 INFO  org.springframework.web.servlet.mvc.method.annotation.RequestMappingHandlerMapping Line:549 - Mapped "{[/swagger-resources]}" onto public org.springframework.http.ResponseEntity<java.util.List<springfox.documentation.swagger.web.SwaggerResource>> springfox.documentation.swagger.web.ApiResourceController.swaggerResources()
2018-10-01 15:28:36.779 INFO  org.springframework.web.servlet.mvc.method.annotation.RequestMappingHandlerMapping Line:549 - Mapped "{[/swagger-resources/configuration/ui]}" onto public org.springframework.http.ResponseEntity<springfox.documentation.swagger.web.UiConfiguration> springfox.documentation.swagger.web.ApiResourceController.uiConfiguration()
2018-10-01 15:28:36.784 INFO  org.springframework.web.servlet.mvc.method.annotation.RequestMappingHandlerMapping Line:549 - Mapped "{[/error]}" onto public org.springframework.http.ResponseEntity<java.util.Map<java.lang.String, java.lang.Object>> org.springframework.boot.autoconfigure.web.servlet.error.BasicErrorController.error(javax.servlet.http.HttpServletRequest)
2018-10-01 15:28:36.785 INFO  org.springframework.web.servlet.mvc.method.annotation.RequestMappingHandlerMapping Line:549 - Mapped "{[/error],produces=[text/html]}" onto public org.springframework.web.servlet.ModelAndView org.springframework.boot.autoconfigure.web.servlet.error.BasicErrorController.errorHtml(javax.servlet.http.HttpServletRequest,javax.servlet.http.HttpServletResponse)
2018-10-01 15:28:36.940 INFO  springfox.documentation.spring.web.PropertySourcedRequestMappingHandlerMapping Line:69  - Mapped URL path [/v2/api-docs] onto method [public org.springframework.http.ResponseEntity<springfox.documentation.spring.web.json.Json> springfox.documentation.swagger2.web.Swagger2Controller.getDocumentation(java.lang.String,javax.servlet.http.HttpServletRequest)]
2018-10-01 15:28:37.040 INFO  org.springframework.web.servlet.handler.SimpleUrlHandlerMapping Line:373 - Mapped URL path [/**/favicon.ico] onto handler of type [class org.springframework.web.servlet.resource.ResourceHttpRequestHandler]
2018-10-01 15:28:37.214 INFO  org.springframework.web.servlet.mvc.method.annotation.RequestMappingHandlerAdapter Line:588 - Looking for @ControllerAdvice: org.springframework.boot.web.servlet.context.AnnotationConfigServletWebServerApplicationContext@47d9a273: startup date [Mon Oct 01 15:28:33 CST 2018]; root of context hierarchy
2018-10-01 15:28:37.246 INFO  org.springframework.web.servlet.handler.SimpleUrlHandlerMapping Line:360 - Root mapping to handler of type [class org.springframework.web.servlet.mvc.ParameterizableViewController]
2018-10-01 15:28:37.263 INFO  org.springframework.web.servlet.handler.SimpleUrlHandlerMapping Line:373 - Mapped URL path [/webjars/**] onto handler of type [class org.springframework.web.servlet.resource.ResourceHttpRequestHandler]
2018-10-01 15:28:37.263 INFO  org.springframework.web.servlet.handler.SimpleUrlHandlerMapping Line:373 - Mapped URL path [/**] onto handler of type [class org.springframework.web.servlet.resource.ResourceHttpRequestHandler]
2018-10-01 15:28:37.390 INFO  org.springframework.boot.autoconfigure.web.servlet.WelcomePageHandlerMapping Line:61  - Adding welcome page template: index
2018-10-01 15:28:37.422 INFO  tk.mybatis.mapper.autoconfigure.MapperCacheDisabler Line:60  - Clear tk.mybatis.mapper.util.MsUtil CLASS_CACHE cache.
2018-10-01 15:28:37.422 INFO  tk.mybatis.mapper.autoconfigure.MapperCacheDisabler Line:60  - Clear tk.mybatis.mapper.genid.GenIdUtil CACHE cache.
2018-10-01 15:28:37.423 INFO  tk.mybatis.mapper.autoconfigure.MapperCacheDisabler Line:60  - Clear tk.mybatis.mapper.version.VersionUtil CACHE cache.
2018-10-01 15:28:37.425 INFO  tk.mybatis.mapper.autoconfigure.MapperCacheDisabler Line:83  - Clear EntityHelper entityTableMap cache.
2018-10-01 15:28:38.030 INFO  org.springframework.jmx.export.annotation.AnnotationMBeanExporter Line:433 - Registering beans for JMX exposure on startup
2018-10-01 15:28:38.033 INFO  org.springframework.jmx.export.annotation.AnnotationMBeanExporter Line:895 - Bean with name 'dataSource' has been autodetected for JMX exposure
2018-10-01 15:28:38.041 INFO  org.springframework.jmx.export.annotation.AnnotationMBeanExporter Line:668 - Located MBean 'dataSource': registering with JMX server as MBean [com.zaxxer.hikari:name=dataSource,type=HikariDataSource]
2018-10-01 15:28:38.049 INFO  org.springframework.context.support.DefaultLifecycleProcessor Line:356 - Starting beans in phase 2147483547
2018-10-01 15:28:38.049 INFO  org.springframework.context.support.DefaultLifecycleProcessor Line:356 - Starting beans in phase 2147483647
2018-10-01 15:28:38.050 INFO  springfox.documentation.spring.web.plugins.DocumentationPluginsBootstrapper Line:160 - Context refreshed
2018-10-01 15:28:38.062 INFO  springfox.documentation.spring.web.plugins.DocumentationPluginsBootstrapper Line:163 - Found 1 custom documentation plugin(s)
2018-10-01 15:28:38.091 INFO  springfox.documentation.spring.web.scanners.ApiListingReferenceScanner Line:41  - Scanning for api listing references
2018-10-01 15:28:38.228 INFO  springfox.documentation.spring.web.readers.operation.CachingOperationNameGenerator Line:40  - Generating unique operation named: pageUsingGET_1
2018-10-01 15:28:38.231 INFO  springfox.documentation.spring.web.readers.operation.CachingOperationNameGenerator Line:40  - Generating unique operation named: pageUsingHEAD_1
2018-10-01 15:28:38.234 INFO  springfox.documentation.spring.web.readers.operation.CachingOperationNameGenerator Line:40  - Generating unique operation named: pageUsingPOST_1
2018-10-01 15:28:38.237 INFO  springfox.documentation.spring.web.readers.operation.CachingOperationNameGenerator Line:40  - Generating unique operation named: pageUsingPUT_1
2018-10-01 15:28:38.239 INFO  springfox.documentation.spring.web.readers.operation.CachingOperationNameGenerator Line:40  - Generating unique operation named: pageUsingPATCH_1
2018-10-01 15:28:38.241 INFO  springfox.documentation.spring.web.readers.operation.CachingOperationNameGenerator Line:40  - Generating unique operation named: pageUsingDELETE_1
2018-10-01 15:28:38.243 INFO  springfox.documentation.spring.web.readers.operation.CachingOperationNameGenerator Line:40  - Generating unique operation named: pageUsingOPTIONS_1
2018-10-01 15:28:38.245 INFO  springfox.documentation.spring.web.readers.operation.CachingOperationNameGenerator Line:40  - Generating unique operation named: pageUsingTRACE_1
2018-10-01 15:28:38.307 INFO  org.springframework.boot.web.embedded.tomcat.TomcatWebServer Line:206 - Tomcat started on port(s): 8000 (http) with context path '/seckill'
2018-10-01 15:28:38.312 INFO  com.itstyle.seckill.SeckillApplication Line:59  - Started SeckillApplication in 5.623 seconds (JVM running for 6.656)
2018-10-01 15:28:38.315 INFO  com.itstyle.seckill.SeckillApplication Line:15  - 项目启动
2018-10-01 15:28:44.474 INFO  org.apache.catalina.core.ContainerBase.[Tomcat].[localhost].[/seckill] Line:180 - Initializing Spring FrameworkServlet 'dispatcherServlet'
2018-10-01 15:28:44.474 INFO  org.springframework.web.servlet.DispatcherServlet Line:494 - FrameworkServlet 'dispatcherServlet': initialization started
2018-10-01 15:28:44.494 INFO  org.springframework.web.servlet.DispatcherServlet Line:509 - FrameworkServlet 'dispatcherServlet': initialization completed in 19 ms
2018-10-01 15:28:50.541 INFO  com.zaxxer.hikari.HikariDataSource Line:110 - HikariPool-1 - Starting...
2018-10-01 15:28:50.656 INFO  com.zaxxer.hikari.HikariDataSource Line:123 - HikariPool-1 - Start completed.
